{"meta": {"format": 3, "version": "7.13.1", "timestamp": "2026-02-18T14:46:25.510789", "branch_coverage": false, "show_contexts": false}, "files": {"src/__init__.py": {"executed_lines": [9], "summary": {"covered_lines": 1, "num_statements": 1, "percent_covered": 100.0, "percent_covered_display": "100.00", "missing_lines": 0, "excluded_lines": 0, "percent_statements_covered": 100.0, "percent_statements_covered_display": "100.00"}, "missing_lines": [], "excluded_lines": [], "functions": {"": {"executed_lines": [9], "summary": {"covered_lines": 1, "num_statements": 1, "percent_covered": 100.0, "percent_covered_display": "100.00", "missing_lines": 0, "excluded_lines": 0, "percent_statements_covered": 100.0, "percent_statements_covered_display": "100.00"}, "missing_lines": [], "excluded_lines": [], "start_line": 1}}, "classes": {"": {"executed_lines": [9], "summary": {"covered_lines": 1, "num_statements": 1, "percent_covered": 100.0, "percent_covered_display": "100.00", "missing_lines": 0, "excluded_lines": 0, "percent_statements_covered": 100.0, "percent_statements_covered_display": "100.00"}, "missing_lines": [], "excluded_lines": [], "start_line": 1}}}, "src/core/agno_agent_framework/__init__.py": {"executed_lines": [9, 10, 26, 27, 35, 36, 37, 40, 41, 53], "summary": {"covered_lines": 10, "num_statements": 15, "percent_covered": 66.66666666666667, "percent_covered_display": "66.67", "missing_lines": 5, "excluded_lines": 0, "percent_statements_covered": 66.66666666666667, "percent_statements_covered_display": "66.67"}, "missing_lines": [47, 48, 49, 50, 51], "excluded_lines": [], "functions": {"": {"executed_lines": [9, 10, 26, 27, 35, 36, 37, 40, 41, 53], "summary": {"covered_lines": 10, "num_statements": 15, "percent_covered": 66.66666666666667, "percent_covered_display": "66.67", "missing_lines": 5, "excluded_lines": 0, "percent_statements_covered": 66.66666666666667, "percent_statements_covered_display": "66.67"}, "missing_lines": [47, 48, 49, 50, 51], "excluded_lines": [], "start_line": 1}}, "classes": {"": {"executed_lines": [9, 10, 26, 27, 35, 36, 37, 40, 41, 53], "summary": {"covered_lines": 10, "num_statements": 15, "percent_covered": 66.66666666666667, "percent_covered_display": "66.67", "missing_lines": 5, "excluded_lines": 0, "percent_statements_covered": 66.66666666666667, "percent_statements_covered_display": "66.67"}, "missing_lines": [47, 48, 49, 50, 51], "excluded_lines": [], "start_line": 1}}}, "src/core/agno_agent_framework/agent.py": {"executed_lines": [9, 10, 11, 12, 13, 16, 19, 20, 21, 26, 27, 30, 31, 38, 41, 42, 43, 44, 45, 48, 51, 52, 53, 56, 59, 60, 61, 62, 63, 64, 67, 70, 71, 72, 73, 74, 75, 78, 86, 87, 88, 89, 90, 91, 94, 95, 96, 99, 100, 103, 104, 105, 108, 109, 110, 111, 112, 115, 116, 117, 118, 121, 122, 125, 128, 129, 132, 133, 136, 139, 140, 141, 143, 144, 146, 160, 163, 165, 177, 178, 181, 182, 183, 185, 198, 199, 200, 202, 209, 220, 221, 228, 238, 239, 240, 241, 242, 243, 244, 245, 246, 247, 248, 249, 251, 252, 253, 254, 256, 269, 270, 272, 273, 274, 275, 276, 277, 278, 281, 282, 283, 284, 285, 286, 288, 290, 291, 292, 302, 313, 315, 316, 318, 319, 321, 322, 324, 325, 327, 338, 339, 342, 348, 358, 359, 362, 365, 366, 369, 370, 373, 375, 382, 383, 384, 386, 407, 408, 410, 411, 412, 413, 415, 418, 419, 420, 423, 424, 425, 428, 432, 453, 454, 455, 456, 458, 465, 486, 487, 488, 490, 491, 494, 506, 531, 532, 540, 542, 545, 555, 564, 565, 572, 597, 605, 606, 607, 609, 619, 620, 622, 624, 625, 626, 627, 631, 641, 642, 644, 645, 647, 648, 650, 651, 656, 658, 660, 670, 672, 673, 675, 677, 678, 680, 681, 686, 688, 690, 700, 701, 702, 704, 714, 715, 716, 718, 725, 726, 728, 729, 730, 731, 735, 742, 743, 744, 745, 747, 754, 755, 757, 758, 767, 768, 769, 770, 771, 773, 783, 784, 786, 787, 788, 790, 791, 793, 804, 805, 807, 809, 810, 811, 813, 814, 816, 818, 828, 829, 831, 832, 833, 836, 838, 850, 852, 855, 857, 858, 861, 862, 864, 865, 866, 868, 870, 891, 899, 912, 913, 915, 916, 917, 918, 920, 922, 932, 933, 934, 936, 938, 960, 962, 963, 975, 976, 977, 978, 979, 981, 991, 993, 1003, 1004, 1008, 1015, 1018, 1020, 1021, 1024, 1026, 1028, 1029, 1032, 1034, 1036, 1037, 1040, 1041, 1042, 1046, 1047, 1048, 1050, 1057, 1060, 1067, 1068, 1071, 1084, 1086, 1104, 1105, 1107, 1108, 1110, 1118, 1122, 1134, 1135, 1137, 1141, 1142, 1144, 1151, 1152, 1154, 1155, 1157, 1170, 1172, 1173, 1174, 1181, 1182, 1184, 1197, 1199, 1200, 1201, 1202, 1215, 1216, 1217, 1225, 1232, 1242, 1278, 1285, 1286, 1288, 1289, 1290, 1301, 1303, 1305, 1312, 1313, 1315, 1323, 1324, 1326, 1328, 1335, 1336, 1337, 1343, 1344, 1346, 1359, 1389, 1399, 1400, 1402, 1403, 1405, 1406, 1434, 1435, 1448, 1457, 1458, 1469, 1470, 1471, 1472, 1473, 1475, 1476, 1487, 1488, 1489, 1490, 1491, 1492, 1493, 1494, 1495, 1496, 1497, 1499, 1500, 1514, 1517, 1523, 1524, 1527, 1528, 1535, 1536, 1539, 1540, 1554, 1555, 1556, 1558, 1560, 1561, 1562, 1563, 1564, 1576, 1578, 1579, 1581, 1582, 1593, 1594, 1595, 1596, 1598, 1599, 1610, 1612, 1613, 1614, 1615, 1617, 1618, 1651, 1659, 1661, 1662, 1664, 1674, 1676, 1688, 1698, 1700, 1707, 1709, 1719, 1725, 1743, 1762, 1769, 1771, 1781, 1783, 1790], "summary": {"covered_lines": 499, "num_statements": 559, "percent_covered": 89.2665474060823, "percent_covered_display": "89.27", "missing_lines": 60, "excluded_lines": 0, "percent_statements_covered": 89.2665474060823, "percent_statements_covered_display": "89.27"}, "missing_lines": [32, 34, 35, 279, 280, 495, 504, 629, 853, 859, 961, 965, 967, 1058, 1061, 1175, 1176, 1209, 1210, 1255, 1257, 1258, 1260, 1261, 1264, 1265, 1268, 1271, 1272, 1273, 1276, 1419, 1420, 1422, 1423, 1424, 1430, 1431, 1432, 1515, 1525, 1537, 1635, 1637, 1638, 1639, 1641, 1642, 1643, 1644, 1645, 1646, 1648, 1686, 1739, 1740, 1741, 1758, 1759, 1760], "excluded_lines": [], "functions": {"Agent.add_capability": {"executed_lines": [160, 163], "summary": {"covered_lines": 2, "num_statements": 2, "percent_covered": 100.0, "percent_covered_display": "100.00", "missing_lines": 0, "excluded_lines": 0, "percent_statements_covered": 100.0, "percent_statements_covered_display": "100.00"}, "missing_lines": [], "excluded_lines": [], "start_line": 146}, "Agent.add_task": {"executed_lines": [177, 178, 181, 182, 183], "summary": {"covered_lines": 5, "num_statements": 5, "percent_covered": 100.0, "percent_covered_display": "100.00", "missing_lines": 0, "excluded_lines": 0, "percent_statements_covered": 100.0, "percent_statements_covered_display": "100.00"}, "missing_lines": [], "excluded_lines": [], "start_line": 165}, "Agent._validate_tenant_id": {"executed_lines": [198, 199, 200, 202], "summary": {"covered_lines": 4, "num_statements": 4, "percent_covered": 100.0, "percent_covered_display": "100.00", "missing_lines": 0, "excluded_lines": 0, "percent_statements_covered": 100.0, "percent_statements_covered_display": "100.00"}, "missing_lines": [], "excluded_lines": [], "start_line": 185}, "Agent._store_task_result_in_memory": {"executed_lines": [220, 221], "summary": {"covered_lines": 2, "num_statements": 2, "percent_covered": 100.0, "percent_covered_display": "100.00", "missing_lines": 0, "excluded_lines": 0, "percent_statements_covered": 100.0, "percent_statements_covered_display": "100.00"}, "missing_lines": [], "excluded_lines": [], "start_line": 209}, "Agent._build_error_suggestion": {"executed_lines": [238, 239, 240, 241, 242, 243, 244, 245, 246, 247, 248, 249, 251, 252, 253, 254], "summary": {"covered_lines": 16, "num_statements": 16, "percent_covered": 100.0, "percent_covered_display": "100.00", "missing_lines": 0, "excluded_lines": 0, "percent_statements_covered": 100.0, "percent_statements_covered_display": "100.00"}, "missing_lines": [], "excluded_lines": [], "start_line": 228}, "Agent._execute_with_retry": {"executed_lines": [269, 270, 272, 273, 274, 275, 276, 277, 278, 281, 282, 283, 284, 285, 286, 288, 290, 291, 292], "summary": {"covered_lines": 19, "num_statements": 21, "percent_covered": 90.47619047619048, "percent_covered_display": "90.48", "missing_lines": 2, "excluded_lines": 0, "percent_statements_covered": 90.47619047619048, "percent_statements_covered_display": "90.48"}, "missing_lines": [279, 280], "excluded_lines": [], "start_line": 256}, "Agent.execute_task": {"executed_lines": [313, 315, 316, 318, 319, 321, 322, 324, 325], "summary": {"covered_lines": 9, "num_statements": 9, "percent_covered": 100.0, "percent_covered_display": "100.00", "missing_lines": 0, "excluded_lines": 0, "percent_statements_covered": 100.0, "percent_statements_covered_display": "100.00"}, "missing_lines": [], "excluded_lines": [], "start_line": 302}, "Agent._execute_task_internal": {"executed_lines": [338, 339, 342], "summary": {"covered_lines": 3, "num_statements": 3, "percent_covered": 100.0, "percent_covered_display": "100.00", "missing_lines": 0, "excluded_lines": 0, "percent_statements_covered": 100.0, "percent_statements_covered_display": "100.00"}, "missing_lines": [], "excluded_lines": [], "start_line": 327}, "Agent._execute_llm_task": {"executed_lines": [358, 359, 362, 365, 366, 369, 370, 373], "summary": {"covered_lines": 8, "num_statements": 8, "percent_covered": 100.0, "percent_covered_display": "100.00", "missing_lines": 0, "excluded_lines": 0, "percent_statements_covered": 100.0, "percent_statements_covered_display": "100.00"}, "missing_lines": [], "excluded_lines": [], "start_line": 348}, "Agent._get_tools_schema": {"executed_lines": [382, 383, 384], "summary": {"covered_lines": 3, "num_statements": 3, "percent_covered": 100.0, "percent_covered_display": "100.00", "missing_lines": 0, "excluded_lines": 0, "percent_statements_covered": 100.0, "percent_statements_covered_display": "100.00"}, "missing_lines": [], "excluded_lines": [], "start_line": 375}, "Agent._tool_calling_loop": {"executed_lines": [407, 408, 410, 411, 412, 413, 415, 418, 419, 420, 423, 424, 425, 428], "summary": {"covered_lines": 14, "num_statements": 14, "percent_covered": 100.0, "percent_covered_display": "100.00", "missing_lines": 0, "excluded_lines": 0, "percent_statements_covered": 100.0, "percent_statements_covered_display": "100.00"}, "missing_lines": [], "excluded_lines": [], "start_line": 386}, "Agent._call_llm": {"executed_lines": [453, 454, 455, 456, 458], "summary": {"covered_lines": 5, "num_statements": 5, "percent_covered": 100.0, "percent_covered_display": "100.00", "missing_lines": 0, "excluded_lines": 0, "percent_statements_covered": 100.0, "percent_statements_covered_display": "100.00"}, "missing_lines": [], "excluded_lines": [], "start_line": 432}, "Agent._execute_function_calls": {"executed_lines": [486, 487, 488, 490, 491, 494], "summary": {"covered_lines": 6, "num_statements": 8, "percent_covered": 75.0, "percent_covered_display": "75.00", "missing_lines": 2, "excluded_lines": 0, "percent_statements_covered": 75.0, "percent_statements_covered_display": "75.00"}, "missing_lines": [495, 504], "excluded_lines": [], "start_line": 465}, "Agent._execute_single_tool": {"executed_lines": [531, 532, 540, 542, 545, 555, 564, 565], "summary": {"covered_lines": 8, "num_statements": 8, "percent_covered": 100.0, "percent_covered_display": "100.00", "missing_lines": 0, "excluded_lines": 0, "percent_statements_covered": 100.0, "percent_statements_covered_display": "100.00"}, "missing_lines": [], "excluded_lines": [], "start_line": 506}, "Agent._build_task_result": {"executed_lines": [597, 605, 606, 607], "summary": {"covered_lines": 4, "num_statements": 4, "percent_covered": 100.0, "percent_covered_display": "100.00", "missing_lines": 0, "excluded_lines": 0, "percent_statements_covered": 100.0, "percent_statements_covered_display": "100.00"}, "missing_lines": [], "excluded_lines": [], "start_line": 572}, "Agent._extract_function_calls": {"executed_lines": [619, 620, 622, 624, 625, 626, 627], "summary": {"covered_lines": 7, "num_statements": 8, "percent_covered": 87.5, "percent_covered_display": "87.50", "missing_lines": 1, "excluded_lines": 0, "percent_statements_covered": 87.5, "percent_statements_covered_display": "87.50"}, "missing_lines": [629], "excluded_lines": [], "start_line": 609}, "Agent._extract_from_dict_response": {"executed_lines": [641, 642, 644, 645, 647, 648, 650, 651, 656, 658], "summary": {"covered_lines": 10, "num_statements": 10, "percent_covered": 100.0, "percent_covered_display": "100.00", "missing_lines": 0, "excluded_lines": 0, "percent_statements_covered": 100.0, "percent_statements_covered_display": "100.00"}, "missing_lines": [], "excluded_lines": [], "start_line": 631}, "Agent._extract_from_litellm_response": {"executed_lines": [670, 672, 673, 675, 677, 678, 680, 681, 686, 688], "summary": {"covered_lines": 10, "num_statements": 10, "percent_covered": 100.0, "percent_covered_display": "100.00", "missing_lines": 0, "excluded_lines": 0, "percent_statements_covered": 100.0, "percent_statements_covered_display": "100.00"}, "missing_lines": [], "excluded_lines": [], "start_line": 660}, "Agent._get_tool_name": {"executed_lines": [700, 701, 702], "summary": {"covered_lines": 3, "num_statements": 3, "percent_covered": 100.0, "percent_covered_display": "100.00", "missing_lines": 0, "excluded_lines": 0, "percent_statements_covered": 100.0, "percent_statements_covered_display": "100.00"}, "missing_lines": [], "excluded_lines": [], "start_line": 690}, "Agent._get_tool_arguments": {"executed_lines": [714, 715, 716], "summary": {"covered_lines": 3, "num_statements": 3, "percent_covered": 100.0, "percent_covered_display": "100.00", "missing_lines": 0, "excluded_lines": 0, "percent_statements_covered": 100.0, "percent_statements_covered_display": "100.00"}, "missing_lines": [], "excluded_lines": [], "start_line": 704}, "Agent._initialize_prompt_manager": {"executed_lines": [725, 726, 728, 729, 730, 731], "summary": {"covered_lines": 6, "num_statements": 6, "percent_covered": 100.0, "percent_covered_display": "100.00", "missing_lines": 0, "excluded_lines": 0, "percent_statements_covered": 100.0, "percent_statements_covered_display": "100.00"}, "missing_lines": [], "excluded_lines": [], "start_line": 718}, "Agent._build_system_prompt_parts": {"executed_lines": [742, 743, 744, 745], "summary": {"covered_lines": 4, "num_statements": 4, "percent_covered": 100.0, "percent_covered_display": "100.00", "missing_lines": 0, "excluded_lines": 0, "percent_statements_covered": 100.0, "percent_statements_covered_display": "100.00"}, "missing_lines": [], "excluded_lines": [], "start_line": 735}, "Agent._build_role_prompt_part": {"executed_lines": [754, 755, 757, 758, 767, 768, 769, 770, 771], "summary": {"covered_lines": 9, "num_statements": 9, "percent_covered": 100.0, "percent_covered_display": "100.00", "missing_lines": 0, "excluded_lines": 0, "percent_statements_covered": 100.0, "percent_statements_covered_display": "100.00"}, "missing_lines": [], "excluded_lines": [], "start_line": 747}, "Agent._retrieve_memory_context": {"executed_lines": [783, 784, 786, 787, 788, 790, 791], "summary": {"covered_lines": 7, "num_statements": 7, "percent_covered": 100.0, "percent_covered_display": "100.00", "missing_lines": 0, "excluded_lines": 0, "percent_statements_covered": 100.0, "percent_statements_covered_display": "100.00"}, "missing_lines": [], "excluded_lines": [], "start_line": 773}, "Agent._build_context": {"executed_lines": [804, 805, 807, 809, 810, 811, 813, 814, 816], "summary": {"covered_lines": 9, "num_statements": 9, "percent_covered": 100.0, "percent_covered_display": "100.00", "missing_lines": 0, "excluded_lines": 0, "percent_statements_covered": 100.0, "percent_statements_covered_display": "100.00"}, "missing_lines": [], "excluded_lines": [], "start_line": 793}, "Agent._enforce_token_budget": {"executed_lines": [828, 829, 831, 832, 833, 836], "summary": {"covered_lines": 6, "num_statements": 6, "percent_covered": 100.0, "percent_covered_display": "100.00", "missing_lines": 0, "excluded_lines": 0, "percent_statements_covered": 100.0, "percent_statements_covered_display": "100.00"}, "missing_lines": [], "excluded_lines": [], "start_line": 818}, "Agent._build_prompt_with_context": {"executed_lines": [850, 852, 855, 857, 858, 861, 862, 864, 865, 866, 868], "summary": {"covered_lines": 11, "num_statements": 13, "percent_covered": 84.61538461538461, "percent_covered_display": "84.62", "missing_lines": 2, "excluded_lines": 0, "percent_statements_covered": 84.61538461538461, "percent_statements_covered_display": "84.62"}, "missing_lines": [853, 859], "excluded_lines": [], "start_line": 838}, "Agent.attach_memory": {"executed_lines": [891], "summary": {"covered_lines": 1, "num_statements": 1, "percent_covered": 100.0, "percent_covered_display": "100.00", "missing_lines": 0, "excluded_lines": 0, "percent_statements_covered": 100.0, "percent_statements_covered_display": "100.00"}, "missing_lines": [], "excluded_lines": [], "start_line": 870}, "Agent.attach_tools": {"executed_lines": [912, 913, 915, 916, 917, 918, 920], "summary": {"covered_lines": 7, "num_statements": 7, "percent_covered": 100.0, "percent_covered_display": "100.00", "missing_lines": 0, "excluded_lines": 0, "percent_statements_covered": 100.0, "percent_statements_covered_display": "100.00"}, "missing_lines": [], "excluded_lines": [], "start_line": 899}, "Agent.add_tool": {"executed_lines": [932, 933, 934, 936], "summary": {"covered_lines": 4, "num_statements": 4, "percent_covered": 100.0, "percent_covered_display": "100.00", "missing_lines": 0, "excluded_lines": 0, "percent_statements_covered": 100.0, "percent_statements_covered_display": "100.00"}, "missing_lines": [], "excluded_lines": [], "start_line": 922}, "Agent.attach_prompt_manager": {"executed_lines": [960, 962, 963, 975, 976, 977, 978, 979], "summary": {"covered_lines": 8, "num_statements": 11, "percent_covered": 72.72727272727273, "percent_covered_display": "72.73", "missing_lines": 3, "excluded_lines": 0, "percent_statements_covered": 72.72727272727273, "percent_statements_covered_display": "72.73"}, "missing_lines": [961, 965, 967], "excluded_lines": [], "start_line": 938}, "Agent.set_system_prompt": {"executed_lines": [991], "summary": {"covered_lines": 1, "num_statements": 1, "percent_covered": 100.0, "percent_covered_display": "100.00", "missing_lines": 0, "excluded_lines": 0, "percent_statements_covered": 100.0, "percent_statements_covered_display": "100.00"}, "missing_lines": [], "excluded_lines": [], "start_line": 981}, "Agent.attach_circuit_breaker": {"executed_lines": [1003, 1004], "summary": {"covered_lines": 2, "num_statements": 2, "percent_covered": 100.0, "percent_covered_display": "100.00", "missing_lines": 0, "excluded_lines": 0, "percent_statements_covered": 100.0, "percent_statements_covered_display": "100.00"}, "missing_lines": [], "excluded_lines": [], "start_line": 993}, "Agent.attach_health_check": {"executed_lines": [1015, 1018, 1026, 1034, 1046, 1047, 1048], "summary": {"covered_lines": 7, "num_statements": 7, "percent_covered": 100.0, "percent_covered_display": "100.00", "missing_lines": 0, "excluded_lines": 0, "percent_statements_covered": 100.0, "percent_statements_covered_display": "100.00"}, "missing_lines": [], "excluded_lines": [], "start_line": 1008}, "Agent.attach_health_check.check_gateway_health": {"executed_lines": [1020, 1021, 1024], "summary": {"covered_lines": 3, "num_statements": 3, "percent_covered": 100.0, "percent_covered_display": "100.00", "missing_lines": 0, "excluded_lines": 0, "percent_statements_covered": 100.0, "percent_statements_covered_display": "100.00"}, "missing_lines": [], "excluded_lines": [], "start_line": 1018}, "Agent.attach_health_check.check_memory_health": {"executed_lines": [1028, 1029, 1032], "summary": {"covered_lines": 3, "num_statements": 3, "percent_covered": 100.0, "percent_covered_display": "100.00", "missing_lines": 0, "excluded_lines": 0, "percent_statements_covered": 100.0, "percent_statements_covered_display": "100.00"}, "missing_lines": [], "excluded_lines": [], "start_line": 1026}, "Agent.attach_health_check.check_status_health": {"executed_lines": [1036, 1037, 1040, 1041, 1042], "summary": {"covered_lines": 5, "num_statements": 5, "percent_covered": 100.0, "percent_covered_display": "100.00", "missing_lines": 0, "excluded_lines": 0, "percent_statements_covered": 100.0, "percent_statements_covered_display": "100.00"}, "missing_lines": [], "excluded_lines": [], "start_line": 1034}, "Agent.get_health": {"executed_lines": [1057, 1060, 1067, 1068, 1071, 1084], "summary": {"covered_lines": 6, "num_statements": 8, "percent_covered": 75.0, "percent_covered_display": "75.00", "missing_lines": 2, "excluded_lines": 0, "percent_statements_covered": 75.0, "percent_statements_covered_display": "75.00"}, "missing_lines": [1058, 1061], "excluded_lines": [], "start_line": 1050}, "Agent.add_prompt_template": {"executed_lines": [1104, 1105, 1107, 1108, 1110, 1118], "summary": {"covered_lines": 6, "num_statements": 6, "percent_covered": 100.0, "percent_covered_display": "100.00", "missing_lines": 0, "excluded_lines": 0, "percent_statements_covered": 100.0, "percent_statements_covered_display": "100.00"}, "missing_lines": [], "excluded_lines": [], "start_line": 1086}, "Agent.send_message": {"executed_lines": [1134, 1135, 1137, 1141, 1142], "summary": {"covered_lines": 5, "num_statements": 5, "percent_covered": 100.0, "percent_covered_display": "100.00", "missing_lines": 0, "excluded_lines": 0, "percent_statements_covered": 100.0, "percent_statements_covered_display": "100.00"}, "missing_lines": [], "excluded_lines": [], "start_line": 1122}, "Agent.receive_message": {"executed_lines": [1151, 1152, 1154, 1155], "summary": {"covered_lines": 4, "num_statements": 4, "percent_covered": 100.0, "percent_covered_display": "100.00", "missing_lines": 0, "excluded_lines": 0, "percent_statements_covered": 100.0, "percent_statements_covered_display": "100.00"}, "missing_lines": [], "excluded_lines": [], "start_line": 1144}, "Agent.encode_message": {"executed_lines": [1170, 1172, 1173, 1174, 1181, 1182], "summary": {"covered_lines": 6, "num_statements": 8, "percent_covered": 75.0, "percent_covered_display": "75.00", "missing_lines": 2, "excluded_lines": 0, "percent_statements_covered": 75.0, "percent_statements_covered_display": "75.00"}, "missing_lines": [1175, 1176], "excluded_lines": [], "start_line": 1157}, "Agent.decode_message": {"executed_lines": [1197, 1199, 1200, 1201, 1202, 1215, 1216, 1217], "summary": {"covered_lines": 8, "num_statements": 10, "percent_covered": 80.0, "percent_covered_display": "80.00", "missing_lines": 2, "excluded_lines": 0, "percent_statements_covered": 80.0, "percent_statements_covered_display": "80.00"}, "missing_lines": [1209, 1210], "excluded_lines": [], "start_line": 1184}, "Agent.get_status": {"executed_lines": [1232], "summary": {"covered_lines": 1, "num_statements": 1, "percent_covered": 100.0, "percent_covered_display": "100.00", "missing_lines": 0, "excluded_lines": 0, "percent_statements_covered": 100.0, "percent_statements_covered_display": "100.00"}, "missing_lines": [], "excluded_lines": [], "start_line": 1225}, "Agent.save_state": {"executed_lines": [], "summary": {"covered_lines": 0, "num_statements": 12, "percent_covered": 0.0, "percent_covered_display": "0.00", "missing_lines": 12, "excluded_lines": 0, "percent_statements_covered": 0.0, "percent_statements_covered_display": "0.00"}, "missing_lines": [1255, 1257, 1258, 1260, 1261, 1264, 1265, 1268, 1271, 1272, 1273, 1276], "excluded_lines": [], "start_line": 1242}, "Agent._serialize_tools": {"executed_lines": [1285, 1286, 1288, 1289, 1290, 1301, 1303], "summary": {"covered_lines": 7, "num_statements": 7, "percent_covered": 100.0, "percent_covered_display": "100.00", "missing_lines": 0, "excluded_lines": 0, "percent_statements_covered": 100.0, "percent_statements_covered_display": "100.00"}, "missing_lines": [], "excluded_lines": [], "start_line": 1278}, "Agent._serialize_prompt_manager": {"executed_lines": [1312, 1313, 1315, 1323, 1324, 1326], "summary": {"covered_lines": 6, "num_statements": 6, "percent_covered": 100.0, "percent_covered_display": "100.00", "missing_lines": 0, "excluded_lines": 0, "percent_statements_covered": 100.0, "percent_statements_covered_display": "100.00"}, "missing_lines": [], "excluded_lines": [], "start_line": 1305}, "Agent._serialize_templates": {"executed_lines": [1335, 1336, 1337, 1343, 1344], "summary": {"covered_lines": 5, "num_statements": 5, "percent_covered": 100.0, "percent_covered_display": "100.00", "missing_lines": 0, "excluded_lines": 0, "percent_statements_covered": 100.0, "percent_statements_covered_display": "100.00"}, "missing_lines": [], "excluded_lines": [], "start_line": 1328}, "Agent._build_state_dict": {"executed_lines": [1359], "summary": {"covered_lines": 1, "num_statements": 1, "percent_covered": 100.0, "percent_covered_display": "100.00", "missing_lines": 0, "excluded_lines": 0, "percent_statements_covered": 100.0, "percent_statements_covered_display": "100.00"}, "missing_lines": [], "excluded_lines": [], "start_line": 1346}, "Agent._save_prompt_history": {"executed_lines": [1399, 1400, 1402, 1403], "summary": {"covered_lines": 4, "num_statements": 4, "percent_covered": 100.0, "percent_covered_display": "100.00", "missing_lines": 0, "excluded_lines": 0, "percent_statements_covered": 100.0, "percent_statements_covered_display": "100.00"}, "missing_lines": [], "excluded_lines": [], "start_line": 1389}, "Agent._load_state_file": {"executed_lines": [], "summary": {"covered_lines": 0, "num_statements": 8, "percent_covered": 0.0, "percent_covered_display": "0.00", "missing_lines": 8, "excluded_lines": 0, "percent_statements_covered": 0.0, "percent_statements_covered_display": "0.00"}, "missing_lines": [1419, 1420, 1422, 1423, 1424, 1430, 1431, 1432], "excluded_lines": [], "start_line": 1406}, "Agent._create_agent_from_state": {"executed_lines": [1448], "summary": {"covered_lines": 1, "num_statements": 1, "percent_covered": 100.0, "percent_covered_display": "100.00", "missing_lines": 0, "excluded_lines": 0, "percent_statements_covered": 100.0, "percent_statements_covered_display": "100.00"}, "missing_lines": [], "excluded_lines": [], "start_line": 1435}, "Agent._restore_basic_state": {"executed_lines": [1469, 1470, 1471, 1472, 1473], "summary": {"covered_lines": 5, "num_statements": 5, "percent_covered": 100.0, "percent_covered_display": "100.00", "missing_lines": 0, "excluded_lines": 0, "percent_statements_covered": 100.0, "percent_statements_covered_display": "100.00"}, "missing_lines": [], "excluded_lines": [], "start_line": 1458}, "Agent._restore_configuration": {"executed_lines": [1487, 1488, 1489, 1490, 1491, 1492, 1493, 1494, 1495, 1496, 1497], "summary": {"covered_lines": 11, "num_statements": 11, "percent_covered": 100.0, "percent_covered_display": "100.00", "missing_lines": 0, "excluded_lines": 0, "percent_statements_covered": 100.0, "percent_statements_covered_display": "100.00"}, "missing_lines": [], "excluded_lines": [], "start_line": 1476}, "Agent._restore_prompt_manager": {"executed_lines": [1514, 1517, 1523, 1524, 1527, 1528, 1535, 1536], "summary": {"covered_lines": 8, "num_statements": 11, "percent_covered": 72.72727272727273, "percent_covered_display": "72.73", "missing_lines": 3, "excluded_lines": 0, "percent_statements_covered": 72.72727272727273, "percent_statements_covered_display": "72.73"}, "missing_lines": [1515, 1525, 1537], "excluded_lines": [], "start_line": 1500}, "Agent._restore_tools": {"executed_lines": [1554, 1555, 1556, 1558, 1560, 1561, 1562, 1563, 1564, 1576, 1578, 1579], "summary": {"covered_lines": 12, "num_statements": 12, "percent_covered": 100.0, "percent_covered_display": "100.00", "missing_lines": 0, "excluded_lines": 0, "percent_statements_covered": 100.0, "percent_statements_covered_display": "100.00"}, "missing_lines": [], "excluded_lines": [], "start_line": 1540}, "Agent._restore_memory": {"executed_lines": [1593, 1594, 1595, 1596], "summary": {"covered_lines": 4, "num_statements": 4, "percent_covered": 100.0, "percent_covered_display": "100.00", "missing_lines": 0, "excluded_lines": 0, "percent_statements_covered": 100.0, "percent_statements_covered_display": "100.00"}, "missing_lines": [], "excluded_lines": [], "start_line": 1582}, "Agent._restore_timestamps": {"executed_lines": [1610, 1612, 1613, 1614, 1615], "summary": {"covered_lines": 5, "num_statements": 5, "percent_covered": 100.0, "percent_covered_display": "100.00", "missing_lines": 0, "excluded_lines": 0, "percent_statements_covered": 100.0, "percent_statements_covered_display": "100.00"}, "missing_lines": [], "excluded_lines": [], "start_line": 1599}, "Agent.load_state": {"executed_lines": [], "summary": {"covered_lines": 0, "num_statements": 11, "percent_covered": 0.0, "percent_covered_display": "0.00", "missing_lines": 11, "excluded_lines": 0, "percent_statements_covered": 0.0, "percent_statements_covered_display": "0.00"}, "missing_lines": [1635, 1637, 1638, 1639, 1641, 1642, 1643, 1644, 1645, 1646, 1648], "excluded_lines": [], "start_line": 1618}, "AgentManager.__init__": {"executed_lines": [1661, 1662], "summary": {"covered_lines": 2, "num_statements": 2, "percent_covered": 100.0, "percent_covered_display": "100.00", "missing_lines": 0, "excluded_lines": 0, "percent_statements_covered": 100.0, "percent_statements_covered_display": "100.00"}, "missing_lines": [], "excluded_lines": [], "start_line": 1659}, "AgentManager.register_agent": {"executed_lines": [1674], "summary": {"covered_lines": 1, "num_statements": 1, "percent_covered": 100.0, "percent_covered_display": "100.00", "missing_lines": 0, "excluded_lines": 0, "percent_statements_covered": 100.0, "percent_statements_covered_display": "100.00"}, "missing_lines": [], "excluded_lines": [], "start_line": 1664}, "AgentManager.unregister_agent": {"executed_lines": [], "summary": {"covered_lines": 0, "num_statements": 1, "percent_covered": 0.0, "percent_covered_display": "0.00", "missing_lines": 1, "excluded_lines": 0, "percent_statements_covered": 0.0, "percent_statements_covered_display": "0.00"}, "missing_lines": [1686], "excluded_lines": [], "start_line": 1676}, "AgentManager.get_agent": {"executed_lines": [1698], "summary": {"covered_lines": 1, "num_statements": 1, "percent_covered": 100.0, "percent_covered_display": "100.00", "missing_lines": 0, "excluded_lines": 0, "percent_statements_covered": 100.0, "percent_statements_covered_display": "100.00"}, "missing_lines": [], "excluded_lines": [], "start_line": 1688}, "AgentManager.list_agents": {"executed_lines": [1707], "summary": {"covered_lines": 1, "num_statements": 1, "percent_covered": 100.0, "percent_covered_display": "100.00", "missing_lines": 0, "excluded_lines": 0, "percent_statements_covered": 100.0, "percent_statements_covered_display": "100.00"}, "missing_lines": [], "excluded_lines": [], "start_line": 1700}, "AgentManager.find_agents_by_capability": {"executed_lines": [1719], "summary": {"covered_lines": 1, "num_statements": 1, "percent_covered": 100.0, "percent_covered_display": "100.00", "missing_lines": 0, "excluded_lines": 0, "percent_statements_covered": 100.0, "percent_statements_covered_display": "100.00"}, "missing_lines": [], "excluded_lines": [], "start_line": 1709}, "AgentManager.broadcast_message": {"executed_lines": [], "summary": {"covered_lines": 0, "num_statements": 3, "percent_covered": 0.0, "percent_covered_display": "0.00", "missing_lines": 3, "excluded_lines": 0, "percent_statements_covered": 0.0, "percent_statements_covered_display": "0.00"}, "missing_lines": [1739, 1740, 1741], "excluded_lines": [], "start_line": 1725}, "AgentManager.send_message_to_agent": {"executed_lines": [], "summary": {"covered_lines": 0, "num_statements": 3, "percent_covered": 0.0, "percent_covered_display": "0.00", "missing_lines": 3, "excluded_lines": 0, "percent_statements_covered": 0.0, "percent_statements_covered_display": "0.00"}, "missing_lines": [1758, 1759, 1760], "excluded_lines": [], "start_line": 1743}, "AgentManager.get_agent_statuses": {"executed_lines": [1769], "summary": {"covered_lines": 1, "num_statements": 1, "percent_covered": 100.0, "percent_covered_display": "100.00", "missing_lines": 0, "excluded_lines": 0, "percent_statements_covered": 100.0, "percent_statements_covered_display": "100.00"}, "missing_lines": [], "excluded_lines": [], "start_line": 1762}, "AgentManager.attach_orchestrator": {"executed_lines": [1781], "summary": {"covered_lines": 1, "num_statements": 1, "percent_covered": 100.0, "percent_covered_display": "100.00", "missing_lines": 0, "excluded_lines": 0, "percent_statements_covered": 100.0, "percent_statements_covered_display": "100.00"}, "missing_lines": [], "excluded_lines": [], "start_line": 1771}, "AgentManager.get_orchestrator": {"executed_lines": [1790], "summary": {"covered_lines": 1, "num_statements": 1, "percent_covered": 100.0, "percent_covered_display": "100.00", "missing_lines": 0, "excluded_lines": 0, "percent_statements_covered": 100.0, "percent_statements_covered_display": "100.00"}, "missing_lines": [], "excluded_lines": [], "start_line": 1783}, "": {"executed_lines": [9, 10, 11, 12, 13, 16, 19, 20, 21, 26, 27, 30, 31, 38, 41, 42, 43, 44, 45, 48, 51, 52, 53, 56, 59, 60, 61, 62, 63, 64, 67, 70, 71, 72, 73, 74, 75, 78, 86, 87, 88, 89, 90, 91, 94, 95, 96, 99, 100, 103, 104, 105, 108, 109, 110, 111, 112, 115, 116, 117, 118, 121, 122, 125, 128, 129, 132, 133, 136, 139, 140, 141, 143, 144, 146, 165, 185, 209, 228, 256, 302, 327, 348, 375, 386, 432, 465, 506, 572, 609, 631, 660, 690, 704, 718, 735, 747, 773, 793, 818, 838, 870, 899, 922, 938, 981, 993, 1008, 1050, 1086, 1122, 1144, 1157, 1184, 1225, 1242, 1278, 1305, 1328, 1346, 1389, 1405, 1406, 1434, 1435, 1457, 1458, 1475, 1476, 1499, 1500, 1539, 1540, 1581, 1582, 1598, 1599, 1617, 1618, 1651, 1659, 1664, 1676, 1688, 1700, 1709, 1725, 1743, 1762, 1771, 1783], "summary": {"covered_lines": 151, "num_statements": 154, "percent_covered": 98.05194805194805, "percent_covered_display": "98.05", "missing_lines": 3, "excluded_lines": 0, "percent_statements_covered": 98.05194805194805, "percent_statements_covered_display": "98.05"}, "missing_lines": [32, 34, 35], "excluded_lines": [], "start_line": 1}}, "classes": {"AgentStatus": {"executed_lines": [], "summary": {"covered_lines": 0, "num_statements": 0, "percent_covered": 100.0, "percent_covered_display": "100.00", "missing_lines": 0, "excluded_lines": 0, "percent_statements_covered": 100.0, "percent_statements_covered_display": "100.00"}, "missing_lines": [], "excluded_lines": [], "start_line": 38}, "AgentCapability": {"executed_lines": [], "summary": {"covered_lines": 0, "num_statements": 0, "percent_covered": 100.0, "percent_covered_display": "100.00", "missing_lines": 0, "excluded_lines": 0, "percent_statements_covered": 100.0, "percent_statements_covered_display": "100.00"}, "missing_lines": [], "excluded_lines": [], "start_line": 48}, "AgentMessage": {"executed_lines": [], "summary": {"covered_lines": 0, "num_statements": 0, "percent_covered": 100.0, "percent_covered_display": "100.00", "missing_lines": 0, "excluded_lines": 0, "percent_statements_covered": 100.0, "percent_statements_covered_display": "100.00"}, "missing_lines": [], "excluded_lines": [], "start_line": 56}, "AgentTask": {"executed_lines": [], "summary": {"covered_lines": 0, "num_statements": 0, "percent_covered": 100.0, "percent_covered_display": "100.00", "missing_lines": 0, "excluded_lines": 0, "percent_statements_covered": 100.0, "percent_statements_covered_display": "100.00"}, "missing_lines": [], "excluded_lines": [], "start_line": 67}, "Agent": {"executed_lines": [160, 163, 177, 178, 181, 182, 183, 198, 199, 200, 202, 220, 221, 238, 239, 240, 241, 242, 243, 244, 245, 246, 247, 248, 249, 251, 252, 253, 254, 269, 270, 272, 273, 274, 275, 276, 277, 278, 281, 282, 283, 284, 285, 286, 288, 290, 291, 292, 313, 315, 316, 318, 319, 321, 322, 324, 325, 338, 339, 342, 358, 359, 362, 365, 366, 369, 370, 373, 382, 383, 384, 407, 408, 410, 411, 412, 413, 415, 418, 419, 420, 423, 424, 425, 428, 453, 454, 455, 456, 458, 486, 487, 488, 490, 491, 494, 531, 532, 540, 542, 545, 555, 564, 565, 597, 605, 606, 607, 619, 620, 622, 624, 625, 626, 627, 641, 642, 644, 645, 647, 648, 650, 651, 656, 658, 670, 672, 673, 675, 677, 678, 680, 681, 686, 688, 700, 701, 702, 714, 715, 716, 725, 726, 728, 729, 730, 731, 742, 743, 744, 745, 754, 755, 757, 758, 767, 768, 769, 770, 771, 783, 784, 786, 787, 788, 790, 791, 804, 805, 807, 809, 810, 811, 813, 814, 816, 828, 829, 831, 832, 833, 836, 850, 852, 855, 857, 858, 861, 862, 864, 865, 866, 868, 891, 912, 913, 915, 916, 917, 918, 920, 932, 933, 934, 936, 960, 962, 963, 975, 976, 977, 978, 979, 991, 1003, 1004, 1015, 1018, 1020, 1021, 1024, 1026, 1028, 1029, 1032, 1034, 1036, 1037, 1040, 1041, 1042, 1046, 1047, 1048, 1057, 1060, 1067, 1068, 1071, 1084, 1104, 1105, 1107, 1108, 1110, 1118, 1134, 1135, 1137, 1141, 1142, 1151, 1152, 1154, 1155, 1170, 1172, 1173, 1174, 1181, 1182, 1197, 1199, 1200, 1201, 1202, 1215, 1216, 1217, 1232, 1285, 1286, 1288, 1289, 1290, 1301, 1303, 1312, 1313, 1315, 1323, 1324, 1326, 1335, 1336, 1337, 1343, 1344, 1359, 1399, 1400, 1402, 1403, 1448, 1469, 1470, 1471, 1472, 1473, 1487, 1488, 1489, 1490, 1491, 1492, 1493, 1494, 1495, 1496, 1497, 1514, 1517, 1523, 1524, 1527, 1528, 1535, 1536, 1554, 1555, 1556, 1558, 1560, 1561, 1562, 1563, 1564, 1576, 1578, 1579, 1593, 1594, 1595, 1596, 1610, 1612, 1613, 1614, 1615], "summary": {"covered_lines": 339, "num_statements": 389, "percent_covered": 87.14652956298201, "percent_covered_display": "87.15", "missing_lines": 50, "excluded_lines": 0, "percent_statements_covered": 87.14652956298201, "percent_statements_covered_display": "87.15"}, "missing_lines": [279, 280, 495, 504, 629, 853, 859, 961, 965, 967, 1058, 1061, 1175, 1176, 1209, 1210, 1255, 1257, 1258, 1260, 1261, 1264, 1265, 1268, 1271, 1272, 1273, 1276, 1419, 1420, 1422, 1423, 1424, 1430, 1431, 1432, 1515, 1525, 1537, 1635, 1637, 1638, 1639, 1641, 1642, 1643, 1644, 1645, 1646, 1648], "excluded_lines": [], "start_line": 78}, "Agent.Config": {"executed_lines": [], "summary": {"covered_lines": 0, "num_statements": 0, "percent_covered": 100.0, "percent_covered_display": "100.00", "missing_lines": 0, "excluded_lines": 0, "percent_statements_covered": 100.0, "percent_statements_covered_display": "100.00"}, "missing_lines": [], "excluded_lines": [], "start_line": 143}, "AgentManager": {"executed_lines": [1661, 1662, 1674, 1698, 1707, 1719, 1769, 1781, 1790], "summary": {"covered_lines": 9, "num_statements": 16, "percent_covered": 56.25, "percent_covered_display": "56.25", "missing_lines": 7, "excluded_lines": 0, "percent_statements_covered": 56.25, "percent_statements_covered_display": "56.25"}, "missing_lines": [1686, 1739, 1740, 1741, 1758, 1759, 1760], "excluded_lines": [], "start_line": 1651}, "": {"executed_lines": [9, 10, 11, 12, 13, 16, 19, 20, 21, 26, 27, 30, 31, 38, 41, 42, 43, 44, 45, 48, 51, 52, 53, 56, 59, 60, 61, 62, 63, 64, 67, 70, 71, 72, 73, 74, 75, 78, 86, 87, 88, 89, 90, 91, 94, 95, 96, 99, 100, 103, 104, 105, 108, 109, 110, 111, 112, 115, 116, 117, 118, 121, 122, 125, 128, 129, 132, 133, 136, 139, 140, 141, 143, 144, 146, 165, 185, 209, 228, 256, 302, 327, 348, 375, 386, 432, 465, 506, 572, 609, 631, 660, 690, 704, 718, 735, 747, 773, 793, 818, 838, 870, 899, 922, 938, 981, 993, 1008, 1050, 1086, 1122, 1144, 1157, 1184, 1225, 1242, 1278, 1305, 1328, 1346, 1389, 1405, 1406, 1434, 1435, 1457, 1458, 1475, 1476, 1499, 1500, 1539, 1540, 1581, 1582, 1598, 1599, 1617, 1618, 1651, 1659, 1664, 1676, 1688, 1700, 1709, 1725, 1743, 1762, 1771, 1783], "summary": {"covered_lines": 151, "num_statements": 154, "percent_covered": 98.05194805194805, "percent_covered_display": "98.05", "missing_lines": 3, "excluded_lines": 0, "percent_statements_covered": 98.05194805194805, "percent_statements_covered_display": "98.05"}, "missing_lines": [32, 34, 35], "excluded_lines": [], "start_line": 1}}}, "src/core/agno_agent_framework/exceptions.py": {"executed_lines": [8, 10, 13, 16, 19, 29, 47, 48, 49, 50, 53, 62, 78, 79, 80, 83, 93, 111, 112, 113, 114, 117, 120, 123, 133, 151, 152, 153, 154, 157, 165, 173, 174, 175, 178, 186, 194, 195, 196, 199, 208, 224, 225, 226, 229, 232, 235, 245, 263, 264, 265, 266, 269, 280, 300, 301, 302, 303, 304, 307, 317, 335, 336, 337, 338, 341, 351, 369, 370, 371, 372, 375, 383, 391, 392, 393, 396, 404, 412, 413, 414], "summary": {"covered_lines": 81, "num_statements": 81, "percent_covered": 100.0, "percent_covered_display": "100.00", "missing_lines": 0, "excluded_lines": 0, "percent_statements_covered": 100.0, "percent_statements_covered_display": "100.00"}, "missing_lines": [], "excluded_lines": [], "functions": {"AgentExecutionError.__init__": {"executed_lines": [47, 48, 49, 50], "summary": {"covered_lines": 4, "num_statements": 4, "percent_covered": 100.0, "percent_covered_display": "100.00", "missing_lines": 0, "excluded_lines": 0, "percent_statements_covered": 100.0, "percent_statements_covered_display": "100.00"}, "missing_lines": [], "excluded_lines": [], "start_line": 29}, "AgentConfigurationError.__init__": {"executed_lines": [78, 79, 80], "summary": {"covered_lines": 3, "num_statements": 3, "percent_covered": 100.0, "percent_covered_display": "100.00", "missing_lines": 0, "excluded_lines": 0, "percent_statements_covered": 100.0, "percent_statements_covered_display": "100.00"}, "missing_lines": [], "excluded_lines": [], "start_line": 62}, "AgentStateError.__init__": {"executed_lines": [111, 112, 113, 114], "summary": {"covered_lines": 4, "num_statements": 4, "percent_covered": 100.0, "percent_covered_display": "100.00", "missing_lines": 0, "excluded_lines": 0, "percent_statements_covered": 100.0, "percent_statements_covered_display": "100.00"}, "missing_lines": [], "excluded_lines": [], "start_line": 93}, "ToolInvocationError.__init__": {"executed_lines": [151, 152, 153, 154], "summary": {"covered_lines": 4, "num_statements": 4, "percent_covered": 100.0, "percent_covered_display": "100.00", "missing_lines": 0, "excluded_lines": 0, "percent_statements_covered": 100.0, "percent_statements_covered_display": "100.00"}, "missing_lines": [], "excluded_lines": [], "start_line": 133}, "ToolNotFoundError.__init__": {"executed_lines": [173, 174, 175], "summary": {"covered_lines": 3, "num_statements": 3, "percent_covered": 100.0, "percent_covered_display": "100.00", "missing_lines": 0, "excluded_lines": 0, "percent_statements_covered": 100.0, "percent_statements_covered_display": "100.00"}, "missing_lines": [], "excluded_lines": [], "start_line": 165}, "ToolNotImplementedError.__init__": {"executed_lines": [194, 195, 196], "summary": {"covered_lines": 3, "num_statements": 3, "percent_covered": 100.0, "percent_covered_display": "100.00", "missing_lines": 0, "excluded_lines": 0, "percent_statements_covered": 100.0, "percent_statements_covered_display": "100.00"}, "missing_lines": [], "excluded_lines": [], "start_line": 186}, "ToolValidationError.__init__": {"executed_lines": [224, 225, 226], "summary": {"covered_lines": 3, "num_statements": 3, "percent_covered": 100.0, "percent_covered_display": "100.00", "missing_lines": 0, "excluded_lines": 0, "percent_statements_covered": 100.0, "percent_statements_covered_display": "100.00"}, "missing_lines": [], "excluded_lines": [], "start_line": 208}, "MemoryReadError.__init__": {"executed_lines": [263, 264, 265, 266], "summary": {"covered_lines": 4, "num_statements": 4, "percent_covered": 100.0, "percent_covered_display": "100.00", "missing_lines": 0, "excluded_lines": 0, "percent_statements_covered": 100.0, "percent_statements_covered_display": "100.00"}, "missing_lines": [], "excluded_lines": [], "start_line": 245}, "MemoryWriteError.__init__": {"executed_lines": [300, 301, 302, 303, 304], "summary": {"covered_lines": 5, "num_statements": 5, "percent_covered": 100.0, "percent_covered_display": "100.00", "missing_lines": 0, "excluded_lines": 0, "percent_statements_covered": 100.0, "percent_statements_covered_display": "100.00"}, "missing_lines": [], "excluded_lines": [], "start_line": 280}, "MemoryPersistenceError.__init__": {"executed_lines": [335, 336, 337, 338], "summary": {"covered_lines": 4, "num_statements": 4, "percent_covered": 100.0, "percent_covered_display": "100.00", "missing_lines": 0, "excluded_lines": 0, "percent_statements_covered": 100.0, "percent_statements_covered_display": "100.00"}, "missing_lines": [], "excluded_lines": [], "start_line": 317}, "OrchestrationError.__init__": {"executed_lines": [369, 370, 371, 372], "summary": {"covered_lines": 4, "num_statements": 4, "percent_covered": 100.0, "percent_covered_display": "100.00", "missing_lines": 0, "excluded_lines": 0, "percent_statements_covered": 100.0, "percent_statements_covered_display": "100.00"}, "missing_lines": [], "excluded_lines": [], "start_line": 351}, "WorkflowNotFoundError.__init__": {"executed_lines": [391, 392, 393], "summary": {"covered_lines": 3, "num_statements": 3, "percent_covered": 100.0, "percent_covered_display": "100.00", "missing_lines": 0, "excluded_lines": 0, "percent_statements_covered": 100.0, "percent_statements_covered_display": "100.00"}, "missing_lines": [], "excluded_lines": [], "start_line": 383}, "AgentNotFoundError.__init__": {"executed_lines": [412, 413, 414], "summary": {"covered_lines": 3, "num_statements": 3, "percent_covered": 100.0, "percent_covered_display": "100.00", "missing_lines": 0, "excluded_lines": 0, "percent_statements_covered": 100.0, "percent_statements_covered_display": "100.00"}, "missing_lines": [], "excluded_lines": [], "start_line": 404}, "": {"executed_lines": [8, 10, 13, 16, 19, 29, 53, 62, 83, 93, 117, 120, 123, 133, 157, 165, 178, 186, 199, 208, 229, 232, 235, 245, 269, 280, 307, 317, 341, 351, 375, 383, 396, 404], "summary": {"covered_lines": 34, "num_statements": 34, "percent_covered": 100.0, "percent_covered_display": "100.00", "missing_lines": 0, "excluded_lines": 0, "percent_statements_covered": 100.0, "percent_statements_covered_display": "100.00"}, "missing_lines": [], "excluded_lines": [], "start_line": 1}}, "classes": {"AgentError": {"executed_lines": [], "summary": {"covered_lines": 0, "num_statements": 0, "percent_covered": 100.0, "percent_covered_display": "100.00", "missing_lines": 0, "excluded_lines": 0, "percent_statements_covered": 100.0, "percent_statements_covered_display": "100.00"}, "missing_lines": [], "excluded_lines": [], "start_line": 13}, "AgentExecutionError": {"executed_lines": [47, 48, 49, 50], "summary": {"covered_lines": 4, "num_statements": 4, "percent_covered": 100.0, "percent_covered_display": "100.00", "missing_lines": 0, "excluded_lines": 0, "percent_statements_covered": 100.0, "percent_statements_covered_display": "100.00"}, "missing_lines": [], "excluded_lines": [], "start_line": 19}, "AgentConfigurationError": {"executed_lines": [78, 79, 80], "summary": {"covered_lines": 3, "num_statements": 3, "percent_covered": 100.0, "percent_covered_display": "100.00", "missing_lines": 0, "excluded_lines": 0, "percent_statements_covered": 100.0, "percent_statements_covered_display": "100.00"}, "missing_lines": [], "excluded_lines": [], "start_line": 53}, "AgentStateError": {"executed_lines": [111, 112, 113, 114], "summary": {"covered_lines": 4, "num_statements": 4, "percent_covered": 100.0, "percent_covered_display": "100.00", "missing_lines": 0, "excluded_lines": 0, "percent_statements_covered": 100.0, "percent_statements_covered_display": "100.00"}, "missing_lines": [], "excluded_lines": [], "start_line": 83}, "ToolError": {"executed_lines": [], "summary": {"covered_lines": 0, "num_statements": 0, "percent_covered": 100.0, "percent_covered_display": "100.00", "missing_lines": 0, "excluded_lines": 0, "percent_statements_covered": 100.0, "percent_statements_covered_display": "100.00"}, "missing_lines": [], "excluded_lines": [], "start_line": 117}, "ToolInvocationError": {"executed_lines": [151, 152, 153, 154], "summary": {"covered_lines": 4, "num_statements": 4, "percent_covered": 100.0, "percent_covered_display": "100.00", "missing_lines": 0, "excluded_lines": 0, "percent_statements_covered": 100.0, "percent_statements_covered_display": "100.00"}, "missing_lines": [], "excluded_lines": [], "start_line": 123}, "ToolNotFoundError": {"executed_lines": [173, 174, 175], "summary": {"covered_lines": 3, "num_statements": 3, "percent_covered": 100.0, "percent_covered_display": "100.00", "missing_lines": 0, "excluded_lines": 0, "percent_statements_covered": 100.0, "percent_statements_covered_display": "100.00"}, "missing_lines": [], "excluded_lines": [], "start_line": 157}, "ToolNotImplementedError": {"executed_lines": [194, 195, 196], "summary": {"covered_lines": 3, "num_statements": 3, "percent_covered": 100.0, "percent_covered_display": "100.00", "missing_lines": 0, "excluded_lines": 0, "percent_statements_covered": 100.0, "percent_statements_covered_display": "100.00"}, "missing_lines": [], "excluded_lines": [], "start_line": 178}, "ToolValidationError": {"executed_lines": [224, 225, 226], "summary": {"covered_lines": 3, "num_statements": 3, "percent_covered": 100.0, "percent_covered_display": "100.00", "missing_lines": 0, "excluded_lines": 0, "percent_statements_covered": 100.0, "percent_statements_covered_display": "100.00"}, "missing_lines": [], "excluded_lines": [], "start_line": 199}, "MemoryError": {"executed_lines": [], "summary": {"covered_lines": 0, "num_statements": 0, "percent_covered": 100.0, "percent_covered_display": "100.00", "missing_lines": 0, "excluded_lines": 0, "percent_statements_covered": 100.0, "percent_statements_covered_display": "100.00"}, "missing_lines": [], "excluded_lines": [], "start_line": 229}, "MemoryReadError": {"executed_lines": [263, 264, 265, 266], "summary": {"covered_lines": 4, "num_statements": 4, "percent_covered": 100.0, "percent_covered_display": "100.00", "missing_lines": 0, "excluded_lines": 0, "percent_statements_covered": 100.0, "percent_statements_covered_display": "100.00"}, "missing_lines": [], "excluded_lines": [], "start_line": 235}, "MemoryWriteError": {"executed_lines": [300, 301, 302, 303, 304], "summary": {"covered_lines": 5, "num_statements": 5, "percent_covered": 100.0, "percent_covered_display": "100.00", "missing_lines": 0, "excluded_lines": 0, "percent_statements_covered": 100.0, "percent_statements_covered_display": "100.00"}, "missing_lines": [], "excluded_lines": [], "start_line": 269}, "MemoryPersistenceError": {"executed_lines": [335, 336, 337, 338], "summary": {"covered_lines": 4, "num_statements": 4, "percent_covered": 100.0, "percent_covered_display": "100.00", "missing_lines": 0, "excluded_lines": 0, "percent_statements_covered": 100.0, "percent_statements_covered_display": "100.00"}, "missing_lines": [], "excluded_lines": [], "start_line": 307}, "OrchestrationError": {"executed_lines": [369, 370, 371, 372], "summary": {"covered_lines": 4, "num_statements": 4, "percent_covered": 100.0, "percent_covered_display": "100.00", "missing_lines": 0, "excluded_lines": 0, "percent_statements_covered": 100.0, "percent_statements_covered_display": "100.00"}, "missing_lines": [], "excluded_lines": [], "start_line": 341}, "WorkflowNotFoundError": {"executed_lines": [391, 392, 393], "summary": {"covered_lines": 3, "num_statements": 3, "percent_covered": 100.0, "percent_covered_display": "100.00", "missing_lines": 0, "excluded_lines": 0, "percent_statements_covered": 100.0, "percent_statements_covered_display": "100.00"}, "missing_lines": [], "excluded_lines": [], "start_line": 375}, "AgentNotFoundError": {"executed_lines": [412, 413, 414], "summary": {"covered_lines": 3, "num_statements": 3, "percent_covered": 100.0, "percent_covered_display": "100.00", "missing_lines": 0, "excluded_lines": 0, "percent_statements_covered": 100.0, "percent_statements_covered_display": "100.00"}, "missing_lines": [], "excluded_lines": [], "start_line": 396}, "": {"executed_lines": [8, 10, 13, 16, 19, 29, 53, 62, 83, 93, 117, 120, 123, 133, 157, 165, 178, 186, 199, 208, 229, 232, 235, 245, 269, 280, 307, 317, 341, 351, 375, 383, 396, 404], "summary": {"covered_lines": 34, "num_statements": 34, "percent_covered": 100.0, "percent_covered_display": "100.00", "missing_lines": 0, "excluded_lines": 0, "percent_statements_covered": 100.0, "percent_statements_covered_display": "100.00"}, "missing_lines": [], "excluded_lines": [], "start_line": 1}}}, "src/core/agno_agent_framework/functions.py": {"executed_lines": [8, 10, 11, 12, 13, 14, 17, 18, 27, 57, 69, 95, 97, 98, 99, 100, 102, 103, 104, 105, 107, 108, 110, 113, 149, 151, 152, 154, 155, 158, 163, 164, 165, 173, 174, 175, 176, 178, 181, 228, 230, 231, 233, 234, 236, 239, 251, 254, 269, 277, 303, 304, 305, 308, 337, 338, 340, 341, 343, 345, 346, 347, 350, 353, 356, 369, 372, 374, 377, 408, 413, 429, 437, 460, 462, 463, 465, 466, 467, 469, 470, 472, 475, 491, 492, 494, 495, 496, 497, 498, 499, 500, 501, 502, 503, 505, 507, 510, 526, 527, 529, 530, 531, 532, 533, 534, 535, 536, 537, 538, 540, 542, 545, 565, 566, 568, 570, 571, 572, 573, 575, 578, 592, 595, 609, 612], "summary": {"covered_lines": 126, "num_statements": 129, "percent_covered": 97.67441860465117, "percent_covered_display": "97.67", "missing_lines": 3, "excluded_lines": 0, "percent_statements_covered": 97.67441860465117, "percent_statements_covered_display": "97.67"}, "missing_lines": [19, 20, 348], "excluded_lines": [], "functions": {"create_agent": {"executed_lines": [57], "summary": {"covered_lines": 1, "num_statements": 1, "percent_covered": 100.0, "percent_covered_display": "100.00", "missing_lines": 0, "excluded_lines": 0, "percent_statements_covered": 100.0, "percent_statements_covered_display": "100.00"}, "missing_lines": [], "excluded_lines": [], "start_line": 27}, "create_agent_with_memory": {"executed_lines": [95, 97, 98, 99, 100, 102, 103, 104, 105, 107, 108, 110], "summary": {"covered_lines": 12, "num_statements": 12, "percent_covered": 100.0, "percent_covered_display": "100.00", "missing_lines": 0, "excluded_lines": 0, "percent_statements_covered": 100.0, "percent_statements_covered_display": "100.00"}, "missing_lines": [], "excluded_lines": [], "start_line": 69}, "create_agent_with_prompt_management": {"executed_lines": [149, 151, 152, 154, 155, 158, 163, 164, 165, 173, 174, 175, 176, 178], "summary": {"covered_lines": 14, "num_statements": 14, "percent_covered": 100.0, "percent_covered_display": "100.00", "missing_lines": 0, "excluded_lines": 0, "percent_statements_covered": 100.0, "percent_statements_covered_display": "100.00"}, "missing_lines": [], "excluded_lines": [], "start_line": 113}, "create_agent_with_tools": {"executed_lines": [228, 230, 231, 233, 234, 236], "summary": {"covered_lines": 6, "num_statements": 6, "percent_covered": 100.0, "percent_covered_display": "100.00", "missing_lines": 0, "excluded_lines": 0, "percent_statements_covered": 100.0, "percent_statements_covered_display": "100.00"}, "missing_lines": [], "excluded_lines": [], "start_line": 181}, "create_agent_manager": {"executed_lines": [251], "summary": {"covered_lines": 1, "num_statements": 1, "percent_covered": 100.0, "percent_covered_display": "100.00", "missing_lines": 0, "excluded_lines": 0, "percent_statements_covered": 100.0, "percent_statements_covered_display": "100.00"}, "missing_lines": [], "excluded_lines": [], "start_line": 239}, "create_orchestrator": {"executed_lines": [269], "summary": {"covered_lines": 1, "num_statements": 1, "percent_covered": 100.0, "percent_covered_display": "100.00", "missing_lines": 0, "excluded_lines": 0, "percent_statements_covered": 100.0, "percent_statements_covered_display": "100.00"}, "missing_lines": [], "excluded_lines": [], "start_line": 254}, "execute_task": {"executed_lines": [303, 304, 305], "summary": {"covered_lines": 3, "num_statements": 3, "percent_covered": 100.0, "percent_covered_display": "100.00", "missing_lines": 0, "excluded_lines": 0, "percent_statements_covered": 100.0, "percent_statements_covered_display": "100.00"}, "missing_lines": [], "excluded_lines": [], "start_line": 277}, "chat_with_agent": {"executed_lines": [337, 338, 340, 341, 343, 345, 346, 347, 350, 353, 356, 369, 372, 374], "summary": {"covered_lines": 14, "num_statements": 15, "percent_covered": 93.33333333333333, "percent_covered_display": "93.33", "missing_lines": 1, "excluded_lines": 0, "percent_statements_covered": 93.33333333333333, "percent_statements_covered_display": "93.33"}, "missing_lines": [348], "excluded_lines": [], "start_line": 308}, "delegate_task": {"executed_lines": [408], "summary": {"covered_lines": 1, "num_statements": 1, "percent_covered": 100.0, "percent_covered_display": "100.00", "missing_lines": 0, "excluded_lines": 0, "percent_statements_covered": 100.0, "percent_statements_covered_display": "100.00"}, "missing_lines": [], "excluded_lines": [], "start_line": 377}, "find_agents_by_capability": {"executed_lines": [429], "summary": {"covered_lines": 1, "num_statements": 1, "percent_covered": 100.0, "percent_covered_display": "100.00", "missing_lines": 0, "excluded_lines": 0, "percent_statements_covered": 100.0, "percent_statements_covered_display": "100.00"}, "missing_lines": [], "excluded_lines": [], "start_line": 413}, "batch_process_agents": {"executed_lines": [460, 462, 472], "summary": {"covered_lines": 3, "num_statements": 3, "percent_covered": 100.0, "percent_covered_display": "100.00", "missing_lines": 0, "excluded_lines": 0, "percent_statements_covered": 100.0, "percent_statements_covered_display": "100.00"}, "missing_lines": [], "excluded_lines": [], "start_line": 437}, "batch_process_agents._process": {"executed_lines": [463, 465, 469, 470], "summary": {"covered_lines": 4, "num_statements": 4, "percent_covered": 100.0, "percent_covered_display": "100.00", "missing_lines": 0, "excluded_lines": 0, "percent_statements_covered": 100.0, "percent_statements_covered_display": "100.00"}, "missing_lines": [], "excluded_lines": [], "start_line": 462}, "batch_process_agents._process._bounded_execute": {"executed_lines": [466, 467], "summary": {"covered_lines": 2, "num_statements": 2, "percent_covered": 100.0, "percent_covered_display": "100.00", "missing_lines": 0, "excluded_lines": 0, "percent_statements_covered": 100.0, "percent_statements_covered_display": "100.00"}, "missing_lines": [], "excluded_lines": [], "start_line": 465}, "_create_async_retry_wrapper": {"executed_lines": [491, 492, 494, 495, 507], "summary": {"covered_lines": 5, "num_statements": 5, "percent_covered": 100.0, "percent_covered_display": "100.00", "missing_lines": 0, "excluded_lines": 0, "percent_statements_covered": 100.0, "percent_statements_covered_display": "100.00"}, "missing_lines": [], "excluded_lines": [], "start_line": 475}, "_create_async_retry_wrapper.async_wrapper": {"executed_lines": [496, 497, 498, 499, 500, 501, 502, 503, 505], "summary": {"covered_lines": 9, "num_statements": 9, "percent_covered": 100.0, "percent_covered_display": "100.00", "missing_lines": 0, "excluded_lines": 0, "percent_statements_covered": 100.0, "percent_statements_covered_display": "100.00"}, "missing_lines": [], "excluded_lines": [], "start_line": 495}, "_create_sync_retry_wrapper": {"executed_lines": [526, 527, 529, 530, 542], "summary": {"covered_lines": 5, "num_statements": 5, "percent_covered": 100.0, "percent_covered_display": "100.00", "missing_lines": 0, "excluded_lines": 0, "percent_statements_covered": 100.0, "percent_statements_covered_display": "100.00"}, "missing_lines": [], "excluded_lines": [], "start_line": 510}, "_create_sync_retry_wrapper.sync_wrapper": {"executed_lines": [531, 532, 533, 534, 535, 536, 537, 538, 540], "summary": {"covered_lines": 9, "num_statements": 9, "percent_covered": 100.0, "percent_covered_display": "100.00", "missing_lines": 0, "excluded_lines": 0, "percent_statements_covered": 100.0, "percent_statements_covered_display": "100.00"}, "missing_lines": [], "excluded_lines": [], "start_line": 530}, "retry_on_failure": {"executed_lines": [565, 566, 568, 570, 575], "summary": {"covered_lines": 5, "num_statements": 5, "percent_covered": 100.0, "percent_covered_display": "100.00", "missing_lines": 0, "excluded_lines": 0, "percent_statements_covered": 100.0, "percent_statements_covered_display": "100.00"}, "missing_lines": [], "excluded_lines": [], "start_line": 545}, "retry_on_failure.decorator": {"executed_lines": [571, 572, 573], "summary": {"covered_lines": 3, "num_statements": 3, "percent_covered": 100.0, "percent_covered_display": "100.00", "missing_lines": 0, "excluded_lines": 0, "percent_statements_covered": 100.0, "percent_statements_covered_display": "100.00"}, "missing_lines": [], "excluded_lines": [], "start_line": 570}, "save_agent_state": {"executed_lines": [592], "summary": {"covered_lines": 1, "num_statements": 1, "percent_covered": 100.0, "percent_covered_display": "100.00", "missing_lines": 0, "excluded_lines": 0, "percent_statements_covered": 100.0, "percent_statements_covered_display": "100.00"}, "missing_lines": [], "excluded_lines": [], "start_line": 578}, "load_agent_state": {"executed_lines": [609], "summary": {"covered_lines": 1, "num_statements": 1, "percent_covered": 100.0, "percent_covered_display": "100.00", "missing_lines": 0, "excluded_lines": 0, "percent_statements_covered": 100.0, "percent_statements_covered_display": "100.00"}, "missing_lines": [], "excluded_lines": [], "start_line": 595}, "": {"executed_lines": [8, 10, 11, 12, 13, 14, 17, 18, 27, 69, 113, 181, 239, 254, 277, 308, 377, 413, 437, 475, 510, 545, 578, 595, 612], "summary": {"covered_lines": 25, "num_statements": 27, "percent_covered": 92.5925925925926, "percent_covered_display": "92.59", "missing_lines": 2, "excluded_lines": 0, "percent_statements_covered": 92.5925925925926, "percent_statements_covered_display": "92.59"}, "missing_lines": [19, 20], "excluded_lines": [], "start_line": 1}}, "classes": {"": {"executed_lines": [8, 10, 11, 12, 13, 14, 17, 18, 27, 57, 69, 95, 97, 98, 99, 100, 102, 103, 104, 105, 107, 108, 110, 113, 149, 151, 152, 154, 155, 158, 163, 164, 165, 173, 174, 175, 176, 178, 181, 228, 230, 231, 233, 234, 236, 239, 251, 254, 269, 277, 303, 304, 305, 308, 337, 338, 340, 341, 343, 345, 346, 347, 350, 353, 356, 369, 372, 374, 377, 408, 413, 429, 437, 460, 462, 463, 465, 466, 467, 469, 470, 472, 475, 491, 492, 494, 495, 496, 497, 498, 499, 500, 501, 502, 503, 505, 507, 510, 526, 527, 529, 530, 531, 532, 533, 534, 535, 536, 537, 538, 540, 542, 545, 565, 566, 568, 570, 571, 572, 573, 575, 578, 592, 595, 609, 612], "summary": {"covered_lines": 126, "num_statements": 129, "percent_covered": 97.67441860465117, "percent_covered_display": "97.67", "missing_lines": 3, "excluded_lines": 0, "percent_statements_covered": 97.67441860465117, "percent_statements_covered_display": "97.67"}, "missing_lines": [19, 20, 348], "excluded_lines": [], "start_line": 1}}}, "src/core/agno_agent_framework/memory.py": {"executed_lines": [7, 8, 9, 10, 11, 12, 14, 16, 18, 19, 24, 27, 28, 29, 30, 33, 36, 37, 38, 39, 40, 41, 42, 43, 44, 45, 48, 53, 64, 65, 66, 67, 68, 69, 70, 71, 73, 74, 75, 76, 78, 80, 81, 82, 83, 84, 85, 86, 92, 94, 95, 96, 97, 99, 101, 102, 103, 104, 105, 106, 108, 110, 111, 112, 114, 116, 117, 118, 119, 120, 121, 123, 132, 134, 144, 145, 146, 147, 148, 149, 150, 151, 152, 154, 155, 156, 157, 165, 167, 175, 177, 178, 179, 180, 181, 182, 183, 184, 186, 187, 191, 192, 193, 195, 197, 198, 199, 201, 202, 204, 206, 207, 208, 209, 210, 211, 213, 214, 215, 216, 218, 219, 220, 221, 222, 224, 225, 226, 227, 229, 231, 233, 234, 236, 237, 238, 248, 249, 250, 252, 253, 254, 256, 258, 259, 260, 262, 263, 265, 266, 267, 268, 270, 271, 275, 276, 277, 279, 280, 284, 285, 286, 288, 290, 292, 293, 294, 295, 297, 326, 328, 330, 331, 332, 352, 354, 355, 371, 373, 374, 376, 378, 379, 381, 382, 388, 390, 391, 392, 393, 401, 403, 405, 406, 412, 413, 414, 415, 416, 418, 420, 423, 425, 426, 428, 429, 430, 431, 433, 434, 436, 437, 438, 439, 440, 441, 449, 451, 453, 454, 455, 457, 458, 460, 461, 462, 463, 464, 465], "summary": {"covered_lines": 229, "num_statements": 247, "percent_covered": 92.71255060728745, "percent_covered_display": "92.71", "missing_lines": 18, "excluded_lines": 0, "percent_statements_covered": 92.71255060728745, "percent_statements_covered_display": "92.71"}, "missing_lines": [20, 21, 272, 273, 281, 282, 334, 336, 337, 343, 344, 346, 347, 348, 350, 404, 421, 452], "excluded_lines": [], "functions": {"AgentMemory.__init__": {"executed_lines": [64, 65, 66, 67, 68, 69, 70, 71, 73, 74, 75, 76], "summary": {"covered_lines": 12, "num_statements": 12, "percent_covered": 100.0, "percent_covered_display": "100.00", "missing_lines": 0, "excluded_lines": 0, "percent_statements_covered": 100.0, "percent_statements_covered_display": "100.00"}, "missing_lines": [], "excluded_lines": [], "start_line": 53}, "AgentMemory.initialize": {"executed_lines": [80, 81, 82, 83, 84, 85, 86], "summary": {"covered_lines": 7, "num_statements": 7, "percent_covered": 100.0, "percent_covered_display": "100.00", "missing_lines": 0, "excluded_lines": 0, "percent_statements_covered": 100.0, "percent_statements_covered_display": "100.00"}, "missing_lines": [], "excluded_lines": [], "start_line": 78}, "AgentMemory._trim_short_term": {"executed_lines": [94, 95, 96, 97], "summary": {"covered_lines": 4, "num_statements": 4, "percent_covered": 100.0, "percent_covered_display": "100.00", "missing_lines": 0, "excluded_lines": 0, "percent_statements_covered": 100.0, "percent_statements_covered_display": "100.00"}, "missing_lines": [], "excluded_lines": [], "start_line": 92}, "AgentMemory._trim_long_term": {"executed_lines": [101, 102, 103, 104, 105, 106], "summary": {"covered_lines": 6, "num_statements": 6, "percent_covered": 100.0, "percent_covered_display": "100.00", "missing_lines": 0, "excluded_lines": 0, "percent_statements_covered": 100.0, "percent_statements_covered_display": "100.00"}, "missing_lines": [], "excluded_lines": [], "start_line": 99}, "AgentMemory._trim_episodic": {"executed_lines": [110, 111, 112], "summary": {"covered_lines": 3, "num_statements": 3, "percent_covered": 100.0, "percent_covered_display": "100.00", "missing_lines": 0, "excluded_lines": 0, "percent_statements_covered": 100.0, "percent_statements_covered_display": "100.00"}, "missing_lines": [], "excluded_lines": [], "start_line": 108}, "AgentMemory._trim_semantic": {"executed_lines": [116, 117, 118, 119, 120, 121], "summary": {"covered_lines": 6, "num_statements": 6, "percent_covered": 100.0, "percent_covered_display": "100.00", "missing_lines": 0, "excluded_lines": 0, "percent_statements_covered": 100.0, "percent_statements_covered_display": "100.00"}, "missing_lines": [], "excluded_lines": [], "start_line": 114}, "AgentMemory.store": {"executed_lines": [132, 134, 144, 145, 146, 147, 148, 149, 150, 151, 152, 154, 155, 156, 157, 165], "summary": {"covered_lines": 16, "num_statements": 16, "percent_covered": 100.0, "percent_covered_display": "100.00", "missing_lines": 0, "excluded_lines": 0, "percent_statements_covered": 100.0, "percent_statements_covered_display": "100.00"}, "missing_lines": [], "excluded_lines": [], "start_line": 123}, "AgentMemory.retrieve": {"executed_lines": [175, 177, 178, 179, 180, 181, 182, 183, 184, 186, 187, 191, 192, 193, 195, 197, 198, 199, 201, 202], "summary": {"covered_lines": 20, "num_statements": 20, "percent_covered": 100.0, "percent_covered_display": "100.00", "missing_lines": 0, "excluded_lines": 0, "percent_statements_covered": 100.0, "percent_statements_covered_display": "100.00"}, "missing_lines": [], "excluded_lines": [], "start_line": 167}, "AgentMemory.forget": {"executed_lines": [206, 207, 208, 209, 210, 211, 213, 214, 215, 216, 218, 219, 220, 221, 222, 224, 225, 226, 227, 229], "summary": {"covered_lines": 20, "num_statements": 20, "percent_covered": 100.0, "percent_covered_display": "100.00", "missing_lines": 0, "excluded_lines": 0, "percent_statements_covered": 100.0, "percent_statements_covered_display": "100.00"}, "missing_lines": [], "excluded_lines": [], "start_line": 204}, "AgentMemory.consolidate": {"executed_lines": [233, 234, 236, 237, 238, 248, 249, 250, 252, 253, 254], "summary": {"covered_lines": 11, "num_statements": 11, "percent_covered": 100.0, "percent_covered_display": "100.00", "missing_lines": 0, "excluded_lines": 0, "percent_statements_covered": 100.0, "percent_statements_covered_display": "100.00"}, "missing_lines": [], "excluded_lines": [], "start_line": 231}, "AgentMemory.cleanup_expired": {"executed_lines": [258, 259, 260, 262, 263, 265, 266, 267, 268, 270, 271, 275, 276, 277, 279, 280, 284, 285, 286], "summary": {"covered_lines": 19, "num_statements": 23, "percent_covered": 82.6086956521739, "percent_covered_display": "82.61", "missing_lines": 4, "excluded_lines": 0, "percent_statements_covered": 82.6086956521739, "percent_statements_covered_display": "82.61"}, "missing_lines": [272, 273, 281, 282], "excluded_lines": [], "start_line": 256}, "AgentMemory.check_memory_pressure": {"executed_lines": [290, 292, 326], "summary": {"covered_lines": 3, "num_statements": 3, "percent_covered": 100.0, "percent_covered_display": "100.00", "missing_lines": 0, "excluded_lines": 0, "percent_statements_covered": 100.0, "percent_statements_covered_display": "100.00"}, "missing_lines": [], "excluded_lines": [], "start_line": 288}, "AgentMemory.check_memory_pressure._calculate_pressure": {"executed_lines": [293, 294, 295, 297], "summary": {"covered_lines": 4, "num_statements": 4, "percent_covered": 100.0, "percent_covered_display": "100.00", "missing_lines": 0, "excluded_lines": 0, "percent_statements_covered": 100.0, "percent_statements_covered_display": "100.00"}, "missing_lines": [], "excluded_lines": [], "start_line": 292}, "AgentMemory.handle_memory_pressure": {"executed_lines": [330, 331, 332], "summary": {"covered_lines": 3, "num_statements": 12, "percent_covered": 25.0, "percent_covered_display": "25.00", "missing_lines": 9, "excluded_lines": 0, "percent_statements_covered": 25.0, "percent_statements_covered_display": "25.00"}, "missing_lines": [334, 336, 337, 343, 344, 346, 347, 348, 350], "excluded_lines": [], "start_line": 328}, "AgentMemory.get_stats": {"executed_lines": [354, 355], "summary": {"covered_lines": 2, "num_statements": 2, "percent_covered": 100.0, "percent_covered_display": "100.00", "missing_lines": 0, "excluded_lines": 0, "percent_statements_covered": 100.0, "percent_statements_covered_display": "100.00"}, "missing_lines": [], "excluded_lines": [], "start_line": 352}, "AgentMemory._persist": {"executed_lines": [373, 374, 376, 378, 379, 381, 382, 388, 390, 391, 392, 393], "summary": {"covered_lines": 12, "num_statements": 12, "percent_covered": 100.0, "percent_covered_display": "100.00", "missing_lines": 0, "excluded_lines": 0, "percent_statements_covered": 100.0, "percent_statements_covered_display": "100.00"}, "missing_lines": [], "excluded_lines": [], "start_line": 371}, "AgentMemory._persist_sync": {"executed_lines": [403, 405, 406, 412, 413, 414, 415, 416], "summary": {"covered_lines": 8, "num_statements": 9, "percent_covered": 88.88888888888889, "percent_covered_display": "88.89", "missing_lines": 1, "excluded_lines": 0, "percent_statements_covered": 88.88888888888889, "percent_statements_covered_display": "88.89"}, "missing_lines": [404], "excluded_lines": [], "start_line": 401}, "AgentMemory._load": {"executed_lines": [420, 423, 425, 426, 428, 429, 430, 431, 433, 436, 437, 438, 439, 440, 441], "summary": {"covered_lines": 15, "num_statements": 16, "percent_covered": 93.75, "percent_covered_display": "93.75", "missing_lines": 1, "excluded_lines": 0, "percent_statements_covered": 93.75, "percent_statements_covered_display": "93.75"}, "missing_lines": [421], "excluded_lines": [], "start_line": 418}, "AgentMemory._load._parse": {"executed_lines": [434], "summary": {"covered_lines": 1, "num_statements": 1, "percent_covered": 100.0, "percent_covered_display": "100.00", "missing_lines": 0, "excluded_lines": 0, "percent_statements_covered": 100.0, "percent_statements_covered_display": "100.00"}, "missing_lines": [], "excluded_lines": [], "start_line": 433}, "AgentMemory._load_sync": {"executed_lines": [451, 453, 454, 455, 457, 460, 461, 462, 463, 464, 465], "summary": {"covered_lines": 11, "num_statements": 12, "percent_covered": 91.66666666666667, "percent_covered_display": "91.67", "missing_lines": 1, "excluded_lines": 0, "percent_statements_covered": 91.66666666666667, "percent_statements_covered_display": "91.67"}, "missing_lines": [452], "excluded_lines": [], "start_line": 449}, "AgentMemory._load_sync._parse": {"executed_lines": [458], "summary": {"covered_lines": 1, "num_statements": 1, "percent_covered": 100.0, "percent_covered_display": "100.00", "missing_lines": 0, "excluded_lines": 0, "percent_statements_covered": 100.0, "percent_statements_covered_display": "100.00"}, "missing_lines": [], "excluded_lines": [], "start_line": 457}, "": {"executed_lines": [7, 8, 9, 10, 11, 12, 14, 16, 18, 19, 24, 27, 28, 29, 30, 33, 36, 37, 38, 39, 40, 41, 42, 43, 44, 45, 48, 53, 78, 92, 99, 108, 114, 123, 167, 204, 231, 256, 288, 328, 352, 371, 401, 418, 449], "summary": {"covered_lines": 45, "num_statements": 47, "percent_covered": 95.74468085106383, "percent_covered_display": "95.74", "missing_lines": 2, "excluded_lines": 0, "percent_statements_covered": 95.74468085106383, "percent_statements_covered_display": "95.74"}, "missing_lines": [20, 21], "excluded_lines": [], "start_line": 1}}, "classes": {"MemoryType": {"executed_lines": [], "summary": {"covered_lines": 0, "num_statements": 0, "percent_covered": 100.0, "percent_covered_display": "100.00", "missing_lines": 0, "excluded_lines": 0, "percent_statements_covered": 100.0, "percent_statements_covered_display": "100.00"}, "missing_lines": [], "excluded_lines": [], "start_line": 24}, "MemoryItem": {"executed_lines": [], "summary": {"covered_lines": 0, "num_statements": 0, "percent_covered": 100.0, "percent_covered_display": "100.00", "missing_lines": 0, "excluded_lines": 0, "percent_statements_covered": 100.0, "percent_statements_covered_display": "100.00"}, "missing_lines": [], "excluded_lines": [], "start_line": 33}, "AgentMemory": {"executed_lines": [64, 65, 66, 67, 68, 69, 70, 71, 73, 74, 75, 76, 80, 81, 82, 83, 84, 85, 86, 94, 95, 96, 97, 101, 102, 103, 104, 105, 106, 110, 111, 112, 116, 117, 118, 119, 120, 121, 132, 134, 144, 145, 146, 147, 148, 149, 150, 151, 152, 154, 155, 156, 157, 165, 175, 177, 178, 179, 180, 181, 182, 183, 184, 186, 187, 191, 192, 193, 195, 197, 198, 199, 201, 202, 206, 207, 208, 209, 210, 211, 213, 214, 215, 216, 218, 219, 220, 221, 222, 224, 225, 226, 227, 229, 233, 234, 236, 237, 238, 248, 249, 250, 252, 253, 254, 258, 259, 260, 262, 263, 265, 266, 267, 268, 270, 271, 275, 276, 277, 279, 280, 284, 285, 286, 290, 292, 293, 294, 295, 297, 326, 330, 331, 332, 354, 355, 373, 374, 376, 378, 379, 381, 382, 388, 390, 391, 392, 393, 403, 405, 406, 412, 413, 414, 415, 416, 420, 423, 425, 426, 428, 429, 430, 431, 433, 434, 436, 437, 438, 439, 440, 441, 451, 453, 454, 455, 457, 458, 460, 461, 462, 463, 464, 465], "summary": {"covered_lines": 184, "num_statements": 200, "percent_covered": 92.0, "percent_covered_display": "92.00", "missing_lines": 16, "excluded_lines": 0, "percent_statements_covered": 92.0, "percent_statements_covered_display": "92.00"}, "missing_lines": [272, 273, 281, 282, 334, 336, 337, 343, 344, 346, 347, 348, 350, 404, 421, 452], "excluded_lines": [], "start_line": 48}, "": {"executed_lines": [7, 8, 9, 10, 11, 12, 14, 16, 18, 19, 24, 27, 28, 29, 30, 33, 36, 37, 38, 39, 40, 41, 42, 43, 44, 45, 48, 53, 78, 92, 99, 108, 114, 123, 167, 204, 231, 256, 288, 328, 352, 371, 401, 418, 449], "summary": {"covered_lines": 45, "num_statements": 47, "percent_covered": 95.74468085106383, "percent_covered_display": "95.74", "missing_lines": 2, "excluded_lines": 0, "percent_statements_covered": 95.74468085106383, "percent_statements_covered_display": "95.74"}, "missing_lines": [20, 21], "excluded_lines": [], "start_line": 1}}}, "src/core/agno_agent_framework/orchestration.py": {"executed_lines": [11, 12, 13, 14, 15, 16, 19, 20, 26, 29, 30, 31, 32, 33, 34, 37, 40, 41, 42, 43, 44, 47, 50, 74, 75, 76, 77, 78, 79, 80, 81, 82, 83, 84, 85, 86, 89, 90, 93, 94, 95, 96, 97, 98, 99, 100, 101, 102, 103, 106, 113, 124, 125, 126, 127, 128, 130, 157, 158, 168, 169, 171, 178, 179, 180, 181, 183, 185, 186, 187, 188, 190, 203, 204, 205, 207, 208, 209, 210, 212, 216, 222, 223, 226, 227, 228, 230, 231, 238, 246, 257, 258, 259, 260, 261, 262, 264, 265, 266, 269, 271, 272, 273, 275, 283, 284, 286, 288, 289, 290, 291, 292, 295, 296, 298, 300, 301, 302, 303, 304, 305, 306, 307, 308, 310, 317, 337, 344, 351, 352, 353, 355, 366, 367, 368, 370, 386, 387, 388, 390, 391, 392, 393, 395, 397, 421, 422, 423, 425, 426, 429, 430, 431, 435, 437, 459, 460, 462, 463, 464, 465, 467, 474, 475, 478, 479, 480, 481, 483, 485, 512, 513, 514, 517, 523, 526, 529, 530, 531, 532, 534, 540, 542, 545, 546, 548, 550, 556, 575, 576, 577, 578, 580, 586, 588, 590, 591, 593, 595, 597, 607, 609, 616, 618, 625], "summary": {"covered_lines": 205, "num_statements": 213, "percent_covered": 96.24413145539906, "percent_covered_display": "96.24", "missing_lines": 8, "excluded_lines": 2, "percent_statements_covered": 96.24413145539906, "percent_statements_covered_display": "96.24"}, "missing_lines": [218, 219, 233, 234, 235, 236, 533, 579], "excluded_lines": [22, 23], "functions": {"WorkflowStep.__init__": {"executed_lines": [74, 75, 76, 77, 78, 79, 80, 81, 82, 83, 84, 85, 86], "summary": {"covered_lines": 13, "num_statements": 13, "percent_covered": 100.0, "percent_covered_display": "100.00", "missing_lines": 0, "excluded_lines": 0, "percent_statements_covered": 100.0, "percent_statements_covered_display": "100.00"}, "missing_lines": [], "excluded_lines": [], "start_line": 50}, "WorkflowPipeline.__init__": {"executed_lines": [124, 125, 126, 127, 128], "summary": {"covered_lines": 5, "num_statements": 5, "percent_covered": 100.0, "percent_covered_display": "100.00", "missing_lines": 0, "excluded_lines": 0, "percent_statements_covered": 100.0, "percent_statements_covered_display": "100.00"}, "missing_lines": [], "excluded_lines": [], "start_line": 113}, "WorkflowPipeline.add_step": {"executed_lines": [157, 158, 168, 169], "summary": {"covered_lines": 4, "num_statements": 4, "percent_covered": 100.0, "percent_covered_display": "100.00", "missing_lines": 0, "excluded_lines": 0, "percent_statements_covered": 100.0, "percent_statements_covered_display": "100.00"}, "missing_lines": [], "excluded_lines": [], "start_line": 130}, "WorkflowPipeline._get_ready_steps": {"executed_lines": [178, 179, 180, 181, 183, 185, 186, 187, 188], "summary": {"covered_lines": 9, "num_statements": 9, "percent_covered": 100.0, "percent_covered_display": "100.00", "missing_lines": 0, "excluded_lines": 0, "percent_statements_covered": 100.0, "percent_statements_covered_display": "100.00"}, "missing_lines": [], "excluded_lines": [], "start_line": 171}, "WorkflowPipeline.execute": {"executed_lines": [203, 204, 205, 207, 208, 209, 210, 212, 216, 222, 223, 226, 227, 228, 230, 231, 238], "summary": {"covered_lines": 17, "num_statements": 23, "percent_covered": 73.91304347826087, "percent_covered_display": "73.91", "missing_lines": 6, "excluded_lines": 0, "percent_statements_covered": 73.91304347826087, "percent_statements_covered_display": "73.91"}, "missing_lines": [218, 219, 233, 234, 235, 236], "excluded_lines": [], "start_line": 190}, "WorkflowPipeline._execute_step": {"executed_lines": [257, 258, 259, 260, 261, 262, 264, 265, 266, 269, 271, 272, 273, 275, 283, 284, 286, 288, 289, 290, 291, 292, 295, 296, 298, 300, 301, 302, 303, 304, 305, 306, 307, 308], "summary": {"covered_lines": 34, "num_statements": 34, "percent_covered": 100.0, "percent_covered_display": "100.00", "missing_lines": 0, "excluded_lines": 0, "percent_statements_covered": 100.0, "percent_statements_covered_display": "100.00"}, "missing_line
[...]
ng_lines": 0, "excluded_lines": 0, "percent_statements_covered": 100.0, "percent_statements_covered_display": "100.00"}, "missing_lines": [], "excluded_lines": [], "start_line": 57}, "InternalServerError.__init__": {"executed_lines": [], "summary": {"covered_lines": 0, "num_statements": 1, "percent_covered": 0.0, "percent_covered_display": "0.00", "missing_lines": 1, "excluded_lines": 0, "percent_statements_covered": 0.0, "percent_statements_covered_display": "0.00"}, "missing_lines": [88], "excluded_lines": [], "start_line": 76}, "DependencyError.__init__": {"executed_lines": [], "summary": {"covered_lines": 0, "num_statements": 1, "percent_covered": 0.0, "percent_covered_display": "0.00", "missing_lines": 1, "excluded_lines": 0, "percent_statements_covered": 0.0, "percent_statements_covered_display": "0.00"}, "missing_lines": [108], "excluded_lines": [], "start_line": 99}, "": {"executed_lines": [6, 9, 12, 35, 38, 54, 57, 73, 76, 96, 99], "summary": {"covered_lines": 11, "num_statements": 11, "percent_covered": 100.0, "percent_covered_display": "100.00", "missing_lines": 0, "excluded_lines": 0, "percent_statements_covered": 100.0, "percent_statements_covered_display": "100.00"}, "missing_lines": [], "excluded_lines": [], "start_line": 1}}, "classes": {"ServiceException": {"executed_lines": [28, 29, 30, 31, 32], "summary": {"covered_lines": 5, "num_statements": 5, "percent_covered": 100.0, "percent_covered_display": "100.00", "missing_lines": 0, "excluded_lines": 0, "percent_statements_covered": 100.0, "percent_statements_covered_display": "100.00"}, "missing_lines": [], "excluded_lines": [], "start_line": 9}, "ValidationError": {"executed_lines": [46], "summary": {"covered_lines": 1, "num_statements": 1, "percent_covered": 100.0, "percent_covered_display": "100.00", "missing_lines": 0, "excluded_lines": 0, "percent_statements_covered": 100.0, "percent_statements_covered_display": "100.00"}, "missing_lines": [], "excluded_lines": [], "start_line": 35}, "NotFoundError": {"executed_lines": [65], "summary": {"covered_lines": 1, "num_statements": 1, "percent_covered": 100.0, "percent_covered_display": "100.00", "missing_lines": 0, "excluded_lines": 0, "percent_statements_covered": 100.0, "percent_statements_covered_display": "100.00"}, "missing_lines": [], "excluded_lines": [], "start_line": 54}, "InternalServerError": {"executed_lines": [], "summary": {"covered_lines": 0, "num_statements": 1, "percent_covered": 0.0, "percent_covered_display": "0.00", "missing_lines": 1, "excluded_lines": 0, "percent_statements_covered": 0.0, "percent_statements_covered_display": "0.00"}, "missing_lines": [88], "excluded_lines": [], "start_line": 73}, "DependencyError": {"executed_lines": [], "summary": {"covered_lines": 0, "num_statements": 1, "percent_covered": 0.0, "percent_covered_display": "0.00", "missing_lines": 1, "excluded_lines": 0, "percent_statements_covered": 0.0, "percent_statements_covered_display": "0.00"}, "missing_lines": [108], "excluded_lines": [], "start_line": 96}, "": {"executed_lines": [6, 9, 12, 35, 38, 54, 57, 73, 76, 96, 99], "summary": {"covered_lines": 11, "num_statements": 11, "percent_covered": 100.0, "percent_covered_display": "100.00", "missing_lines": 0, "excluded_lines": 0, "percent_statements_covered": 100.0, "percent_statements_covered_display": "100.00"}, "missing_lines": [], "excluded_lines": [], "start_line": 1}}}, "src/faas/shared/http_client.py": {"executed_lines": [9, 10, 11, 13, 15, 16, 18, 21, 24, 27, 30, 33, 36, 39, 51, 71, 72, 73, 74, 75, 78, 85, 94, 121, 124, 127, 128, 129, 136, 137, 138, 139, 140, 141, 142, 143, 146, 147, 148, 151, 152, 153, 154, 155, 156, 157, 159, 182, 183, 185, 186, 187, 188, 189, 191, 192, 193, 194, 196, 197, 198, 199, 201, 203, 205, 228, 229, 231, 232, 233, 236, 237, 240, 241, 242, 243, 244, 245, 246, 248, 250, 252, 275, 276, 278, 279, 280, 283, 284, 287, 288, 289, 290, 291, 292, 293, 295, 297, 299, 320, 321, 323, 324, 325, 328, 329, 332, 333, 334, 335, 336, 337, 338, 340, 342, 344, 363, 366, 367, 368, 369, 370, 371, 372, 374, 376, 378, 382, 385, 392, 399, 400, 402, 412, 413, 416, 417, 419, 420, 421, 424, 429, 430, 432, 434, 435, 436, 439, 455], "summary": {"covered_lines": 149, "num_statements": 156, "percent_covered": 95.51282051282051, "percent_covered_display": "95.51", "missing_lines": 7, "excluded_lines": 0, "percent_statements_covered": 95.51282051282051, "percent_statements_covered_display": "95.51"}, "missing_lines": [202, 239, 249, 286, 296, 331, 341], "excluded_lines": [], "functions": {"ServiceHTTPClient.__init__": {"executed_lines": [71, 72, 73, 74, 75, 78, 85], "summary": {"covered_lines": 7, "num_statements": 7, "percent_covered": 100.0, "percent_covered_display": "100.00", "missing_lines": 0, "excluded_lines": 0, "percent_statements_covered": 100.0, "percent_statements_covered_display": "100.00"}, "missing_lines": [], "excluded_lines": [], "start_line": 51}, "ServiceHTTPClient._make_request": {"executed_lines": [121, 124, 127, 151, 152, 153, 154, 155, 156, 157], "summary": {"covered_lines": 10, "num_statements": 10, "percent_covered": 100.0, "percent_covered_display": "100.00", "missing_lines": 0, "excluded_lines": 0, "percent_statements_covered": 100.0, "percent_statements_covered_display": "100.00"}, "missing_lines": [], "excluded_lines": [], "start_line": 94}, "ServiceHTTPClient._make_request._execute_request": {"executed_lines": [128, 129, 136, 137, 138, 139, 140, 141, 142, 143, 146, 147, 148], "summary": {"covered_lines": 13, "num_statements": 13, "percent_covered": 100.0, "percent_covered_display": "100.00", "missing_lines": 0, "excluded_lines": 0, "percent_statements_covered": 100.0, "percent_statements_covered_display": "100.00"}, "missing_lines": [], "excluded_lines": [], "start_line": 127}, "ServiceHTTPClient.get": {"executed_lines": [182, 183, 185, 186, 187, 188, 189, 191, 192, 193, 194, 196, 197, 198, 199, 201, 203], "summary": {"covered_lines": 17, "num_statements": 18, "percent_covered": 94.44444444444444, "percent_covered_display": "94.44", "missing_lines": 1, "excluded_lines": 0, "percent_statements_covered": 94.44444444444444, "percent_statements_covered_display": "94.44"}, "missing_lines": [202], "excluded_lines": [], "start_line": 159}, "ServiceHTTPClient.post": {"executed_lines": [228, 229, 231, 232, 233, 236, 237, 240, 241, 242, 243, 244, 245, 246, 248, 250], "summary": {"covered_lines": 16, "num_statements": 18, "percent_covered": 88.88888888888889, "percent_covered_display": "88.89", "missing_lines": 2, "excluded_lines": 0, "percent_statements_covered": 88.88888888888889, "percent_statements_covered_display": "88.89"}, "missing_lines": [239, 249], "excluded_lines": [], "start_line": 205}, "ServiceHTTPClient.put": {"executed_lines": [275, 276, 278, 279, 280, 283, 284, 287, 288, 289, 290, 291, 292, 293, 295, 297], "summary": {"covered_lines": 16, "num_statements": 18, "percent_covered": 88.88888888888889, "percent_covered_display": "88.89", "missing_lines": 2, "excluded_lines": 0, "percent_statements_covered": 88.88888888888889, "percent_statements_covered_display": "88.89"}, "missing_lines": [286, 296], "excluded_lines": [], "start_line": 252}, "ServiceHTTPClient.delete": {"executed_lines": [320, 321, 323, 324, 325, 328, 329, 332, 333, 334, 335, 336, 337, 338, 340, 342], "summary": {"covered_lines": 16, "num_statements": 18, "percent_covered": 88.88888888888889, "percent_covered_display": "88.89", "missing_lines": 2, "excluded_lines": 0, "percent_statements_covered": 88.88888888888889, "percent_statements_covered_display": "88.89"}, "missing_lines": [331, 341], "excluded_lines": [], "start_line": 299}, "ServiceHTTPClient.get_headers": {"executed_lines": [363, 366, 367, 368, 369, 370, 371, 372], "summary": {"covered_lines": 8, "num_statements": 8, "percent_covered": 100.0, "percent_covered_display": "100.00", "missing_lines": 0, "excluded_lines": 0, "percent_statements_covered": 100.0, "percent_statements_covered_display": "100.00"}, "missing_lines": [], "excluded_lines": [], "start_line": 344}, "ServiceHTTPClient.close": {"executed_lines": [376], "summary": {"covered_lines": 1, "num_statements": 1, "percent_covered": 100.0, "percent_covered_display": "100.00", "missing_lines": 0, "excluded_lines": 0, "percent_statements_covered": 100.0, "percent_statements_covered_display": "100.00"}, "missing_lines": [], "excluded_lines": [], "start_line": 374}, "ServiceHTTPClient.__del__": {"executed_lines": [382], "summary": {"covered_lines": 1, "num_statements": 1, "percent_covered": 100.0, "percent_covered_display": "100.00", "missing_lines": 0, "excluded_lines": 0, "percent_statements_covered": 100.0, "percent_statements_covered_display": "100.00"}, "missing_lines": [], "excluded_lines": [], "start_line": 378}, "ServiceClientManager.__init__": {"executed_lines": [399, 400], "summary": {"covered_lines": 2, "num_statements": 2, "percent_covered": 100.0, "percent_covered_display": "100.00", "missing_lines": 0, "excluded_lines": 0, "percent_statements_covered": 100.0, "percent_statements_covered_display": "100.00"}, "missing_lines": [], "excluded_lines": [], "start_line": 392}, "ServiceClientManager.get_client": {"executed_lines": [412, 413, 416, 417, 419, 420, 421, 424, 429, 430], "summary": {"covered_lines": 10, "num_statements": 10, "percent_covered": 100.0, "percent_covered_display": "100.00", "missing_lines": 0, "excluded_lines": 0, "percent_statements_covered": 100.0, "percent_statements_covered_display": "100.00"}, "missing_lines": [], "excluded_lines": [], "start_line": 402}, "ServiceClientManager.close_all": {"executed_lines": [434, 435, 436], "summary": {"covered_lines": 3, "num_statements": 3, "percent_covered": 100.0, "percent_covered_display": "100.00", "missing_lines": 0, "excluded_lines": 0, "percent_statements_covered": 100.0, "percent_statements_covered_display": "100.00"}, "missing_lines": [], "excluded_lines": [], "start_line": 432}, "create_service_client": {"executed_lines": [455], "summary": {"covered_lines": 1, "num_statements": 1, "percent_covered": 100.0, "percent_covered_display": "100.00", "missing_lines": 0, "excluded_lines": 0, "percent_statements_covered": 100.0, "percent_statements_covered_display": "100.00"}, "missing_lines": [], "excluded_lines": [], "start_line": 439}, "": {"executed_lines": [9, 10, 11, 13, 15, 16, 18, 21, 24, 27, 30, 33, 36, 39, 51, 94, 159, 205, 252, 299, 344, 374, 378, 385, 392, 402, 432, 439], "summary": {"covered_lines": 28, "num_statements": 28, "percent_covered": 100.0, "percent_covered_display": "100.00", "missing_lines": 0, "excluded_lines": 0, "percent_statements_covered": 100.0, "percent_statements_covered_display": "100.00"}, "missing_lines": [], "excluded_lines": [], "start_line": 1}}, "classes": {"ServiceClientError": {"executed_lines": [], "summary": {"covered_lines": 0, "num_statements": 0, "percent_covered": 100.0, "percent_covered_display": "100.00", "missing_lines": 0, "excluded_lines": 0, "percent_statements_covered": 100.0, "percent_statements_covered_display": "100.00"}, "missing_lines": [], "excluded_lines": [], "start_line": 21}, "ServiceUnavailableError": {"executed_lines": [], "summary": {"covered_lines": 0, "num_statements": 0, "percent_covered": 100.0, "percent_covered_display": "100.00", "missing_lines": 0, "excluded_lines": 0, "percent_statements_covered": 100.0, "percent_statements_covered_display": "100.00"}, "missing_lines": [], "excluded_lines": [], "start_line": 27}, "ServiceTimeoutError": {"executed_lines": [], "summary": {"covered_lines": 0, "num_statements": 0, "percent_covered": 100.0, "percent_covered_display": "100.00", "missing_lines": 0, "excluded_lines": 0, "percent_statements_covered": 100.0, "percent_statements_covered_display": "100.00"}, "missing_lines": [], "excluded_lines": [], "start_line": 33}, "ServiceHTTPClient": {"executed_lines": [71, 72, 73, 74, 75, 78, 85, 121, 124, 127, 128, 129, 136, 137, 138, 139, 140, 141, 142, 143, 146, 147, 148, 151, 152, 153, 154, 155, 156, 157, 182, 183, 185, 186, 187, 188, 189, 191, 192, 193, 194, 196, 197, 198, 199, 201, 203, 228, 229, 231, 232, 233, 236, 237, 240, 241, 242, 243, 244, 245, 246, 248, 250, 275, 276, 278, 279, 280, 283, 284, 287, 288, 289, 290, 291, 292, 293, 295, 297, 320, 321, 323, 324, 325, 328, 329, 332, 333, 334, 335, 336, 337, 338, 340, 342, 363, 366, 367, 368, 369, 370, 371, 372, 376, 382], "summary": {"covered_lines": 105, "num_statements": 112, "percent_covered": 93.75, "percent_covered_display": "93.75", "missing_lines": 7, "excluded_lines": 0, "percent_statements_covered": 93.75, "percent_statements_covered_display": "93.75"}, "missing_lines": [202, 239, 249, 286, 296, 331, 341], "excluded_lines": [], "start_line": 39}, "ServiceClientManager": {"executed_lines": [399, 400, 412, 413, 416, 417, 419, 420, 421, 424, 429, 430, 434, 435, 436], "summary": {"covered_lines": 15, "num_statements": 15, "percent_covered": 100.0, "percent_covered_display": "100.00", "missing_lines": 0, "excluded_lines": 0, "percent_statements_covered": 100.0, "percent_statements_covered_display": "100.00"}, "missing_lines": [], "excluded_lines": [], "start_line": 385}, "": {"executed_lines": [9, 10, 11, 13, 15, 16, 18, 21, 24, 27, 30, 33, 36, 39, 51, 94, 159, 205, 252, 299, 344, 374, 378, 385, 392, 402, 432, 439, 455], "summary": {"covered_lines": 29, "num_statements": 29, "percent_covered": 100.0, "percent_covered_display": "100.00", "missing_lines": 0, "excluded_lines": 0, "percent_statements_covered": 100.0, "percent_statements_covered_display": "100.00"}, "missing_lines": [], "excluded_lines": [], "start_line": 1}}}, "src/faas/shared/middleware.py": {"executed_lines": [8, 9, 10, 11, 13, 14, 15, 17, 18, 20, 23, 26, 37, 40, 51, 54, 55, 66, 68, 71, 74, 86, 88, 89, 101, 102, 105, 116, 117, 118, 120, 121, 122, 123, 124, 126, 127, 128, 129, 131, 142, 153, 157, 159, 160, 176, 184, 187, 190, 192, 195, 208, 209, 210, 212, 214, 217, 227, 229, 230, 231, 232, 233, 234, 235, 236, 237, 238, 240], "summary": {"covered_lines": 69, "num_statements": 69, "percent_covered": 100.0, "percent_covered_display": "100.00", "missing_lines": 0, "excluded_lines": 0, "percent_statements_covered": 100.0, "percent_statements_covered_display": "100.00"}, "missing_lines": [], "excluded_lines": [], "functions": {"LoggingMiddleware.dispatch": {"executed_lines": [37, 40, 51, 54, 55, 66, 68], "summary": {"covered_lines": 7, "num_statements": 7, "percent_covered": 100.0, "percent_covered_display": "100.00", "missing_lines": 0, "excluded_lines": 0, "percent_statements_covered": 100.0, "percent_statements_covered_display": "100.00"}, "missing_lines": [], "excluded_lines": [], "start_line": 26}, "AuthMiddleware.dispatch": {"executed_lines": [86, 88, 89, 101, 102], "summary": {"covered_lines": 5, "num_statements": 5, "percent_covered": 100.0, "percent_covered_display": "100.00", "missing_lines": 0, "excluded_lines": 0, "percent_statements_covered": 100.0, "percent_statements_covered_display": "100.00"}, "missing_lines": [], "excluded_lines": [], "start_line": 74}, "error_handler": {"executed_lines": [116, 117, 118, 120, 121, 122, 123, 124, 126, 127, 128, 129, 131, 142, 153, 157, 159, 160], "summary": {"covered_lines": 18, "num_statements": 18, "percent_covered": 100.0, "percent_covered_display": "100.00", "missing_lines": 0, "excluded_lines": 0, "percent_statements_covered": 100.0, "percent_statements_covered_display": "100.00"}, "missing_lines": [], "excluded_lines": [], "start_line": 105}, "setup_middleware": {"executed_lines": [184, 187, 190, 192], "summary": {"covered_lines": 4, "num_statements": 4, "percent_covered": 100.0, "percent_covered_display": "100.00", "missing_lines": 0, "excluded_lines": 0, "percent_statements_covered": 100.0, "percent_statements_covered_display": "100.00"}, "missing_lines": [], "excluded_lines": [], "start_line": 176}, "auth_middleware": {"executed_lines": [208, 209, 210, 212, 214], "summary": {"covered_lines": 5, "num_statements": 5, "percent_covered": 100.0, "percent_covered_display": "100.00", "missing_lines": 0, "excluded_lines": 0, "percent_statements_covered": 100.0, "percent_statements_covered_display": "100.00"}, "missing_lines": [], "excluded_lines": [], "start_line": 195}, "logging_middleware": {"executed_lines": [227, 229, 230, 240], "summary": {"covered_lines": 4, "num_statements": 4, "percent_covered": 100.0, "percent_covered_display": "100.00", "missing_lines": 0, "excluded_lines": 0, "percent_statements_covered": 100.0, "percent_statements_covered_display": "100.00"}, "missing_lines": [], "excluded_lines": [], "start_line": 217}, "logging_middleware.wrapper": {"executed_lines": [231, 232, 233, 234, 235, 236, 237, 238], "summary": {"covered_lines": 8, "num_statements": 8, "percent_covered": 100.0, "percent_covered_display": "100.00", "missing_lines": 0, "excluded_lines": 0, "percent_statements_covered": 100.0, "percent_statements_covered_display": "100.00"}, "missing_lines": [], "excluded_lines": [], "start_line": 230}, "": {"executed_lines": [8, 9, 10, 11, 13, 14, 15, 17, 18, 20, 23, 26, 71, 74, 105, 176, 195, 217], "summary": {"covered_lines": 18, "num_statements": 18, "percent_covered": 100.0, "percent_covered_display": "100.00", "missing_lines": 0, "excluded_lines": 0, "percent_statements_covered": 100.0, "percent_statements_covered_display": "100.00"}, "missing_lines": [], "excluded_lines": [], "start_line": 1}}, "classes": {"LoggingMiddleware": {"executed_lines": [37, 40, 51, 54, 55, 66, 68], "summary": {"covered_lines": 7, "num_statements": 7, "percent_covered": 100.0, "percent_covered_display": "100.00", "missing_lines": 0, "excluded_lines": 0, "percent_statements_covered": 100.0, "percent_statements_covered_display": "100.00"}, "missing_lines": [], "excluded_lines": [], "start_line": 23}, "AuthMiddleware": {"executed_lines": [86, 88, 89, 101, 102], "summary": {"covered_lines": 5, "num_statements": 5, "percent_covered": 100.0, "percent_covered_display": "100.00", "missing_lines": 0, "excluded_lines": 0, "percent_statements_covered": 100.0, "percent_statements_covered_display": "100.00"}, "missing_lines": [], "excluded_lines": [], "start_line": 71}, "": {"executed_lines": [8, 9, 10, 11, 13, 14, 15, 17, 18, 20, 23, 26, 71, 74, 105, 116, 117, 118, 120, 121, 122, 123, 124, 126, 127, 128, 129, 131, 142, 153, 157, 159, 160, 176, 184, 187, 190, 192, 195, 208, 209, 210, 212, 214, 217, 227, 229, 230, 231, 232, 233, 234, 235, 236, 237, 238, 240], "summary": {"covered_lines": 57, "num_statements": 57, "percent_covered": 100.0, "percent_covered_display": "100.00", "missing_lines": 0, "excluded_lines": 0, "percent_statements_covered": 100.0, "percent_statements_covered_display": "100.00"}, "missing_lines": [], "excluded_lines": [], "start_line": 1}}}, "src/generated/__init__.py": {"executed_lines": [], "summary": {"covered_lines": 0, "num_statements": 1, "percent_covered": 0.0, "percent_covered_display": "0.00", "missing_lines": 1, "excluded_lines": 0, "percent_statements_covered": 0.0, "percent_statements_covered_display": "0.00"}, "missing_lines": [14], "excluded_lines": [], "functions": {"": {"executed_lines": [], "summary": {"covered_lines": 0, "num_statements": 1, "percent_covered": 0.0, "percent_covered_display": "0.00", "missing_lines": 1, "excluded_lines": 0, "percent_statements_covered": 0.0, "percent_statements_covered_display": "0.00"}, "missing_lines": [14], "excluded_lines": [], "start_line": 1}}, "classes": {"": {"executed_lines": [], "summary": {"covered_lines": 0, "num_statements": 1, "percent_covered": 0.0, "percent_covered_display": "0.00", "missing_lines": 1, "excluded_lines": 0, "percent_statements_covered": 0.0, "percent_statements_covered_display": "0.00"}, "missing_lines": [14], "excluded_lines": [], "start_line": 1}}}}, "totals": {"covered_lines": 8355, "num_statements": 8815, "percent_covered": 94.781622234827, "percent_covered_display": "94.78", "missing_lines": 460, "excluded_lines": 168, "percent_statements_covered": 94.781622234827, "percent_statements_covered_display": "94.78"}}