{"meta": {"format": 3, "version": "7.13.1", "timestamp": "2026-02-25T18:15:55.808282", "branch_coverage": false, "show_contexts": false}, "files": {"src/__init__.py": {"executed_lines": [9], "summary": {"covered_lines": 1, "num_statements": 1, "percent_covered": 100.0, "percent_covered_display": "100.00", "missing_lines": 0, "excluded_lines": 0, "percent_statements_covered": 100.0, "percent_statements_covered_display": "100.00"}, "missing_lines": [], "excluded_lines": [], "functions": {"": {"executed_lines": [9], "summary": {"covered_lines": 1, "num_statements": 1, "percent_covered": 100.0, "percent_covered_display": "100.00", "missing_lines": 0, "excluded_lines": 0, "percent_statements_covered": 100.0, "percent_statements_covered_display": "100.00"}, "missing_lines": [], "excluded_lines": [], "start_line": 1}}, "classes": {"": {"executed_lines": [9], "summary": {"covered_lines": 1, "num_statements": 1, "percent_covered": 100.0, "percent_covered_display": "100.00", "missing_lines": 0, "excluded_lines": 0, "percent_statements_covered": 100.0, "percent_statements_covered_display": "100.00"}, "missing_lines": [], "excluded_lines": [], "start_line": 1}}}, "src/core/__init__.py": {"executed_lines": [13], "summary": {"covered_lines": 1, "num_statements": 1, "percent_covered": 100.0, "percent_covered_display": "100.00", "missing_lines": 0, "excluded_lines": 0, "percent_statements_covered": 100.0, "percent_statements_covered_display": "100.00"}, "missing_lines": [], "excluded_lines": [], "functions": {"": {"executed_lines": [13], "summary": {"covered_lines": 1, "num_statements": 1, "percent_covered": 100.0, "percent_covered_display": "100.00", "missing_lines": 0, "excluded_lines": 0, "percent_statements_covered": 100.0, "percent_statements_covered_display": "100.00"}, "missing_lines": [], "excluded_lines": [], "start_line": 1}}, "classes": {"": {"executed_lines": [13], "summary": {"covered_lines": 1, "num_statements": 1, "percent_covered": 100.0, "percent_covered_display": "100.00", "missing_lines": 0, "excluded_lines": 0, "percent_statements_covered": 100.0, "percent_statements_covered_display": "100.00"}, "missing_lines": [], "excluded_lines": [], "start_line": 1}}}, "src/core/agno_agent_framework/__init__.py": {"executed_lines": [13, 14, 18, 20, 21, 22, 23, 24, 25, 26, 32, 46, 64, 65, 71, 72, 88, 89, 96, 97, 104, 105, 114, 115, 127], "summary": {"covered_lines": 25, "num_statements": 60, "percent_covered": 41.666666666666664, "percent_covered_display": "41.67", "missing_lines": 35, "excluded_lines": 0, "percent_statements_covered": 41.666666666666664, "percent_statements_covered_display": "41.67"}, "missing_lines": [15, 16, 17, 66, 67, 68, 69, 80, 81, 82, 83, 84, 85, 86, 90, 91, 92, 93, 94, 98, 99, 100, 101, 102, 106, 107, 108, 109, 110, 111, 121, 122, 123, 124, 125], "excluded_lines": [], "functions": {"": {"executed_lines": [13, 14, 18, 20, 21, 22, 23, 24, 25, 26, 32, 46, 64, 65, 71, 72, 88, 89, 96, 97, 104, 105, 114, 115, 127], "summary": {"covered_lines": 25, "num_statements": 60, "percent_covered": 41.666666666666664, "percent_covered_display": "41.67", "missing_lines": 35, "excluded_lines": 0, "percent_statements_covered": 41.666666666666664, "percent_statements_covered_display": "41.67"}, "missing_lines": [15, 16, 17, 66, 67, 68, 69, 80, 81, 82, 83, 84, 85, 86, 90, 91, 92, 93, 94, 98, 99, 100, 101, 102, 106, 107, 108, 109, 110, 111, 121, 122, 123, 124, 125], "excluded_lines": [], "start_line": 1}}, "classes": {"": {"executed_lines": [13, 14, 18, 20, 21, 22, 23, 24, 25, 26, 32, 46, 64, 65, 71, 72, 88, 89, 96, 97, 104, 105, 114, 115, 127], "summary": {"covered_lines": 25, "num_statements": 60, "percent_covered": 41.666666666666664, "percent_covered_display": "41.67", "missing_lines": 35, "excluded_lines": 0, "percent_statements_covered": 41.666666666666664, "percent_statements_covered_display": "41.67"}, "missing_lines": [15, 16, 17, 66, 67, 68, 69, 80, 81, 82, 83, 84, 85, 86, 90, 91, 92, 93, 94, 98, 99, 100, 101, 102, 106, 107, 108, 109, 110, 111, 121, 122, 123, 124, 125], "excluded_lines": [], "start_line": 1}}}, "src/core/agno_agent_framework/agent.py": {"executed_lines": [19, 20, 21, 22, 23, 26, 29, 30, 31, 36, 37, 40, 41, 48, 51, 52, 53, 54, 55, 58, 61, 62, 63, 66, 69, 70, 71, 72, 73, 74, 77, 80, 81, 82, 83, 84, 85, 88, 96, 97, 98, 99, 100, 101, 104, 105, 106, 109, 110, 113, 114, 115, 118, 119, 120, 121, 122, 125, 126, 127, 128, 131, 132, 135, 138, 139, 142, 143, 146, 147, 150, 153, 154, 155, 157, 158, 160, 179, 199, 223, 242, 270, 316, 419, 440, 467, 478, 524, 557, 598, 664, 701, 723, 752, 782, 796, 810, 827, 839, 865, 885, 910, 930, 962, 991, 1014, 1030, 1073, 1085, 1100, 1142, 1178, 1214, 1236, 1249, 1276, 1317, 1334, 1370, 1397, 1420, 1438, 1481, 1497, 1498, 1526, 1527, 1549, 1550, 1567, 1568, 1591, 1592, 1631, 1632, 1673, 1674, 1690, 1691, 1709, 1710, 1743, 1751, 1756, 1768, 1780, 1792, 1801, 1817, 1835, 1854, 1863, 1875], "summary": {"covered_lines": 153, "num_statements": 609, "percent_covered": 25.123152709359605, "percent_covered_display": "25.12", "missing_lines": 456, "excluded_lines": 0, "percent_statements_covered": 25.123152709359605, "percent_statements_covered_display": "25.12"}, "missing_lines": [42, 44, 45, 174, 177, 191, 192, 195, 196, 197, 212, 213, 214, 216, 234, 235, 252, 253, 254, 255, 256, 257, 258, 259, 260, 261, 262, 263, 265, 266, 267, 268, 283, 284, 286, 287, 288, 289, 290, 291, 292, 293, 294, 295, 296, 297, 298, 299, 300, 302, 304, 305, 306, 327, 329, 330, 333, 334, 335, 336, 337, 338, 339, 341, 342, 344, 345, 346, 347, 348, 349, 350, 352, 353, 355, 356, 357, 360, 361, 362, 363, 364, 365, 366, 368, 369, 373, 379, 380, 381, 382, 385, 386, 387, 388, 389, 390, 391, 393, 394, 398, 404, 406, 407, 410, 411, 413, 414, 416, 417, 430, 431, 434, 450, 451, 454, 457, 458, 461, 462, 465, 474, 475, 476, 499, 500, 502, 503, 504, 505, 507, 510, 511, 512, 515, 516, 517, 520, 545, 546, 547, 548, 550, 578, 579, 580, 582, 583, 586, 587, 596, 623, 624, 632, 634, 637, 647, 656, 657, 689, 697, 698, 699, 711, 712, 714, 716, 717, 718, 719, 721, 733, 734, 736, 737, 739, 740, 742, 743, 748, 750, 762, 764, 765, 767, 769, 770, 772, 773, 778, 780, 792, 793, 794, 806, 807, 808, 817, 818, 820, 821, 822, 823, 834, 835, 836, 837, 846, 847, 849, 850, 859, 860, 861, 862, 863, 875, 876, 878, 879, 880, 882, 883, 896, 897, 899, 901, 902, 903, 905, 906, 908, 920, 921, 923, 924, 925, 928, 942, 944, 945, 947, 949, 950, 951, 953, 954, 956, 957, 958, 960, 983, 1004, 1005, 1007, 1008, 1009, 1010, 1012, 1024, 1025, 1026, 1028, 1052, 1053, 1054, 1055, 1057, 1059, 1067, 1068, 1069, 1070, 1071, 1083, 1095, 1096, 1107, 1110, 1112, 1113, 1116, 1118, 1120, 1121, 1124, 1126, 1128, 1129, 1132, 1133, 1134, 1138, 1139, 1140, 1149, 1150, 1152, 1153, 1159, 1160, 1163, 1176, 1196, 1197, 1199, 1200, 1202, 1210, 1226, 1227, 1229, 1233, 1234, 1243, 1244, 1246, 1247, 1262, 1264, 1265, 1266, 1267, 1268, 1273, 1274, 1289, 1291, 1292, 1293, 1294, 1301, 1302, 1307, 1308, 1309, 1324, 1347, 1349, 1350, 1352, 1353, 1356, 1357, 1360, 1363, 1364, 1365, 1368, 1377, 1378, 1380, 1381, 1382, 1393, 1395, 1404, 1405, 1407, 1415, 1416, 1418, 1427, 1428, 1429, 1435, 1436, 1451, 1491, 1492, 1494, 1495, 1511, 1512, 1514, 1515, 1516, 1522, 1523, 1524, 1540, 1561, 1562, 1563, 1564, 1565, 1579, 1580, 1581, 1582, 1583, 1584, 1585, 1586, 1587, 1588, 1589, 1606, 1607, 1609, 1615, 1616, 1617, 1619, 1620, 1627, 1628, 1629, 1646, 1647, 1648, 1650, 1652, 1653, 1654, 1655, 1656, 1668, 1670, 1671, 1685, 1686, 1687, 1688, 1702, 1704, 1705, 1706, 1707, 1727, 1729, 1730, 1731, 1733, 1734, 1735, 1736, 1737, 1738, 1740, 1753, 1754, 1766, 1778, 1790, 1799, 1811, 1831, 1832, 1833, 1850, 1851, 1852, 1861, 1873, 1882], "excluded_lines": [], "functions": {"Agent.add_capability": {"executed_lines": [], "summary": {"covered_lines": 0, "num_statements": 2, "percent_covered": 0.0, "percent_covered_display": "0.00", "missing_lines": 2, "excluded_lines": 0, "percent_statements_covered": 0.0, "percent_statements_covered_display": "0.00"}, "missing_lines": [174, 177], "excluded_lines": [], "start_line": 160}, "Agent.add_task": {"executed_lines": [], "summary": {"covered_lines": 0, "num_statements": 5, "percent_covered": 0.0, "percent_covered_display": "0.00", "missing_lines": 5, "excluded_lines": 0, "percent_statements_covered": 0.0, "percent_statements_covered_display": "0.00"}, "missing_lines": [191, 192, 195, 196, 197], "excluded_lines": [], "start_line": 179}, "Agent._validate_tenant_id": {"executed_lines": [], "summary": {"covered_lines": 0, "num_statements": 4, "percent_covered": 0.0, "percent_covered_display": "0.00", "missing_lines": 4, "excluded_lines": 0, "percent_statements_covered": 0.0, "percent_statements_covered_display": "0.00"}, "missing_lines": [212, 213, 214, 216], "excluded_lines": [], "start_line": 199}, "Agent._store_task_result_in_memory": {"executed_lines": [], "summary": {"covered_lines": 0, "num_statements": 2, "percent_covered": 0.0, "percent_covered_display": "0.00", "missing_lines": 2, "excluded_lines": 0, "percent_statements_covered": 0.0, "percent_statements_covered_display": "0.00"}, "missing_lines": [234, 235], "excluded_lines": [], "start_line": 223}, "Agent._build_error_suggestion": {"executed_lines": [], "summary": {"covered_lines": 0, "num_statements": 16, "percent_covered": 0.0, "percent_covered_display": "0.00", "missing_lines": 16, "excluded_lines": 0, "percent_statements_covered": 0.0, "percent_statements_covered_display": "0.00"}, "missing_lines": [252, 253, 254, 255, 256, 257, 258, 259, 260, 261, 262, 263, 265, 266, 267, 268], "excluded_lines": [], "start_line": 242}, "Agent._execute_with_retry": {"executed_lines": [], "summary": {"covered_lines": 0, "num_statements": 21, "percent_covered": 0.0, "percent_covered_display": "0.00", "missing_lines": 21, "excluded_lines": 0, "percent_statements_covered": 0.0, "percent_statements_covered_display": "0.00"}, "missing_lines": [283, 284, 286, 287, 288, 289, 290, 291, 292, 293, 294, 295, 296, 297, 298, 299, 300, 302, 304, 305, 306], "excluded_lines": [], "start_line": 270}, "Agent.execute_task": {"executed_lines": [], "summary": {"covered_lines": 0, "num_statements": 57, "percent_covered": 0.0, "percent_covered_display": "0.00", "missing_lines": 57, "excluded_lines": 0, "percent_statements_covered": 0.0, "percent_statements_covered_display": "0.00"}, "missing_lines": [327, 329, 330, 333, 334, 335, 336, 337, 338, 339, 341, 342, 344, 345, 346, 347, 348, 349, 350, 352, 353, 355, 356, 357, 360, 361, 362, 363, 364, 365, 366, 368, 369, 373, 379, 380, 381, 382, 385, 386, 387, 388, 389, 390, 391, 393, 394, 398, 404, 406, 407, 410, 411, 413, 414, 416, 417], "excluded_lines": [], "start_line": 316}, "Agent._execute_task_internal": {"executed_lines": [], "summary": {"covered_lines": 0, "num_statements": 3, "percent_covered": 0.0, "percent_covered_display": "0.00", "missing_lines": 3, "excluded_lines": 0, "percent_statements_covered": 0.0, "percent_statements_covered_display": "0.00"}, "missing_lines": [430, 431, 434], "excluded_lines": [], "start_line": 419}, "Agent._execute_llm_task": {"executed_lines": [], "summary": {"covered_lines": 0, "num_statements": 8, "percent_covered": 0.0, "percent_covered_display": "0.00", "missing_lines": 8, "excluded_lines": 0, "percent_statements_covered": 0.0, "percent_statements_covered_display": "0.00"}, "missing_lines": [450, 451, 454, 457, 458, 461, 462, 465], "excluded_lines": [], "start_line": 440}, "Agent._get_tools_schema": {"executed_lines": [], "summary": {"covered_lines": 0, "num_statements": 3, "percent_covered": 0.0, "percent_covered_display": "0.00", "missing_lines": 3, "excluded_lines": 0, "percent_statements_covered": 0.0, "percent_statements_covered_display": "0.00"}, "missing_lines": [474, 475, 476], "excluded_lines": [], "start_line": 467}, "Agent._tool_calling_loop": {"executed_lines": [], "summary": {"covered_lines": 0, "num_statements": 14, "percent_covered": 0.0, "percent_covered_display": "0.00", "missing_lines": 14, "excluded_lines": 0, "percent_statements_covered": 0.0, "percent_statements_covered_display": "0.00"}, "missing_lines": [499, 500, 502, 503, 504, 505, 507, 510, 511, 512, 515, 516, 517, 520], "excluded_lines": [], "start_line": 478}, "Agent._call_llm": {"executed_lines": [], "summary": {"covered_lines": 0, "num_statements": 5, "percent_covered": 0.0, "percent_covered_display": "0.00", "missing_lines": 5, "excluded_lines": 0, "percent_statements_covered": 0.0, "percent_statements_covered_display": "0.00"}, "missing_lines": [545, 546, 547, 548, 550], "excluded_lines": [], "start_line": 524}, "Agent._execute_function_calls": {"executed_lines": [], "summary": {"covered_lines": 0, "num_statements": 8, "percent_covered": 0.0, "percent_covered_display": "0.00", "missing_lines": 8, "excluded_lines": 0, "percent_statements_covered": 0.0, "percent_statements_covered_display": "0.00"}, "missing_lines": [578, 579, 580, 582, 583, 586, 587, 596], "excluded_lines": [], "start_line": 557}, "Agent._execute_single_tool": {"executed_lines": [], "summary": {"covered_lines": 0, "num_statements": 8, "percent_covered": 0.0, "percent_covered_display": "0.00", "missing_lines": 8, "excluded_lines": 0, "percent_statements_covered": 0.0, "percent_statements_covered_display": "0.00"}, "missing_lines": [623, 624, 632, 634, 637, 647, 656, 657], "excluded_lines": [], "start_line": 598}, "Agent._build_task_result": {"executed_lines": [], "summary": {"covered_lines": 0, "num_statements": 4, "percent_covered": 0.0, "percent_covered_display": "0.00", "missing_lines": 4, "excluded_lines": 0, "percent_statements_covered": 0.0, "percent_statements_covered_display": "0.00"}, "missing_lines": [689, 697, 698, 699], "excluded_lines": [], "start_line": 664}, "Agent._extract_function_calls": {"executed_lines": [], "summary": {"covered_lines": 0, "num_statements": 8, "percent_covered": 0.0, "percent_covered_display": "0.00", "missing_lines": 8, "excluded_lines": 0, "percent_statements_covered": 0.0, "percent_statements_covered_display": "0.00"}, "missing_lines": [711, 712, 714, 716, 717, 718, 719, 721], "excluded_lines": [], "start_line": 701}, "Agent._extract_from_dict_response": {"executed_lines": [], "summary": {"covered_lines": 0, "num_statements": 10, "percent_covered": 0.0, "percent_covered_display": "0.00", "missing_lines": 10, "excluded_lines": 0, "percent_statements_covered": 0.0, "percent_statements_covered_display": "0.00"}, "missing_lines": [733, 734, 736, 737, 739, 740, 742, 743, 748, 750], "excluded_lines": [], "start_line": 723}, "Agent._extract_from_litellm_response": {"executed_lines": [], "summary": {"covered_lines": 0, "num_statements": 10, "percent_covered": 0.0, "percent_covered_display": "0.00", "missing_lines": 10, "excluded_lines": 0, "percent_statements_covered": 0.0, "percent_statements_covered_display": "0.00"}, "missing_lines": [762, 764, 765, 767, 769, 770, 772, 773, 778, 780], "excluded_lines": [], "start_line": 752}, "Agent._get_tool_name": {"executed_lines": [], "summary": {"covered_lines": 0, "num_statements": 3, "percent_covered": 0.0, "percent_covered_display": "0.00", "missing_lines": 3, "excluded_lines": 0, "percent_statements_covered": 0.0, "percent_statements_covered_display": "0.00"}, "missing_lines": [792, 793, 794], "excluded_lines": [], "start_line": 782}, "Agent._get_tool_arguments": {"executed_lines": [], "summary": {"covered_lines": 0, "num_statements": 3, "percent_covered": 0.0, "percent_covered_display": "0.00", "missing_lines": 3, "excluded_lines": 0, "percent_statements_covered": 0.0, "percent_statements_covered_display": "0.00"}, "missing_lines": [806, 807, 808], "excluded_lines": [], "start_line": 796}, "Agent._initialize_prompt_manager": {"executed_lines": [], "summary": {"covered_lines": 0, "num_statements": 6, "percent_covered": 0.0, "percent_covered_display": "0.00", "missing_lines": 6, "excluded_lines": 0, "percent_statements_covered": 0.0, "percent_statements_covered_display": "0.00"}, "missing_lines": [817, 818, 820, 821, 822, 823], "excluded_lines": [], "start_line": 810}, "Agent._build_system_prompt_parts": {"executed_lines": [], "summary": {"covered_lines": 0, "num_statements": 4, "percent_covered": 0.0, "percent_covered_display": "0.00", "missing_lines": 4, "excluded_lines": 0, "percent_statements_covered": 0.0, "percent_statements_covered_display": "0.00"}, "missing_lines": [834, 835, 836, 837], "excluded_lines": [], "start_line": 827}, "Agent._build_role_prompt_part": {"executed_lines": [], "summary": {"covered_lines": 0, "num_statements": 9, "percent_covered": 0.0, "percent_covered_display": "0.00", "missing_lines": 9, "excluded_lines": 0, "percent_statements_covered": 0.0, "percent_statements_covered_display": "0.00"}, "missing_lines": [846, 847, 849, 850, 859, 860, 861, 862, 863], "excluded_lines": [], "start_line": 839}, "Agent._retrieve_memory_context": {"executed_lines": [], "summary": {"covered_lines": 0, "num_statements": 7, "percent_covered": 0.0, "percent_covered_display": "0.00", "missing_lines": 7, "excluded_lines": 0, "percent_statements_covered": 0.0, "percent_statements_covered_display": "0.00"}, "missing_lines": [875, 876, 878, 879, 880, 882, 883], "excluded_lines": [], "start_line": 865}, "Agent._build_context": {"executed_lines": [], "summary": {"covered_lines": 0, "num_statements": 9, "percent_covered": 0.0, "percent_covered_display": "0.00", "missing_lines": 9, "excluded_lines": 0, "percent_statements_covered": 0.0, "percent_statements_covered_display": "0.00"}, "missing_lines": [896, 897, 899, 901, 902, 903, 905, 906, 908], "excluded_lines": [], "start_line": 885}, "Agent._enforce_token_budget": {"executed_lines": [], "summary": {"covered_lines": 0, "num_statements": 6, "percent_covered": 0.0, "percent_covered_display": "0.00", "missing_lines": 6, "excluded_lines": 0, "percent_statements_covered": 0.0, "percent_statements_covered_display": "0.00"}, "missing_lines": [920, 921, 923, 924, 925, 928], "excluded_lines": [], "start_line": 910}, "Agent._build_prompt_with_context": {"executed_lines": [], "summary": {"covered_lines": 0, "num_statements": 13, "percent_covered": 0.0, "percent_covered_display": "0.00", "missing_lines": 13, "excluded_lines": 0, "percent_statements_covered": 0.0, "percent_statements_covered_display": "0.00"}, "missing_lines": [942, 944, 945, 947, 949, 950, 951, 953, 954, 956, 957, 958, 960], "excluded_lines": [], "start_line": 930}, "Agent.attach_memory": {"executed_lines": [], "summary": {"covered_lines": 0, "num_statements": 1, "percent_covered": 0.0, "percent_covered_display": "0.00", "missing_lines": 1, "excluded_lines": 0, "percent_statements_covered": 0.0, "percent_statements_covered_display": "0.00"}, "missing_lines": [983], "excluded_lines": [], "start_line": 962}, "Agent.attach_tools": {"executed_lines": [], "summary": {"covered_lines": 0, "num_statements": 7, "percent_covered": 0.0, "percent_covered_display": "0.00", "missing_lines": 7, "excluded_lines": 0, "percent_statements_covered": 0.0, "percent_statements_covered_display": "0.00"}, "missing_lines": [1004, 1005, 1007, 1008, 1009, 1010, 1012], "excluded_lines": [], "start_line": 991}, "Agent.add_tool": {"executed_lines": [], "summary": {"covered_lines": 0, "num_statements": 4, "percent_covered": 0.0, "percent_covered_display": "0.00", "missing_lines": 4, "excluded_lines": 0, "percent_statements_covered": 0.0, "percent_statements_covered_display": "0.00"}, "missing_lines": [1024, 1025, 1026, 1028], "excluded_lines": [], "start_line": 1014}, "Agent.attach_prompt_manager": {"executed_lines": [], "summary": {"covered_lines": 0, "num_statements": 11, "percent_covered": 0.0, "percent_covered_display": "0.00", "missing_lines": 11, "excluded_lines": 0, "percent_statements_covered": 0.0, "percent_statements_covered_display": "0.00"}, "missing_lines": [1052, 1053, 1054, 1055, 1057, 1059, 1067, 1068, 1069, 1070, 1071], "excluded_lines": [], "start_line": 1030}, "Agent.set_system_prompt": {"executed_lines": [], "summary": {"covered_lines": 0, "num_statements": 1, "percent_covered": 0.0, "percent_covered_display": "0.00", "missing_lines": 1, "excluded_lines": 0, "percent_statements_covered": 0.0, "percent_statements_covered_display": "0.00"}, "missing_lines": [1083], "excluded_lines": [], "start_line": 1073}, "Agent.attach_circuit_breaker": {"executed_lines": [], "summary": {"covered_lines": 0, "num_statements": 2, "percent_covered": 0.0, "percent_covered_display": "0.00", "missing_lines": 2, "excluded_lines": 0, "percent_statements_covered": 0.0, "percent_statements_covered_display": "0.00"}, "missing_lines": [1095, 1096], "excluded_lines": [], "start_line": 1085}, "Agent.attach_health_check": {"executed_lines": [], "summary": {"covered_lines": 0, "num_statements": 7, "percent_covered": 0.0, "percent_covered_display": "0.00", "missing_lines": 7, "excluded_lines": 0, "percent_statements_covered": 0.0, "percent_statements_covered_display": "0.00"}, "missing_lines": [1107, 1110, 1118, 1126, 1138, 1139, 1140], "excluded_lines": [], "start_line": 1100}, "Agent.attach_health_check.check_gateway_health": {"executed_lines": [], "summary": {"covered_lines": 0, "num_statements": 3, "percent_covered": 0.0, "percent_covered_display": "0.00", "missing_lines": 3, "excluded_lines": 0, "percent_statements_covered": 0.0, "percent_statements_covered_display": "0.00"}, "missing_lines": [1112, 1113, 1116], "excluded_lines": [], "start_line": 1110}, "Agent.attach_health_check.check_memory_health": {"executed_lines": [], "summary": {"covered_lines": 0, "num_statements": 3, "percent_covered": 0.0, "percent_covered_display": "0.00", "missing_lines": 3, "excluded_lines": 0, "percent_statements_covered": 0.0, "percent_statements_covered_display": "0.00"}, "missing_lines": [1120, 1121, 1124], "excluded_lines": [], "start_line": 1118}, "Agent.attach_health_check.check_status_health": {"executed_lines": [], "summary": {"covered_lines": 0, "num_statements": 5, "percent_covered": 0.0, "percent_covered_display": "0.00", "missing_lines": 5, "excluded_lines": 0, "percent_statements_covered": 0.0, "percent_statements_covered_display": "0.00"}, "missing_lines": [1128, 1129, 1132, 1133, 1134], "excluded_lines": [], "start_line": 1126}, "Agent.get_health": {"executed_lines": [], "summary": {"covered_lines": 0, "num_statements": 8, "percent_covered": 0.0, "percent_covered_display": "0.00", "missing_lines": 8, "excluded_lines": 0, "percent_statements_covered": 0.0, "percent_statements_covered_display": "0.00"}, "missing_lines": [1149, 1150, 1152, 1153, 1159, 1160, 1163, 1176], "excluded_lines": [], "start_line": 1142}, "Agent.add_prompt_template": {"executed_lines": [], "summary": {"covered_lines": 0, "num_statements": 6, "percent_covered": 0.0, "percent_covered_display": "0.00", "missing_lines": 6, "excluded_lines": 0, "percent_statements_covered": 0.0, "percent_statements_covered_display": "0.00"}, "missing_lines": [1196, 1197, 1199, 1200, 1202, 1210], "excluded_lines": [], "start_line": 1178}, "Agent.send_message": {"executed_lines": [], "summary": {"covered_lines": 0, "num_statements": 5, "percent_covered": 0.0, "percent_covered_display": "0.00", "missing_lines": 5, "excluded_lines": 0, "percent_statements_covered": 0.0, "percent_statements_covered_display": "0.00"}, "missing_lines": [1226, 1227, 1229, 1233, 1234], "excluded_lines": [], "start_line": 1214}, "Agent.receive_message": {"executed_lines": [], "summary": {"covered_lines": 0, "num_statements": 4, "percent_covered": 0.0, "percent_covered_display": "0.00", "missing_lines": 4, "excluded_lines": 0, "percent_statements_covered": 0.0, "percent_statements_covered_display": "0.00"}, "missing_lines": [1243, 1244, 1246, 1247], "excluded_lines": [], "start_line": 1236}, "Agent.encode_message": {"executed_lines": [], "summary": {"covered_lines": 0, "num_statements": 8, "percent_covered": 0.0, "percent_covered_display": "0.00", "missing_lines": 8, "excluded_lines": 0, "percent_statements_covered": 0.0, "percent_statements_covered_display": "0.00"}, "missing_lines": [1262, 1264, 1265, 1266, 1267, 1268, 1273, 1274], "excluded_lines": [], "start_line": 1249}, "Agent.decode_message": {"executed_lines": [], "summary": {"covered_lines": 0, "num_statements": 10, "percent_covered": 0.0, "percent_covered_display": "0.00", "missing_lines": 10, "excluded_lines": 0, "percent_statements_covered": 0.0, "percent_statements_covered_display": "0.00"}, "missing_lines": [1289, 1291, 1292, 1293, 1294, 1301, 1302, 1307, 1308, 1309], "excluded_lines": [], "start_line": 1276}, "Agent.get_status": {"executed_lines": [], "summary": {"covered_lines": 0, "num_statements": 1, "percent_covered": 0.0, "percent_covered_display": "0.00", "missing_lines": 1, "excluded_lines": 0, "percent_statements_covered": 0.0, "percent_statements_covered_display": "0.00"}, "missing_lines": [1324], "excluded_lines": [], "start_line": 1317}, "Agent.save_state": {"executed_lines": [], "summary": {"covered_lines": 0, "num_statements": 12, "percent_covered": 0.0, "percent_covered_display": "0.00", "missing_lines": 12, "excluded_lines": 0, "percent_statements_covered": 0.0, "percent_statements_covered_display": "0.00"}, "missing_lines": [1347, 1349, 1350, 1352, 1353, 1356, 1357, 1360, 1363, 1364, 1365, 1368], "excluded_lines": [], "start_line": 1334}, "Agent._serialize_tools": {"executed_lines": [], "summary": {"covered_lines": 0, "num_statements": 7, "percent_covered": 0.0, "percent_covered_display": "0.00", "missing_lines": 7, "excluded_lines": 0, "percent_statements_covered": 0.0, "percent_statements_covered_display": "0.00"}, "missing_lines": [1377, 1378, 1380, 1381, 1382, 1393, 1395], "excluded_lines": [], "start_line": 1370}, "Agent._serialize_prompt_manager": {"executed_lines": [], "summary": {"covered_lines": 0, "num_statements": 6, "percent_covered": 0.0, "percent_covered_display": "0.00", "missing_lines": 6, "excluded_lines": 0, "percent_statements_covered": 0.0, "percent_statements_covered_display": "0.00"}, "missing_lines": [1404, 1405, 1407, 1415, 1416, 1418], "excluded_lines": [], "start_line": 1397}, "Agent._serialize_templates": {"executed_lines": [], "summary": {"covered_lines": 0, "num_statements": 5, "percent_covered": 0.0, "percent_covered_display": "0.00", "missing_lines": 5, "excluded_lines": 0, "percent_statements_covered": 0.0, "percent_statements_covered_display": "0.00"}, "missing_lines": [1427, 1428, 1429, 1435, 1436], "excluded_lines": [], "start_line": 1420}, "Agent._build_state_dict": {"executed_lines": [], "summary": {"covered_lines": 0, "num_statements": 1, "percent_covered": 0.0, "percent_covered_display": "0.00", "missing_lines": 1, "excluded_lines": 0, "percent_statements_covered": 0.0, "percent_statements_covered_display": "0.00"}, "missing_lines": [1451], "excluded_lines": [], "start_line": 1438}, "Agent._save_prompt_history": {"executed_lines": [], "summary": {"covered_lines": 0, "num_statements": 4, "percent_covered": 0.0, "percent_covered_display": "0.00", "missing_lines": 4, "excluded_lines": 0, "percent_statements_covered": 0.0, "percent_statements_covered_display": "0.00"}, "missing_lines": [1491, 1492, 1494, 1495], "excluded_lines": [], "start_line": 1481}, "Agent._load_state_file": {"executed_lines": [], "summary": {"covered_lines": 0, "num_statements": 8, "percent_covered": 0.0, "percent_covered_display": "0.00", "missing_lines": 8, "excluded_lines": 0, "percent_statements_covered": 0.0, "percent_statements_covered_display": "0.00"}, "missing_lines": [1511, 1512, 1514, 1515, 1516, 1522, 1523, 1524], "excluded_lines": [], "start_line": 1498}, "Agent._create_agent_from_state": {"executed_lines": [], "summary": {"covered_lines": 0, "num_statements": 1, "percent_covered": 0.0, "percent_covered_display": "0.00", "missing_lines": 1, "excluded_lines": 0, "percent_statements_covered": 0.0, "percent_statements_covered_display": "0.00"}, "missing_lines": [1540], "excluded_lines": [], "start_line": 1527}, "Agent._restore_basic_state": {"executed_lines": [], "summary": {"covered_lines": 0, "num_statements": 5, "percent_covered": 0.0, "percent_covered_display": "0.00", "missing_lines": 5, "excluded_lines": 0, "percent_statements_covered": 0.0, "percent_statements_covered_display": "0.00"}, "missing_lines": [1561, 1562, 1563, 1564, 1565], "excluded_lines": [], "start_line": 1550}, "Agent._restore_configuration": {"executed_lines": [], "summary": {"covered_lines": 0, "num_statements": 11, "percent_covered": 0.0, "percent_covered_display": "0.00", "missing_lines": 11, "excluded_lines": 0, "percent_statements_covered": 0.0, "percent_statements_covered_display": "0.00"}, "missing_lines": [1579, 1580, 1581, 1582, 1583, 1584, 1585, 1586, 1587, 1588, 1589], "excluded_lines": [], "start_line": 1568}, "Agent._restore_prompt_manager": {"executed_lines": [], "summary": {"covered_lines": 0, "num_statements": 11, "percent_covered": 0.0, "percent_covered_display": "0.00", "missing_lines": 11, "excluded_lines": 0, "percent_statements_covered": 0.0, "percent_statements_covered_display": "0.00"}, "missing_lines": [1606, 1607, 1609, 1615, 1616, 1617, 1619, 1620, 1627, 1628, 1629], "excluded_lines": [], "start_line": 1592}, "Agent._restore_tools": {"executed_lines": [], "summary": {"covered_lines": 0, "num_statements": 12, "percent_covered": 0.0, "percent_covered_display": "0.00", "missing_lines": 12, "excluded_lines": 0, "percent_statements_covered": 0.0, "percent_statements_covered_display": "0.00"}, "missing_lines": [1646, 1647, 1648, 1650, 1652, 1653, 1654, 1655, 1656, 1668, 1670, 1671], "excluded_lines": [], "start_line": 1632}, "Agent._restore_memory": {"executed_lines": [], "summary": {"covered_lines": 0, "num_statements": 4, "percent_covered": 0.0, "percent_covered_display": "0.00", "missing_lines": 4, "excluded_lines": 0, "percent_statements_covered": 0.0, "percent_statements_covered_display": "0.00"}, "missing_lines": [1685, 1686, 1687, 1688], "excluded_lines": [], "start_line": 1674}, "Agent._restore_timestamps": {"executed_lines": [], "summary": {"covered_lines": 0, "num_statements": 5, "percent_covered": 0.0, "percent_covered_display": "0.00", "missing_lines": 5, "excluded_lines": 0, "percent_statements_covered": 0.0, "percent_statements_covered_display": "0.00"}, "missing_lines": [1702, 1704, 1705, 1706, 1707], "excluded_lines": [], "start_line": 1691}, "Agent.load_state": {"executed_lines": [], "summary": {"covered_lines": 0, "num_statements": 11, "percent_covered": 0.0, "percent_covered_display": "0.00", "missing_lines": 11, "excluded_lines": 0, "percent_statements_covered": 0.0, "percent_statements_covered_display": "0.00"}, "missing_lines": [1727, 1729, 1730, 1731, 1733, 1734, 1735, 1736, 1737, 1738, 1740], "excluded_lines": [], "start_line": 1710}, "AgentManager.__init__": {"executed_lines": [], "summary": {"covered_lines": 0, "num_statements": 2, "percent_covered": 0.0, "percent_covered_display": "0.00", "missing_lines": 2, "excluded_lines": 0, "percent_statements_covered": 0.0, "percent_statements_covered_display": "0.00"}, "missing_lines": [1753, 1754], "excluded_lines": [], "start_line": 1751}, "AgentManager.register_agent": {"executed_lines": [], "summary": {"covered_lines": 0, "num_statements": 1, "percent_covered": 0.0, "percent_covered_display": "0.00", "missing_lines": 1, "excluded_lines": 0, "percent_statements_covered": 0.0, "percent_statements_covered_display": "0.00"}, "missing_lines": [1766], "excluded_lines": [], "start_line": 1756}, "AgentManager.unregister_agent": {"executed_lines": [], "summary": {"covered_lines": 0, "num_statements": 1, "percent_covered": 0.0, "percent_covered_display": "0.00", "missing_lines": 1, "excluded_lines": 0, "percent_statements_covered": 0.0, "percent_statements_covered_display": "0.00"}, "missing_lines": [1778], "excluded_lines": [], "start_line": 1768}, "AgentManager.get_agent": {"executed_lines": [], "summary": {"covered_lines": 0, "num_statements": 1, "percent_covered": 0.0, "percent_covered_display": "0.00", "missing_lines": 1, "excluded_lines": 0, "percent_statements_covered": 0.0, "percent_statements_covered_display": "0.00"}, "missing_lines": [1790], "excluded_lines": [], "start_line": 1780}, "AgentManager.list_agents": {"executed_lines": [], "summary": {"covered_lines": 0, "num_statements": 1, "percent_covered": 0.0, "percent_covered_display": "0.00", "missing_lines": 1, "excluded_lines": 0, "percent_statements_covered": 0.0, "percent_statements_covered_display": "0.00"}, "missing_lines": [1799], "excluded_lines": [], "start_line": 1792}, "AgentManager.find_agents_by_capability": {"executed_lines": [], "summary": {"covered_lines": 0, "num_statements": 1, "percent_covered": 0.0, "percent_covered_display": "0.00", "missing_lines": 1, "excluded_lines": 0, "percent_statements_covered": 0.0, "percent_statements_covered_display": "0.00"}, "missing_lines": [1811], "excluded_lines": [], "start_line": 1801}, "AgentManager.broadcast_message": {"executed_lines": [], "summary": {"covered_lines": 0, "num_statements": 3, "percent_covered": 0.0, "percent_covered_display": "0.00", "missing_lines": 3, "excluded_lines": 0, "percent_statements_covered": 0.0, "percent_statements_covered_display": "0.00"}, "missing_lines": [1831, 1832, 1833], "excluded_lines": [], "start_line": 1817}, "AgentManager.send_message_to_agent": {"executed_lines": [], "summary": {"covered_lines": 0, "num_statements": 3, "percent_covered": 0.0, "percent_covered_display": "0.00", "missing_lines": 3, "excluded_lines": 0, "percent_statements_covered": 0.0, "percent_statements_covered_display": "0.00"}, "missing_lines": [1850, 1851, 1852], "excluded_lines": [], "start_line": 1835}, "AgentManager.get_agent_statuses": {"executed_lines": [], "summary": {"covered_lines": 0, "num_statements": 1, "percent_covered": 0.0, "percent_covered_display": "0.00", "missing_lines": 1, "excluded_lines": 0, "percent_statements_covered": 0.0, "percent_statements_covered_display": "0.00"}, "missing_lines": [1861], "excluded_lines": [], "start_line": 1854}, "AgentManager.attach_orchestrator": {"executed_lines": [], "summary": {"covered_lines": 0, "num_statements": 1, "percent_covered": 0.0, "percent_covered_display": "0.00", "missing_lines": 1, "excluded_lines": 0, "percent_statements_covered": 0.0, "percent_statements_covered_display": "0.00"}, "missing_lines": [1873], "excluded_lines": [], "start_line": 1863}, "AgentManager.get_orchestrator": {"executed_lines": [], "summary": {"covered_lines": 0, "num_statements": 1, "percent_covered": 0.0, "percent_covered_display": "0.00", "missing_lines": 1, "excluded_lines": 0, "percent_statements_covered": 0.0, "percent_statements_covered_display": "0.00"}, "missing_lines": [1882], "excluded_lines": [], "start_line": 1875}, "": {"executed_lines": [19, 20, 21, 22, 23, 26, 29, 30, 31, 36, 37, 40, 41, 48, 51, 52, 53, 54, 55, 58, 61, 62, 63, 66, 69, 70, 71, 72, 73, 74, 77, 80, 81, 82, 83, 84, 85, 88, 96, 97, 98, 99, 100, 101, 104, 105, 106, 109, 110, 113, 114, 115, 118, 119, 120, 121, 122, 125, 126, 127, 128, 131, 132, 135, 138, 139, 142, 143, 146, 147, 150, 153, 154, 155, 157, 158, 160, 179, 199, 223, 242, 270, 316, 419, 440, 467, 478, 524, 557, 598, 664, 701, 723, 752, 782, 796, 810, 827, 839, 865, 885, 910, 930, 962, 991, 1014, 1030, 1073, 1085, 1100, 1142, 1178, 1214, 1236, 1249, 1276, 1317, 1334, 1370, 1397, 1420, 1438, 1481, 1497, 1498, 1526, 1527, 1549, 1550, 1567, 1568, 1591, 1592, 1631, 1632, 1673, 1674, 1690, 1691, 1709, 1710, 1743, 1751, 1756, 1768, 1780, 1792, 1801, 1817, 1835, 1854, 1863, 1875], "summary": {"covered_lines": 153, "num_statements": 156, "percent_covered": 98.07692307692308, "percent_covered_display": "98.08", "missing_lines": 3, "excluded_lines": 0, "percent_statements_covered": 98.07692307692308, "percent_statements_covered_display": "98.08"}, "missing_lines": [42, 44, 45], "excluded_lines": [], "start_line": 1}}, "classes": {"AgentStatus": {"executed_lines": [], "summary": {"covered_lines": 0, "num_statements": 0, "percent_covered": 100.0, "percent_covered_display": "100.00", "missing_lines": 0, "excluded_lines": 0, "percent_statements_covered": 100.0, "percent_statements_covered_display": "100.00"}, "missing_lines": [], "excluded_lines": [], "start_line": 48}, "AgentCapability": {"executed_lines": [], "summary": {"covered_lines": 0, "num_statements": 0, "percent_covered": 100.0, "percent_covered_display": "100.00", "missing_lines": 0, "excluded_lines": 0, "percent_statements_covered": 100.0, "percent_statements_covered_display": "100.00"}, "missing_lines": [], "excluded_lines": [], "start_line": 58}, "AgentMessage": {"executed_lines": [], "summary": {"covered_lines": 0, "num_statements": 0, "percent_covered": 100.0, "percent_covered_display": "100.00", "missing_lines": 0, "excluded_lines": 0, "percent_statements_covered": 100.0, "percent_statements_covered_display": "100.00"}, "missing_lines": [], "excluded_lines": [], "start_line": 66}, "AgentTask": {"executed_lines": [], "summary": {"covered_lines": 0, "num_statements": 0, "percent_covered": 100.0, "percent_covered_display": "100.00", "missing_lines": 0, "excluded_lines": 0, "percent_statements_covered": 100.0, "percent_statements_covered_display": "100.00"}, "missing_lines": [], "excluded_lines": [], "start_line": 77}, "Agent": {"executed_lines": [], "summary": {"covered_lines": 0, "num_statements": 437, "percent_covered": 0.0, "percent_covered_display": "0.00", "missing_lines": 437, "excluded_lines": 0, "percent_statements_covered": 0.0, "percent_statements_covered_display": "0.00"}, "missing_lines": [174, 177, 191, 192, 195, 196, 197, 212, 213, 214, 216, 234, 235, 252, 253, 254, 255, 256, 257, 258, 259, 260, 261, 262, 263, 265, 266, 267, 268, 283, 284, 286, 287, 288, 289, 290, 291, 292, 293, 294, 295, 296, 297, 298, 299, 300, 302, 304, 305, 306, 327, 329, 330, 333, 334, 335, 336, 337, 338, 339, 341, 342, 344, 345, 346, 347, 348, 349, 350, 352, 353, 355, 356, 357, 360, 361, 362, 363, 364, 365, 366, 368, 369, 373, 379, 380, 381, 382, 385, 386, 387, 388, 389, 390, 391, 393, 394, 398, 404, 406, 407, 410, 411, 413, 414, 416, 417, 430, 431, 434, 450, 451, 454, 457, 458, 461, 462, 465, 474, 475, 476, 499, 500, 502, 503, 504, 505, 507, 510, 511, 512, 515, 516, 517, 520, 545, 546, 547, 548, 550, 578, 579, 580, 582, 583, 586, 587, 596, 623, 624, 632, 634, 637, 647, 656, 657, 689, 697, 698, 699, 711, 712, 714, 716, 717, 718, 719, 721, 733, 734, 736, 737, 739, 740, 742, 743, 748, 750, 762, 764, 765, 767, 769, 770, 772, 773, 778, 780, 792, 793, 794, 806, 807, 808, 817, 818, 820, 821, 822, 823, 834, 835, 836, 837, 846, 847, 849, 850, 859, 860, 861, 862, 863, 875, 876, 878, 879, 880, 882, 883, 896, 897, 899, 901, 902, 903, 905, 906, 908, 920, 921, 923, 924, 925, 928, 942, 944, 945, 947, 949, 950, 951, 953, 954, 956, 957, 958, 960, 983, 1004, 1005, 1007, 1008, 1009, 1010, 1012, 1024, 1025, 1026, 1028, 1052, 1053, 1054, 1055, 1057, 1059, 1067, 1068, 1069, 1070, 1071, 1083, 1095, 1096, 1107, 1110, 1112, 1113, 1116, 1118, 1120, 1121, 1124, 1126, 1128, 1129, 1132, 1133, 1134, 1138, 1139, 1140, 1149, 1150, 1152, 1153, 1159, 1160, 1163, 1176, 1196, 1197, 1199, 1200, 1202, 1210, 1226, 1227, 1229, 1233, 1234, 1243, 1244, 1246, 1247, 1262, 1264, 1265, 1266, 1267, 1268, 1273, 1274, 1289, 1291, 1292, 1293, 1294, 1301, 1302, 1307, 1308, 1309, 1324, 1347, 1349, 1350, 1352, 1353, 1356, 1357, 1360, 1363, 1364, 1365, 1368, 1377, 1378, 1380, 1381, 1382, 1393, 1395, 1404, 1405, 1407, 1415, 1416, 1418, 1427, 1428, 1429, 1435, 1436, 1451, 1491, 1492, 1494, 1495, 1511, 1512, 1514, 1515, 1516, 1522, 1523, 1524, 1540, 1561, 1562, 1563, 1564, 1565, 1579, 1580, 1581, 1582, 1583, 1584, 1585, 1586, 1587, 1588, 1589, 1606, 1607, 1609, 1615, 1616, 1617, 1619, 1620, 1627, 1628, 1629, 1646, 1647, 1648, 1650, 1652, 1653, 1654, 1655, 1656, 1668, 1670, 1671, 1685, 1686, 1687, 1688, 1702, 1704, 1705, 1706, 1707, 1727, 1729, 1730, 1731, 1733, 1734, 1735, 1736, 1737, 1738, 1740], "excluded_lines": [], "start_line": 88}, "Agent.Config": {"executed_lines": [], "summary": {"covered_lines": 0, "num_statements": 0, "percent_covered": 100.0, "percent_covered_display": "100.00", "missing_lines": 0, "excluded_lines": 0, "percent_statements_covered": 100.0, "percent_statements_covered_display": "100.00"}, "missing_lines": [], "excluded_lines": [], "start_line": 157}, "AgentManager": {"executed_lines": [], "summary": {"covered_lines": 0, "num_statements": 16, "percent_covered": 0.0, "percent_covered_display": "0.00", "missing_lines": 16, "excluded_lines": 0, "percent_statements_covered": 0.0, "percent_statements_covered_display": "0.00"}, "missing_lines": [1753, 1754, 1766, 1778, 1790, 1799, 1811, 1831, 1832, 1833, 1850, 1851, 1852, 1861, 1873, 1882], "excluded_lines": [], "start_line": 1743}, "": {"executed_lines": [19, 20, 21, 22, 23, 26, 29, 30, 31, 36, 37, 40, 41, 48, 51, 52, 53, 54, 55, 58, 61, 62, 63, 66, 69, 70, 71, 72, 73, 74, 77, 80, 81, 82, 83, 84, 85, 88, 96, 97, 98, 99, 100, 101, 104, 105, 106, 109, 110, 113, 114, 115, 118, 119, 120, 121, 122, 125, 126, 127, 128, 131, 132, 135, 138, 139, 142, 143, 146, 147, 150, 153, 154, 155, 157, 158, 160, 179, 199, 223, 242, 270, 316, 419, 440, 467, 478, 524, 557, 598, 664, 701, 723, 752, 782, 796, 810, 827, 839, 865, 885, 910, 930, 962, 991, 1014, 1030, 1073, 1085, 1100, 1142, 1178, 1214, 1236, 1249, 1276, 1317, 1334, 1370, 1397, 1420, 1438, 1481, 1497, 1498, 1526, 1527, 1549, 1550, 1567, 1568, 1591, 1592, 1631, 1632, 1673, 1674, 1690, 1691, 1709, 1710, 1743, 1751, 1756, 1768, 1780, 1792, 1801, 1817, 1835, 1854, 1863, 1875], "summary": {"covered_lines": 153, "num_statements": 156, "percent_covered": 98.07692307692308, "percent_covered_display": "98.08", "missing_lines": 3, "excluded_lines": 0, "percent_statements_covered": 98.07692307692308, "percent_statements_covered_display": "98.08"}, "missing_lines": [42, 44, 45], "excluded_lines": [], "start_line": 1}}}, "src/core/agno_agent_framework/agents/__init__.py": {"executed_lines": [], "summary": {"covered_lines": 0, "num_statements": 1, "percent_covered": 0.0, "percent_covered_display": "0.00", "missing_lines": 1, "excluded_lines": 0, "percent_statements_covered": 0.0, "percent_statements_covered_display": "0.00"}, "missing_lines": [8], "excluded_lines": [], "functions": {"": {"executed_lines": [], "summary": {"covered_lines": 0, "num_statements": 1, "percent_covered": 0.0, "percent_covered_display": "0.00", "missing_lines": 1, "excluded_lines": 0, "percent_statements_covered": 0.0, "percent_statements_covered_display": "0.00"}, "missing_lines": [8], "excluded_lines": [], "start_line": 1}}, "classes": {"": {"executed_lines": [], "summary": {"covered_lines": 0, "num_statements": 1, "percent_covered": 0.0, "percent_covered_display": "0.00", "missing_lines": 1, "excluded_lines": 0, "percent_statements_covered": 0.0, "percent_statements_covered_display": "0.00"}, "missing_lines": [8], "excluded_lines": [], "start_line": 1}}}, "src/core/agno_agent_framework/compatibility.py": {"executed_lines": [8, 9, 10, 11, 13, 16, 18, 19, 20, 21, 22, 25, 26, 27, 29, 30, 31, 33, 34, 35, 36, 37, 38, 39, 40, 41, 42, 57, 60, 61, 86, 93, 117, 124, 127, 128, 129, 130, 132, 136, 138, 140, 141, 151, 152, 153, 159, 164, 165, 167, 168, 177, 178, 179, 180, 181, 186, 187, 189, 190, 191, 192, 193, 194, 197, 198, 199, 200, 201, 202, 203, 206, 209, 210, 211, 212, 213, 214, 215, 216, 218, 219, 220, 221, 223, 224, 225, 226, 228, 236, 238, 240, 241, 243, 246, 247, 249, 251, 252, 253, 256, 258, 259, 261, 264, 267, 269, 273, 274, 275, 277, 278, 280, 281, 282, 283, 285, 287, 297, 299, 300, 302, 303, 304, 306, 307, 309, 310, 313, 314, 316, 317, 318, 320, 321, 323, 325, 326, 328, 329, 330, 332, 333, 337, 338, 340, 342, 343, 345, 347, 348, 350, 352, 354, 355, 356, 357, 359, 360, 368, 370, 372, 373, 374, 375, 382, 384, 385, 386, 387, 396, 399, 400, 401, 403, 404, 405, 407, 410, 411, 412, 414, 415, 416, 417, 418, 419, 420, 421, 423, 425, 428, 430, 432, 434, 435, 437, 438, 439, 440, 441, 442, 444, 445, 446, 448, 451, 453, 454, 455, 456, 458, 459, 460, 461, 462, 463, 464, 465, 466, 468, 469, 471, 475, 476, 477, 479, 480, 481, 482, 483, 484, 485, 487, 492, 494, 495, 496, 498, 499, 500, 501, 502, 503, 505, 506, 507, 508, 509, 510, 511, 512, 513, 515, 517, 519, 520, 521, 522, 523, 524, 525, 526, 527, 528, 529, 531, 533, 535, 536, 537, 538, 539, 540, 542, 543, 545, 547, 548, 550, 552, 553, 555, 557, 558, 560, 562, 563, 565, 567, 569, 571, 572, 573, 575, 577, 579, 580, 581, 587, 588, 589, 591, 593, 595, 601, 602, 604, 606, 608, 609, 610, 612, 615, 616, 617, 620, 621, 623, 624, 625, 627, 628, 630, 631, 632, 633, 634, 635, 637, 638, 639, 640, 641, 644, 646, 648, 649, 650, 651, 652, 654, 656, 657, 658, 659, 660, 662, 663, 664, 665, 667, 669, 676, 677, 678, 683, 684, 685, 686, 687, 690, 691, 692, 693, 694, 697, 698, 699, 700, 702, 703, 704, 705, 711, 712, 713, 714, 716, 718, 720, 721, 732, 733, 734, 735, 737, 738, 740, 741, 744, 745, 746, 749, 750, 752, 763, 764, 770, 771, 773, 776, 780, 784, 786, 793, 794, 795, 798, 801, 803, 804, 806, 808, 810, 812, 814, 816, 817, 818, 820, 822, 823, 824, 825, 826, 827, 828, 829, 830, 832, 834, 835, 836, 837, 843, 845, 847, 848, 850, 852, 855, 857, 867, 868, 869, 870, 871, 872, 875, 877, 887, 888, 889, 890, 891, 892], "summary": {"covered_lines": 457, "num_statements": 497, "percent_covered": 91.95171026156942, "percent_covered_display": "91.95", "missing_lines": 40, "excluded_lines": 0, "percent_statements_covered": 91.95171026156942, "percent_statements_covered_display": "91.95"}, "missing_lines": [43, 44, 45, 46, 47, 48, 49, 50, 51, 75, 118, 137, 143, 144, 145, 147, 182, 183, 185, 265, 311, 335, 402, 406, 408, 422, 429, 443, 489, 490, 570, 578, 594, 607, 655, 680, 707, 709, 710, 778], "excluded_lines": [], "functions": {"Agent.__init__": {"executed_lines": [117, 124, 127, 128, 129, 130, 132, 136, 138, 140, 141, 151, 152, 153, 159, 164, 165, 167, 168, 177, 178, 179, 180, 181, 186, 187, 189, 190, 191, 192, 193, 194, 197, 198, 199, 200, 201, 202, 203, 206, 209, 210, 211, 212, 213, 214, 215, 216, 218, 219, 220, 221, 223, 224, 225, 226], "summary": {"covered_lines": 56, "num_statements": 65, "percent_covered": 86.15384615384616, "percent_covered_display": "86.15", "missing_lines": 9, "excluded_lines": 0, "percent_statements_covered": 86.15384615384616, "percent_statements_covered_display": "86.15"}, "missing_lines": [118, 137, 143, 144, 145, 147, 182, 183, 185], "excluded_lines": [], "start_line": 93}, "Agent._extract_model_from_gateway": {"executed_lines": [236, 238, 240, 241, 243, 246, 247, 249, 251, 252, 253, 256, 258, 259, 261, 264, 267], "summary": {"covered_lines": 17, "num_statements": 18, "percent_covered": 94.44444444444444, "percent_covered_display": "94.44", "missing_lines": 1, "excluded_lines": 0, "percent_statements_covered": 94.44444444444444, "percent_statements_covered_display": "94.44"}, "missing_lines": [265], "excluded_lines": [], "start_line": 228}, "Agent._convert_db_to_agno": {"executed_lines": [273, 274, 275], "summary": {"covered_lines": 3, "num_statements": 3, "percent_covered": 100.0, "percent_covered_display": "100.00", "missing_lines": 0, "excluded_lines": 0, "percent_statements_covered": 100.0, "percent_statements_covered_display": "100.00"}, "missing_lines": [], "excluded_lines": [], "start_line": 269}, "Agent.status": {"executed_lines": [280, 281, 282, 283], "summary": {"covered_lines": 4, "num_statements": 4, "percent_covered": 100.0, "percent_covered_display": "100.00", "missing_lines": 0, "excluded_lines": 0, "percent_statements_covered": 100.0, "percent_statements_covered_display": "100.00"}, "missing_lines": [], "excluded_lines": [], "start_line": 278}, "Agent.get_status": {"executed_lines": [287, 297], "summary": {"covered_lines": 2, "num_statements": 2, "percent_covered": 100.0, "percent_covered_display": "100.00", "missing_lines": 0, "excluded_lines": 0, "percent_statements_covered": 100.0, "percent_statements_covered_display": "100.00"}, "missing_lines": [], "excluded_lines": [], "start_line": 285}, "Agent.system_prompt": {"executed_lines": [309, 310], "summary": {"covered_lines": 2, "num_statements": 3, "percent_covered": 66.66666666666667, "percent_covered_display": "66.67", "missing_lines": 1, "excluded_lines": 0, "percent_statements_covered": 66.66666666666667, "percent_statements_covered_display": "66.67"}, "missing_lines": [311], "excluded_lines": [], "start_line": 307}, "Agent.role_template": {"executed_lines": [316, 317, 318], "summary": {"covered_lines": 3, "num_statements": 3, "percent_covered": 100.0, "percent_covered_display": "100.00", "missing_lines": 0, "excluded_lines": 0, "percent_statements_covered": 100.0, "percent_statements_covered_display": "100.00"}, "missing_lines": [], "excluded_lines": [], "start_line": 314}, "Agent.prompt_manager": {"executed_lines": [323], "summary": {"covered_lines": 1, "num_statements": 1, "percent_covered": 100.0, "percent_covered_display": "100.00", "missing_lines": 0, "excluded_lines": 0, "percent_statements_covered": 100.0, "percent_statements_covered_display": "100.00"}, "missing_lines": [], "excluded_lines": [], "start_line": 321}, "Agent.max_context_tokens": {"executed_lines": [328, 329, 330], "summary": {"covered_lines": 3, "num_statements": 3, "percent_covered": 100.0, "percent_covered_display": "100.00", "missing_lines": 0, "excluded_lines": 0, "percent_statements_covered": 100.0, "percent_statements_covered_display": "100.00"}, "missing_lines": [], "excluded_lines": [], "start_line": 326}, "Agent.codec_serializer": {"executed_lines": [340], "summary": {"covered_lines": 1, "num_statements": 1, "percent_covered": 100.0, "percent_covered_display": "100.00", "missing_lines": 0, "excluded_lines": 0, "percent_statements_covered": 100.0, "percent_statements_covered_display": "100.00"}, "missing_lines": [], "excluded_lines": [], "start_line": 338}, "Agent.otel_tracer": {"executed_lines": [345], "summary": {"covered_lines": 1, "num_statements": 1, "percent_covered": 100.0, "percent_covered_display": "100.00", "missing_lines": 0, "excluded_lines": 0, "percent_statements_covered": 100.0, "percent_statements_covered_display": "100.00"}, "missing_lines": [], "excluded_lines": [], "start_line": 343}, "Agent.otel_metrics": {"executed_lines": [350], "summary": {"covered_lines": 1, "num_statements": 1, "percent_covered": 100.0, "percent_covered_display": "100.00", "missing_lines": 0, "excluded_lines": 0, "percent_statements_covered": 100.0, "percent_statements_covered_display": "100.00"}, "missing_lines": [], "excluded_lines": [], "start_line": 348}, "Agent.encode_message": {"executed_lines": [354, 355, 356, 357, 359, 360, 368], "summary": {"covered_lines": 7, "num_statements": 7, "percent_covered": 100.0, "percent_covered_display": "100.00", "missing_lines": 0, "excluded_lines": 0, "percent_statements_covered": 100.0, "percent_statements_covered_display": "100.00"}, "missing_lines": [], "excluded_lines": [], "start_line": 352}, "Agent.decode_message": {"executed_lines": [372, 373, 374, 375, 382, 384, 385, 386, 387], "summary": {"covered_lines": 9, "num_statements": 9, "percent_covered": 100.0, "percent_covered_display": "100.00", "missing_lines": 0, "excluded_lines": 0, "percent_statements_covered": 100.0, "percent_statements_covered_display": "100.00"}, "missing_lines": [], "excluded_lines": [], "start_line": 370}, "Agent.add_prompt_template": {"executed_lines": [399, 400, 401, 403, 404, 405, 407, 410, 411, 412, 414, 415, 416, 417, 418, 419, 420, 421, 423], "summary": {"covered_lines": 19, "num_statements": 23, "percent_covered": 82.6086956521739, "percent_covered_display": "82.61", "missing_lines": 4, "excluded_lines": 0, "percent_statements_covered": 82.6086956521739, "percent_statements_covered_display": "82.61"}, "missing_lines": [402, 406, 408, 422], "excluded_lines": [], "start_line": 396}, "Agent.generate_async": {"executed_lines": [428, 430, 432, 434, 435, 437, 438, 439, 440, 441, 442, 444, 445, 446], "summary": {"covered_lines": 14, "num_statements": 16, "percent_covered": 87.5, "percent_covered_display": "87.50", "missing_lines": 2, "excluded_lines": 0, "percent_statements_covered": 87.5, "percent_statements_covered_display": "87.50"}, "missing_lines": [429, 443], "excluded_lines": [], "start_line": 425}, "Agent.attach_memory": {"executed_lines": [451, 453, 454, 455, 456, 458, 459, 460, 461, 462, 463, 464, 465, 466, 468, 469], "summary": {"covered_lines": 16, "num_statements": 16, "percent_covered": 100.0, "percent_covered_display": "100.00", "missing_lines": 0, "excluded_lines": 0, "percent_statements_covered": 100.0, "percent_statements_covered_display": "100.00"}, "missing_lines": [], "excluded_lines": [], "start_line": 448}, "Agent.attach_prompt_manager": {"executed_lines": [475, 476, 477, 479, 480, 481, 482, 483, 484, 485], "summary": {"covered_lines": 10, "num_statements": 10, "percent_covered": 100.0, "percent_covered_display": "100.00", "missing_lines": 0, "excluded_lines": 0, "percent_statements_covered": 100.0, "percent_statements_covered_display": "100.00"}, "missing_lines": [], "excluded_lines": [], "start_line": 471}, "Agent.attach_tool_registry": {"executed_lines": [], "summary": {"covered_lines": 0, "num_statements": 2, "percent_covered": 0.0, "percent_covered_display": "0.00", "missing_lines": 2, "excluded_lines": 0, "percent_statements_covered": 0.0, "percent_statements_covered_display": "0.00"}, "missing_lines": [489, 490], "excluded_lines": [], "start_line": 487}, "Agent.attach_tools": {"executed_lines": [494, 495, 496, 498, 499, 500, 501, 502, 503, 505, 506, 507, 508, 509, 510, 511, 512, 513], "summary": {"covered_lines": 18, "num_statements": 18, "percent_covered": 100.0, "percent_covered_display": "100.00", "missing_lines": 0, "excluded_lines": 0, "percent_statements_covered": 100.0, "percent_statements_covered_display": "100.00"}, "missing_lines": [], "excluded_lines": [], "start_line": 492}, "Agent.attach_circuit_breaker": {"executed_lines": [517, 519, 520, 521, 522, 523, 524, 525, 527, 528, 529], "summary": {"covered_lines": 11, "num_statements": 11, "percent_covered": 100.0, "percent_covered_display": "100.00", "missing_lines": 0, "excluded_lines": 0, "percent_statements_covered": 100.0, "percent_statements_covered_display": "100.00"}, "missing_lines": [], "excluded_lines": [], "start_line": 515}, "Agent.attach_circuit_breaker.DefaultCircuitBreaker.__init__": {"executed_lines": [526], "summary": {"covered_lines": 1, "num_statements": 1, "percent_covered": 100.0, "percent_covered_display": "100.00", "missing_lines": 0, "excluded_lines": 0, "percent_statements_covered": 100.0, "percent_statements_covered_display": "100.00"}, "missing_lines": [], "excluded_lines": [], "start_line": 525}, "Agent.attach_health_check": {"executed_lines": [533, 535, 536, 538, 539, 540], "summary": {"covered_lines": 6, "num_statements": 6, "percent_covered": 100.0, "percent_covered_display": "100.00", "missing_lines": 0, "excluded_lines": 0, "percent_statements_covered": 100.0, "percent_statements_covered_display": "100.00"}, "missing_lines": [], "excluded_lines": [], "start_line": 531}, "Agent.attach_health_check.DefaultHealthCheck.check": {"executed_lines": [537], "summary": {"covered_lines": 1, "num_statements": 1, "percent_covered": 100.0, "percent_covered_display": "100.00", "missing_lines": 0, "excluded_lines": 0, "percent_statements_covered": 100.0, "percent_statements_covered_display": "100.00"}, "missing_lines": [], "excluded_lines": [], "start_line": 536}, "Agent.memory": {"executed_lines": [550], "summary": {"covered_lines": 1, "num_statements": 1, "percent_covered": 100.0, "percent_covered_display": "100.00", "missing_lines": 0, "excluded_lines": 0, "percent_statements_covered": 100.0, "percent_statements_covered_display": "100.00"}, "missing_lines": [], "excluded_lines": [], "start_line": 548}, "Agent.capabilities": {"executed_lines": [555], "summary": {"covered_lines": 1, "num_statements": 1, "percent_covered": 100.0, "percent_covered_display": "100.00", "missing_lines": 0, "excluded_lines": 0, "percent_statements_covered": 100.0, "percent_statements_covered_display": "100.00"}, "missing_lines": [], "excluded_lines": [], "start_line": 553}, "Agent.task_queue": {"executed_lines": [560], "summary": {"covered_lines": 1, "num_statements": 1, "percent_covered": 100.0, "percent_covered_display": "100.00", "missing_lines": 0, "excluded_lines": 0, "percent_statements_covered": 100.0, "percent_statements_covered_display": "100.00"}, "missing_lines": [], "excluded_lines": [], "start_line": 558}, "Agent.message_queue": {"executed_lines": [565], "summary": {"covered_lines": 1, "num_statements": 1, "percent_covered": 100.0, "percent_covered_display": "100.00", "missing_lines": 0, "excluded_lines": 0, "percent_statements_covered": 100.0, "percent_statements_covered_display": "100.00"}, "missing_lines": [], "excluded_lines": [], "start_line": 563}, "Agent.add_capability": {"executed_lines": [569, 571, 572, 573], "summary": {"covered_lines": 4, "num_statements": 5, "percent_covered": 80.0, "percent_covered_display": "80.00", "missing_lines": 1, "excluded_lines": 0, "percent_statements_covered": 80.0, "percent_statements_covered_display": "80.00"}, "missing_lines": [570], "excluded_lines": [], "start_line": 567}, "Agent.add_task": {"executed_lines": [577, 579, 580, 581, 587, 588, 589], "summary": {"covered_lines": 7, "num_statements": 8, "percent_covered": 87.5, "percent_covered_display": "87.50", "missing_lines": 1, "excluded_lines": 0, "percent_statements_covered": 87.5, "percent_statements_covered_display": "87.50"}, "missing_lines": [578], "excluded_lines": [], "start_line": 575}, "Agent.send_message": {"executed_lines": [593, 595, 601, 602], "summary": {"covered_lines": 4, "num_statements": 5, "percent_covered": 80.0, "percent_covered_display": "80.00", "missing_lines": 1, "excluded_lines": 0, "percent_statements_covered": 80.0, "percent_statements_covered_display": "80.00"}, "missing_lines": [594], "excluded_lines": [], "start_line": 591}, "Agent.receive_message": {"executed_lines": [606, 608, 609, 610], "summary": {"covered_lines": 4, "num_statements": 5, "percent_covered": 80.0, "percent_covered_display": "80.00", "missing_lines": 1, "excluded_lines": 0, "percent_statements_covered": 80.0, "percent_statements_covered_display": "80.00"}, "missing_lines": [607], "excluded_lines": [], "start_line": 604}, "Agent.execute_task": {"executed_lines": [615, 616, 617, 620, 621, 623, 624, 625, 627, 628, 630, 631, 632, 633, 634, 635, 637, 638, 639, 640, 641, 644], "summary": {"covered_lines": 22, "num_statements": 22, "percent_covered": 100.0, "percent_covered_display": "100.00", "missing_lines": 0, "excluded_lines": 0, "percent_statements_covered": 100.0, "percent_statements_covered_display": "100.00"}, "missing_lines": [], "excluded_lines": [], "start_line": 612}, "Agent.chat": {"executed_lines": [648, 649, 650, 651, 652, 654, 656, 657, 658, 659, 660, 662, 663, 664, 665], "summary": {"covered_lines": 15, "num_statements": 16, "percent_covered": 93.75, "percent_covered_display": "93.75", "missing_lines": 1, "excluded_lines": 0, "percent_statements_covered": 93.75, "percent_statements_covered_display": "93.75"}, "missing_lines": [655], "excluded_lines": [], "start_line": 646}, "Agent.get_health": {"executed_lines": [669, 676, 677, 678, 683, 684, 685, 686, 687, 690, 691, 692, 693, 694, 697, 698, 699, 700, 702, 703, 704, 705, 711, 712, 713, 714, 716], "summary": {"covered_lines": 27, "num_statements": 31, "percent_covered": 87.09677419354838, "percent_covered_display": "87.10", "missing_lines": 4, "excluded_lines": 0, "percent_statements_covered": 87.09677419354838, "percent_statements_covered_display": "87.10"}, "missing_lines": [680, 707, 709, 710], "excluded_lines": [], "start_line": 667}, "Agent.save_state": {"executed_lines": [720, 721, 732, 733, 734, 735], "summary": {"covered_lines": 6, "num_statements": 6, "percent_covered": 100.0, "percent_covered_display": "100.00", "missing_lines": 0, "excluded_lines": 0, "percent_statements_covered": 100.0, "percent_statements_covered_display": "100.00"}, "missing_lines": [], "excluded_lines": [], "start_line": 718}, "Agent.load_state": {"executed_lines": [740, 741, 744, 749, 750, 752, 763, 764, 770, 771], "summary": {"covered_lines": 10, "num_statements": 10, "percent_covered": 100.0, "percent_covered_display": "100.00", "missing_lines": 0, "excluded_lines": 0, "percent_statements_covered": 100.0, "percent_statements_covered_display": "100.00"}, "missing_lines": [], "excluded_lines": [], "start_line": 738}, "Agent.load_state.read_file": {"executed_lines": [745, 746], "summary": {"covered_lines": 2, "num_statements": 2, "percent_covered": 100.0, "percent_covered_display": "100.00", "missing_lines": 0, "excluded_lines": 0, "percent_statements_covered": 100.0, "percent_statements_covered_display": "100.00"}, "missing_lines": [], "excluded_lines": [], "start_line": 744}, "Agent.__getattr__": {"executed_lines": [776, 780], "summary": {"covered_lines": 2, "num_statements": 3, "percent_covered": 66.66666666666667, "percent_covered_display": "66.67", "missing_lines": 1, "excluded_lines": 0, "percent_statements_covered": 66.66666666666667, "percent_statements_covered_display": "66.67"}, "missing_lines": [778], "excluded_lines": [], "start_line": 773}, "AgentCapability.__init__": {"executed_lines": [793, 794, 795], "summary": {"covered_lines": 3, "num_statements": 3, "percent_covered": 100.0, "percent_covered_display": "100.00", "missing_lines": 0, "excluded_lines": 0, "percent_statements_covered": 100.0, "percent_statements_covered_display": "100.00"}, "missing_lines": [], "excluded_lines": [], "start_line": 786}, "AgentManager.__init__": {"executed_lines": [803, 804], "summary": {"covered_lines": 2, "num_statements": 2, "percent_covered": 100.0, "percent_covered_display": "100.00", "missing_lines": 0, "excluded_lines": 0, "percent_statements_covered": 100.0, "percent_statements_covered_display": "100.00"}, "missing_lines": [], "excluded_lines": [], "start_line": 801}, "AgentManager.register_agent": {"executed_lines": [808], "summary": {"covered_lines": 1, "num_statements": 1, "percent_covered": 100.0, "percent_covered_display": "100.00", "missing_lines": 0, "excluded_lines": 0, "percent_statements_covered": 100.0, "percent_statements_covered_display": "100.00"}, "missing_lines": [], "excluded_lines": [], "start_line": 806}, "AgentManager.get_agent": {"executed_lines": [812], "summary": {"covered_lines": 1, "num_statements": 1, "percent_covered": 100.0, "percent_covered_display": "100.00", "missing_lines": 0, "excluded_lines": 0, "percent_statements_covered": 100.0, "percent_statements_covered_display": "100.00"}, "missing_lines": [], "excluded_lines": [], "start_line": 810}, "AgentManager.list_agents": {"executed_lines": [816, 817, 818], "summary": {"covered_lines": 3, "num_statements": 3, "percent_covered": 100.0, "percent_covered_display": "100.00", "missing_lines": 0, "excluded_lines": 0, "percent_statements_covered": 100.0, "percent_statements_covered_display": "100.00"}, "missing_lines": [], "excluded_lines": [], "start_line": 814}, "AgentManager.find_agents_by_capability": {"executed_lines": [822, 823, 824, 825, 826, 827, 828, 829, 830], "summary": {"covered_lines": 9, "num_statements": 9, "percent_covered": 100.0, "percent_covered_display": "100.00", "missing_lines": 0, "excluded_lines": 0, "percent_statements_covered": 100.0, "percent_statements_covered_display": "100.00"}, "missing_lines": [], "excluded_lines": [], "start_line": 820}, "AgentManager.get_agent_statuses": {"executed_lines": [834, 835, 836, 837, 843], "summary": {"covered_lines": 5, "num_statements": 5, "percent_covered": 100.0, "percent_covered_display": "100.00", "missing_lines": 0, "excluded_lines": 0, "percent_statements_covered": 100.0, "percent_statements_covered_display": "100.00"}, "missing_lines": [], "excluded_lines": [], "start_line": 832}, "AgentManager.attach_orchestrator": {"executed_lines": [847, 848], "summary": {"covered_lines": 2, "num_statements": 2, "percent_covered": 100.0, "percent_covered_display": "100.00", "missing_lines": 0, "excluded_lines": 0, "percent_statements_covered": 100.0, "percent_statements_covered_display": "100.00"}, "missing_lines": [], "excluded_lines": [], "start_line": 845}, "AgentManager.get_orchestrator": {"executed_lines": [852], "summary": {"covered_lines": 1, "num_statements": 1, "percent_covered": 100.0, "percent_covered_display": "100.00", "missing_lines": 0, "excluded_lines": 0, "percent_statements_covered": 100.0, "percent_statements_covered_display": "100.00"}, "missing_lines": [], "excluded_lines": [], "start_line": 850}, "AgentMessage.__init__": {"executed_lines": [867, 868, 869, 870, 871, 872], "summary": {"covered_lines": 6, "num_statements": 6, "percent_covered": 100.0, "percent_covered_display": "100.00", "missing_lines": 0, "excluded_lines": 0, "percent_statements_covered": 100.0, "percent_statements_covered_display": "100.00"}, "missing_lines": [], "excluded_lines": [], "start_line": 857}, "AgentTask.__init__": {"executed_lines": [887, 888, 889, 890, 891, 892], "summary": {"covered_lines": 6, "num_statements": 6, "percent_covered": 100.0, "percent_covered_display": "100.00", "missing_lines": 0, "excluded_lines": 0, "percent_statements_covered": 100.0, "percent_statements_covered_display": "100.00"}, "missing_lines": [], "excluded_lines": [], "start_line": 877}, "": {"executed_lines": [8, 9, 10, 11, 13, 16, 18, 19, 20, 21, 22, 25, 26, 27, 29, 30, 31, 33, 34, 35, 36, 37, 38, 39, 40, 41, 42, 57, 60, 61, 86, 93, 228, 269, 277, 278, 285, 299, 300, 306, 307, 313, 314, 320, 321, 325, 326, 332, 333, 337, 338, 342, 343, 347, 348, 352, 370, 396, 425, 448, 471, 487, 492, 515, 531, 542, 543, 547, 548, 552, 553, 557, 558, 562, 563, 567, 575, 591, 604, 612, 646, 667, 718, 737, 738, 773, 784, 786, 798, 801, 806, 810, 814, 820, 832, 845, 850, 855, 857, 875, 877], "summary": {"covered_lines": 101, "num_statements": 111, "percent_covered": 90.990990990991, "percent_covered_display": "90.99", "missing_lines": 10, "excluded_lines": 0, "percent_statements_covered": 90.990990990991, "percent_statements_covered_display": "90.99"}, "missing_lines": [43, 44, 45, 46, 47, 48, 49, 50, 51, 75], "excluded_lines": [], "start_line": 1}}, "classes": {"AgentStatus": {"executed_lines": [], "summary": {"covered_lines": 0, "num_statements": 0, "percent_covered": 100.0, "percent_covered_display": "100.00", "missing_lines": 0, "excluded_lines": 0, "percent_statements_covered": 100.0, "percent_statements_covered_display": "100.00"}, "missing_lines": [], "excluded_lines": [], "start_line": 16}, "Agent": {"executed_lines": [117, 124, 127, 128, 129, 130, 132, 136, 138, 140, 141, 151, 152, 153, 159, 164, 165, 167, 168, 177, 178, 179, 180, 181, 186, 187, 189, 190, 191, 192, 193, 194, 197, 198, 199, 200, 201, 202, 203, 206, 209, 210, 211, 212, 213, 214, 215, 216, 218, 219, 220, 221, 223, 224, 225, 226, 236, 238, 240, 241, 243, 246, 247, 249, 251, 252, 253, 256, 258, 259, 261, 264, 267, 273, 274, 275, 280, 281, 282, 283, 287, 297, 302, 303, 304, 309, 310, 316, 317, 318, 323, 328, 329, 330, 340, 345, 350, 354, 355, 356, 357, 359, 360, 368, 372, 373, 374, 375, 382, 384, 385, 386, 387, 399, 400, 401, 403, 404, 405, 407, 410, 411, 412, 414, 415, 416, 417, 418, 419, 420, 421, 423, 428, 430, 432, 434, 435, 437, 438, 439, 440, 441, 442, 444, 445, 446, 451, 453, 454, 455, 456, 458, 459, 460, 461, 462, 463, 464, 465, 466, 468, 469, 475, 476, 477, 479, 480, 481, 482, 483, 484, 485, 494, 495, 496, 498, 499, 500, 501, 502, 503, 505, 506, 507, 508, 509, 510, 511, 512, 513, 517, 519, 520, 521, 522, 523, 524, 525, 527, 528, 529, 533, 535, 536, 538, 539, 540, 545, 550, 555, 560, 565, 569, 571, 572, 573, 577, 579, 580, 581, 587, 588, 589, 593, 595, 601, 602, 606, 608, 609, 610, 615, 616, 617, 620, 621, 623, 624, 625, 627, 628, 630, 631, 632, 633, 634, 635, 637, 638, 639, 640, 641, 644, 648, 649, 650, 651, 652, 654, 656, 657, 658, 659, 660, 662, 663, 664, 665, 669, 676, 677, 678, 683, 684, 685, 686, 687, 690, 691, 692, 693, 694, 697, 698, 699, 700, 702, 703, 704, 705, 711, 712, 713, 714, 716, 720, 721, 732, 733, 734, 735, 740, 741, 744, 745, 746, 749, 750, 752, 763, 764, 770, 771, 776, 780], "summary": {"covered_lines": 315, "num_statements": 345, "percent_covered": 91.30434782608695, "percent_covered_display": "91.30", "missing_lines": 30, "excluded_lines": 0, "percent_statements_covered": 91.30434782608695, "percent_statements_covered_display": "91.30"}, "missing_lines": [118, 137, 143, 144, 145, 147, 182, 183, 185, 265, 311, 335, 402, 406, 408, 422, 429, 443, 489, 490, 570, 578, 594, 607, 655, 680, 707, 709, 710, 778], "excluded_lines": [], "start_line": 86}, "Agent.__init__.MockGateway": {"executed_lines": [], "summary": {"covered_lines": 0, "num_statements": 0, "percent_covered": 100.0, "percent_covered_display": "100.00", "missing_lines": 0, "excluded_lines": 0, "percent_statements_covered": 100.0, "percent_statements_covered_display": "100.00"}, "missing_lines": [], "excluded_lines": [], "start_line": 127}, "Agent.attach_circuit_breaker.CircuitState": {"executed_lines": [], "summary": {"covered_lines": 0, "num_statements": 0, "percent_covered": 100.0, "percent_covered_display": "100.00", "missing_lines": 0, "excluded_lines": 0, "percent_statements_covered": 100.0, "percent_statements_covered_display": "100.00"}, "missing_lines": [], "excluded_lines": [], "start_line": 520}, "Agent.attach_circuit_breaker.DefaultCircuitBreaker": {"executed_lines": [526], "summary": {"covered_lines": 1, "num_statements": 1, "percent_covered": 100.0, "percent_covered_display": "100.00", "missing_lines": 0, "excluded_lines": 0, "percent_statements_covered": 100.0, "percent_statements_covered_display": "100.00"}, "missing_lines": [], "excluded_lines": [], "start_line": 524}, "Agent.attach_health_check.DefaultHealthCheck": {"executed_lines": [537], "summary": {"covered_lines": 1, "num_statements": 1, "percent_covered": 100.0, "percent_covered_display": "100.00", "missing_lines": 0, "excluded_lines": 0, "percent_statements_covered": 100.0, "percent_statements_covered_display": "100.00"}, "missing_lines": [], "excluded_lines": [], "start_line": 535}, "AgentCapability": {"executed_lines": [793, 794, 795], "summary": {"covered_lines": 3, "num_statements": 3, "percent_covered": 100.0, "percent_covered_display": "100.00", "missing_lines": 0, "excluded_lines": 0, "percent_statements_covered": 100.0, "percent_statements_covered_display": "100.00"}, "missing_lines": [], "excluded_lines": [], "start_line": 784}, "AgentManager": {"executed_lines": [803, 804, 808, 812, 816, 817, 818, 822, 823, 824, 825, 826, 827, 828, 829, 830, 834, 835, 836, 837, 843, 847, 848, 852], "summary": {"covered_lines": 24, "num_statements": 24, "percent_covered": 100.0, "percent_covered_display": "100.00", "missing_lines": 0, "excluded_lines": 0, "percent_statements_covered": 100.0, "percent_statements_covered_display": "100.00"}, "missing_lines": [], "excluded_lines": [], "start_line": 798}, "AgentMessage": {"executed_lines": [867, 868, 869, 870, 871, 872], "summary": {"covered_lines": 6, "num_statements": 6, "percent_covered": 100.0, "percent_covered_display": "100.00", "missing_lines": 0, "excluded_lines": 0, "percent_statements_covered": 100.0, "percent_statements_covered_display": "100.00"}, "missing_lines": [], "excluded_lines": [], "start_line": 855}, "AgentTask": {"executed_lines": [887, 888, 889, 890, 891, 892], "summary": {"covered_lines": 6, "num_statements": 6, "percent_covered": 100.0, "percent_covered_display": "100.00", "missing_lines": 0, "excluded_lines": 0, "percent_statements_covered": 100.0, "percent_statements_covered_display": "100.00"}, "missing_lines": [], "excluded_lines": [], "start_line": 875}, "": {"executed_lines": [8, 9, 10, 11, 13, 16, 18, 19, 20, 21, 22, 25, 26, 27, 29, 30, 31, 33, 34, 35, 36, 37, 38, 39, 40, 41, 42, 57, 60, 61, 86, 93, 228, 269, 277, 278, 285, 299, 300, 306, 307, 313, 314, 320, 321, 325, 326, 332, 333, 337, 338, 342, 343, 347, 348, 352, 370, 396, 425, 448, 471, 487, 492, 515, 531, 542, 543, 547, 548, 552, 553, 557, 558, 562, 563, 567, 575, 591, 604, 612, 646, 667, 718, 737, 738, 773, 784, 786, 798, 801, 806, 810, 814, 820, 832, 845, 850, 855, 857, 875, 877], "summary": {"covered_lines": 101, "num_statements": 111, "percent_covered": 90.990990990991, "percent_covered_display": "90.99", "missing_lines": 10, "excluded_lines": 0, "percent_statements_covered": 90.990990990991, "percent_statements_covered_display": "90.99"}, "missing_lines": [43, 44, 45, 46, 47, 48, 49, 50, 51, 75], "excluded_lines": [], "start_line": 1}}}, "src/core/agno_agent_framework/exceptions.py": {"executed_lines": [8, 10, 13, 16, 19, 29, 47, 48, 49, 50, 53, 62, 78, 79, 80, 83, 93, 111, 112, 113, 114, 117, 120, 123, 133, 151, 152, 153, 154, 157, 165, 173, 174, 175, 178, 186, 194, 195, 196, 199, 208, 224, 225, 226, 229, 232, 235, 245, 263, 264, 265, 266, 269, 280, 300, 301, 302, 303, 304, 307, 317, 335, 336, 337, 338, 341, 351, 369, 370, 371, 372, 375, 383, 391, 392, 393, 396, 404, 412, 413, 414], "summary": {"covered_lines": 81, "num_statements": 81, "percent_covered": 100.0, "percent_covered_display": "100.00", "missing_lines": 0, "excluded_lines": 0, "percent_statements_covered": 100.0, "percent_statements_covered_display": "100.00"}, "missing_lines": [], "excluded_lines": [], "functions": {"AgentExecutionError.__init__": {"executed_lines": [47, 48, 49, 50], "summary": {"covered_lines": 4, "num_statements": 4, "percent_covered": 100.0, "percent_covered_display": "100.00", "missing_lines": 0, "excluded_lines": 0, "percent_statements_covered": 100.0, "percent_statements_covered_display": "100.00"}, "missing_lines": [], "excluded_lines": [], "start_line": 29}, "AgentConfigurationError.__init__": {"executed_lines": [78, 79, 80], "summary": {"covered_lines": 3, "num_statements": 3, "percent_covered": 100.0, "percent_covered_display": "100.00", "missing_lines": 0, "excluded_lines": 0, "percent_statements_covered": 100.0, "percent_statements_covered_display": "100.00"}, "missing_lines": [], "excluded_lines": [], "start_line": 62}, "AgentStateError.__init__": {"executed_lines": [111, 112, 113, 114], "summary": {"covered_lines": 4, "num_statements": 4, "percent_covered": 100.0, "percent_covered_display": "100.00", "missing_lines": 0, "excluded_lines": 0, "percent_statements_covered": 100.0, "percent_statements_covered_display": "100.00"}, "missing_lines": [], "excluded_lines": [], "start_line": 93}, "ToolInvocationError.__init__": {"executed_lines": [151, 152, 153, 154], "summary": {"covered_lines": 4, "num_statements": 4, "percent_covered": 100.0, "percent_covered_display": "100.00", "missing_lines": 0, "excluded_lines": 0, "percent_statements_covered": 100.0, "percent_statements_covered_display": "100.00"}, "missing_lines": [], "excluded_lines": [], "start_line": 133}, "ToolNotFoundError.__init__": {"executed_lines": [173, 174, 175], "summary": {"covered_lines": 3, "num_statements": 3, "percent_covered": 100.0, "percent_covered_display": "100.00", "missing_lines": 0, "excluded_lines": 0, "percent_statements_covered": 100.0, "percent_statements_covered_display": "100.00"}, "missing_lines": [], "excluded_lines": [], "start_line": 165}, "ToolNotImplementedError.__init__": {"executed_lines": [194, 195, 196], "summary": {"covered_lines": 3, "num_statements": 3, "percent_covered": 100.0, "percent_covered_display": "100.00", "missing_lines": 0, "excluded_lines": 0, "percent_statements_covered": 100.0, "percent_statements_covered_display": "100.00"}, "missing_lines": [], "excluded_lines": [], "start_line": 186}, "ToolValidationError.__init__": {"executed_lines": [224, 225, 226], "summary": {"covered_lines": 3, "num_statements": 3, "percent_covered": 100.0, "percent_covered_display": "100.00", "missing_lines": 0, "excluded_lines": 0, "percent_statements_covered": 100.0, "percent_statements_covered_display": "100.00"}, "missing_lines": [], "excluded_lines": [], "start_line": 208}, "MemoryReadError.__init__": {"executed_lines": [263, 264, 265, 266], "summary": {"covered_lines": 4, "num_statements": 4, "percent_covered": 100.0, "percent_covered_display": "100.00", "missing_lines": 0, "excluded_lines": 0, "percent_statements_covered": 100.0, "percent_statements_covered_display": "100.00"}, "missing_lines": [], "excluded_lines": [], "start_line": 245}, "MemoryWriteError.__init__": {"executed_lines": [300, 301, 302, 303, 304], "summary": {"covered_lines": 5, "num_statements": 5, "percent_covered": 100.0, "percent_covered_display": "100.00", "missing_lines": 0, "excluded_lines": 0, "percent_statements_covered": 100.0, "percent_statements_covered_display": "100.00"}, "missing_lines": [], "excluded_lines": [], "start_line": 280}, "MemoryPersistenceError.__init__": {"executed_lines": [335, 336, 337, 338], "summary": {"covered_lines": 4, "num_statements": 4, "percent_covered": 100.0, "percent_covered_display": "100.00", "missing_lines": 0, "excluded_lines": 0, "percent_statements_covered": 100.0, "percent_statements_covered_display": "100.00"}, "missing_lines": [], "excluded_lines": [], "start_line": 317}, "OrchestrationError.__init__": {"executed_lines": [369, 370, 371, 372], "summary": {"covered_lines": 4, "num_statements": 4, "percent_covered": 100.0, "percent_covered_display": "100.00", "missing_lines": 0, "excluded_lines": 0, "percent_statements_covered": 100.0, "percent_statements_covered_display": "100.00"}, "missing_lines": [], "excluded_lines": [], "start_line": 351}, "WorkflowNotFoundError.__init__": {"executed_lines": [391, 392, 393], "summary": {"covered_lines": 3, "num_statements": 3, "percent_covered": 100.0, "percent_covered_display": "100.00", "missing_lines": 0, "excluded_lines": 0, "percent_statements_covered": 100.0, "percent_statements_covered_display": "100.00"}, "missing_lines": [], "excluded_lines": [], "start_line": 383}, "AgentNotFoundError.__init__": {"executed_lines": [412, 413, 414], "summary": {"covered_lines": 3, "num_statements": 3, "percent_covered": 100.0, "percent_covered_display": "100.00", "missing_lines": 0, "excluded_lines": 0, "percent_statements_covered": 100.0, "percent_statements_covered_display": "100.00"}, "missing_lines": [], "excluded_lines": [], "start_line": 404}, "": {"executed_lines": [8, 10, 13, 16, 19, 29, 53, 62, 83, 93, 117, 120, 123, 133, 157, 165, 178, 186, 199, 208, 229, 232, 235, 245, 269, 280, 307, 317, 341, 351, 375, 383, 396, 404], "summary": {"covered_lines": 34, "num_statements": 34, "percent_covered": 100.0, "percent_covered_display": "100.00", "missing_lines": 0, "excluded_lines": 0, "percent_statements_covered": 100.0, "percent_statements_covered_display": "100.00"}, "missing_lines": [], "excluded_lines": [], "start_line": 1}}, "classes": {"AgentError": {"executed_lines": [], "summary": {"covered_lines": 0, "num_statements": 0, "percent_covered": 100.0, "percent_covered_display": "100.00", "missing_lines": 0, "excluded_lines": 0, "percent_statements_covered": 100.0, "percent_statements_covered_display": "100.00"}, "missing_lines": [], "excluded_lines": [], "start_line": 13}, "AgentExecutionError": {"executed_lines": [47, 48, 49, 50], "summary": {"covered_lines": 4, "num_statements": 4, "percent_covered": 100.0, "percent_covered_display": "100.00", "missing_lines": 0, "excluded_lines": 0, "percent_statements_covered": 100.0, "percent_statements_covered_display": "100.00"}, "missing_lines": [], "excluded_lines": [], "start_line": 19}, "AgentConfigurationError": {"executed_lines": [78, 79, 80], "summary": {"covered_lines": 3, "num_statements": 3, "percent_covered": 100.0, "percent_covered_display": "100.00", "missing_lines": 0, "excluded_lines": 0, "percent_statements_covered": 100.0, "percent_statements_covered_display": "100.00"}, "missing_lines": [], "excluded_lines": [], "start_line": 53}, "AgentStateError": {"executed_lines": [111, 112, 113, 114], "summary": {"covered_lines": 4, "num_statements": 4, "percent_covered": 100.0, "percent_covered_display": "100
[...]
g_lines": [], "excluded_lines": [], "start_line": 76}, "DependencyError.__init__": {"executed_lines": [108], "summary": {"covered_lines": 1, "num_statements": 1, "percent_covered": 100.0, "percent_covered_display": "100.00", "missing_lines": 0, "excluded_lines": 0, "percent_statements_covered": 100.0, "percent_statements_covered_display": "100.00"}, "missing_lines": [], "excluded_lines": [], "start_line": 99}, "": {"executed_lines": [6, 9, 12, 35, 38, 54, 57, 73, 76, 96, 99], "summary": {"covered_lines": 11, "num_statements": 11, "percent_covered": 100.0, "percent_covered_display": "100.00", "missing_lines": 0, "excluded_lines": 0, "percent_statements_covered": 100.0, "percent_statements_covered_display": "100.00"}, "missing_lines": [], "excluded_lines": [], "start_line": 1}}, "classes": {"ServiceException": {"executed_lines": [28, 29, 30, 31, 32], "summary": {"covered_lines": 5, "num_statements": 5, "percent_covered": 100.0, "percent_covered_display": "100.00", "missing_lines": 0, "excluded_lines": 0, "percent_statements_covered": 100.0, "percent_statements_covered_display": "100.00"}, "missing_lines": [], "excluded_lines": [], "start_line": 9}, "ValidationError": {"executed_lines": [46], "summary": {"covered_lines": 1, "num_statements": 1, "percent_covered": 100.0, "percent_covered_display": "100.00", "missing_lines": 0, "excluded_lines": 0, "percent_statements_covered": 100.0, "percent_statements_covered_display": "100.00"}, "missing_lines": [], "excluded_lines": [], "start_line": 35}, "NotFoundError": {"executed_lines": [65], "summary": {"covered_lines": 1, "num_statements": 1, "percent_covered": 100.0, "percent_covered_display": "100.00", "missing_lines": 0, "excluded_lines": 0, "percent_statements_covered": 100.0, "percent_statements_covered_display": "100.00"}, "missing_lines": [], "excluded_lines": [], "start_line": 54}, "InternalServerError": {"executed_lines": [88], "summary": {"covered_lines": 1, "num_statements": 1, "percent_covered": 100.0, "percent_covered_display": "100.00", "missing_lines": 0, "excluded_lines": 0, "percent_statements_covered": 100.0, "percent_statements_covered_display": "100.00"}, "missing_lines": [], "excluded_lines": [], "start_line": 73}, "DependencyError": {"executed_lines": [108], "summary": {"covered_lines": 1, "num_statements": 1, "percent_covered": 100.0, "percent_covered_display": "100.00", "missing_lines": 0, "excluded_lines": 0, "percent_statements_covered": 100.0, "percent_statements_covered_display": "100.00"}, "missing_lines": [], "excluded_lines": [], "start_line": 96}, "": {"executed_lines": [6, 9, 12, 35, 38, 54, 57, 73, 76, 96, 99], "summary": {"covered_lines": 11, "num_statements": 11, "percent_covered": 100.0, "percent_covered_display": "100.00", "missing_lines": 0, "excluded_lines": 0, "percent_statements_covered": 100.0, "percent_statements_covered_display": "100.00"}, "missing_lines": [], "excluded_lines": [], "start_line": 1}}}, "src/faas/shared/http_client.py": {"executed_lines": [9, 10, 11, 12, 13, 15, 17, 18, 20, 23, 26, 29, 32, 35, 38, 41, 53, 75, 76, 77, 78, 79, 80, 83, 90, 99, 126, 129, 132, 133, 134, 141, 142, 143, 144, 145, 146, 147, 148, 151, 152, 153, 156, 157, 158, 159, 160, 161, 162, 164, 187, 188, 190, 191, 192, 193, 194, 196, 197, 198, 199, 201, 202, 203, 204, 206, 208, 210, 233, 234, 235, 236, 237, 238, 241, 242, 243, 244, 245, 247, 248, 249, 250, 251, 252, 254, 255, 256, 259, 260, 261, 262, 267, 268, 269, 270, 271, 272, 273, 274, 275, 278, 302, 304, 306, 329, 330, 332, 333, 334, 337, 338, 341, 342, 343, 344, 345, 346, 347, 349, 351, 353, 374, 375, 377, 378, 379, 382, 383, 386, 387, 388, 389, 390, 391, 392, 394, 396, 398, 417, 420, 421, 422, 423, 424, 425, 426, 428, 430, 432, 436, 439, 446, 453, 454, 456, 466, 467, 470, 471, 473, 474, 475, 478, 483, 484, 486, 488, 489, 490, 493, 509], "summary": {"covered_lines": 172, "num_statements": 186, "percent_covered": 92.47311827956989, "percent_covered_display": "92.47", "missing_lines": 14, "excluded_lines": 0, "percent_statements_covered": 92.47311827956989, "percent_statements_covered_display": "92.47"}, "missing_lines": [207, 263, 264, 266, 279, 280, 281, 299, 300, 303, 340, 350, 385, 395], "excluded_lines": [], "functions": {"ServiceHTTPClient.__init__": {"executed_lines": [75, 76, 77, 78, 79, 80, 83, 90], "summary": {"covered_lines": 8, "num_statements": 8, "percent_covered": 100.0, "percent_covered_display": "100.00", "missing_lines": 0, "excluded_lines": 0, "percent_statements_covered": 100.0, "percent_statements_covered_display": "100.00"}, "missing_lines": [], "excluded_lines": [], "start_line": 53}, "ServiceHTTPClient._make_request": {"executed_lines": [126, 129, 132, 156, 157, 158, 159, 160, 161, 162], "summary": {"covered_lines": 10, "num_statements": 10, "percent_covered": 100.0, "percent_covered_display": "100.00", "missing_lines": 0, "excluded_lines": 0, "percent_statements_covered": 100.0, "percent_statements_covered_display": "100.00"}, "missing_lines": [], "excluded_lines": [], "start_line": 99}, "ServiceHTTPClient._make_request._execute_request": {"executed_lines": [133, 134, 141, 142, 143, 144, 145, 146, 147, 148, 151, 152, 153], "summary": {"covered_lines": 13, "num_statements": 13, "percent_covered": 100.0, "percent_covered_display": "100.00", "missing_lines": 0, "excluded_lines": 0, "percent_statements_covered": 100.0, "percent_statements_covered_display": "100.00"}, "missing_lines": [], "excluded_lines": [], "start_line": 132}, "ServiceHTTPClient.get": {"executed_lines": [187, 188, 190, 191, 192, 193, 194, 196, 197, 198, 199, 201, 202, 203, 204, 206, 208], "summary": {"covered_lines": 17, "num_statements": 18, "percent_covered": 94.44444444444444, "percent_covered_display": "94.44", "missing_lines": 1, "excluded_lines": 0, "percent_statements_covered": 94.44444444444444, "percent_statements_covered_display": "94.44"}, "missing_lines": [207], "excluded_lines": [], "start_line": 164}, "ServiceHTTPClient.post": {"executed_lines": [233, 234, 235, 236, 237, 238, 241, 242, 243, 244, 245, 247, 248, 249, 250, 251, 252, 254, 255, 256, 259, 260, 261, 262, 267, 268, 269, 270, 271, 272, 273, 274, 275, 278, 302, 304], "summary": {"covered_lines": 36, "num_statements": 45, "percent_covered": 80.0, "percent_covered_display": "80.00", "missing_lines": 9, "excluded_lines": 0, "percent_statements_covered": 80.0, "percent_statements_covered_display": "80.00"}, "missing_lines": [263, 264, 266, 279, 280, 281, 299, 300, 303], "excluded_lines": [], "start_line": 210}, "ServiceHTTPClient.put": {"executed_lines": [329, 330, 332, 333, 334, 337, 338, 341, 342, 343, 344, 345, 346, 347, 349, 351], "summary": {"covered_lines": 16, "num_statements": 18, "percent_covered": 88.88888888888889, "percent_covered_display": "88.89", "missing_lines": 2, "excluded_lines": 0, "percent_statements_covered": 88.88888888888889, "percent_statements_covered_display": "88.89"}, "missing_lines": [340, 350], "excluded_lines": [], "start_line": 306}, "ServiceHTTPClient.delete": {"executed_lines": [374, 375, 377, 378, 379, 382, 383, 386, 387, 388, 389, 390, 391, 392, 394, 396], "summary": {"covered_lines": 16, "num_statements": 18, "percent_covered": 88.88888888888889, "percent_covered_display": "88.89", "missing_lines": 2, "excluded_lines": 0, "percent_statements_covered": 88.88888888888889, "percent_statements_covered_display": "88.89"}, "missing_lines": [385, 395], "excluded_lines": [], "start_line": 353}, "ServiceHTTPClient.get_headers": {"executed_lines": [417, 420, 421, 422, 423, 424, 425, 426], "summary": {"covered_lines": 8, "num_statements": 8, "percent_covered": 100.0, "percent_covered_display": "100.00", "missing_lines": 0, "excluded_lines": 0, "percent_statements_covered": 100.0, "percent_statements_covered_display": "100.00"}, "missing_lines": [], "excluded_lines": [], "start_line": 398}, "ServiceHTTPClient.close": {"executed_lines": [430], "summary": {"covered_lines": 1, "num_statements": 1, "percent_covered": 100.0, "percent_covered_display": "100.00", "missing_lines": 0, "excluded_lines": 0, "percent_statements_covered": 100.0, "percent_statements_covered_display": "100.00"}, "missing_lines": [], "excluded_lines": [], "start_line": 428}, "ServiceHTTPClient.__del__": {"executed_lines": [436], "summary": {"covered_lines": 1, "num_statements": 1, "percent_covered": 100.0, "percent_covered_display": "100.00", "missing_lines": 0, "excluded_lines": 0, "percent_statements_covered": 100.0, "percent_statements_covered_display": "100.00"}, "missing_lines": [], "excluded_lines": [], "start_line": 432}, "ServiceClientManager.__init__": {"executed_lines": [453, 454], "summary": {"covered_lines": 2, "num_statements": 2, "percent_covered": 100.0, "percent_covered_display": "100.00", "missing_lines": 0, "excluded_lines": 0, "percent_statements_covered": 100.0, "percent_statements_covered_display": "100.00"}, "missing_lines": [], "excluded_lines": [], "start_line": 446}, "ServiceClientManager.get_client": {"executed_lines": [466, 467, 470, 471, 473, 474, 475, 478, 483, 484], "summary": {"covered_lines": 10, "num_statements": 10, "percent_covered": 100.0, "percent_covered_display": "100.00", "missing_lines": 0, "excluded_lines": 0, "percent_statements_covered": 100.0, "percent_statements_covered_display": "100.00"}, "missing_lines": [], "excluded_lines": [], "start_line": 456}, "ServiceClientManager.close_all": {"executed_lines": [488, 489, 490], "summary": {"covered_lines": 3, "num_statements": 3, "percent_covered": 100.0, "percent_covered_display": "100.00", "missing_lines": 0, "excluded_lines": 0, "percent_statements_covered": 100.0, "percent_statements_covered_display": "100.00"}, "missing_lines": [], "excluded_lines": [], "start_line": 486}, "create_service_client": {"executed_lines": [509], "summary": {"covered_lines": 1, "num_statements": 1, "percent_covered": 100.0, "percent_covered_display": "100.00", "missing_lines": 0, "excluded_lines": 0, "percent_statements_covered": 100.0, "percent_statements_covered_display": "100.00"}, "missing_lines": [], "excluded_lines": [], "start_line": 493}, "": {"executed_lines": [9, 10, 11, 12, 13, 15, 17, 18, 20, 23, 26, 29, 32, 35, 38, 41, 53, 99, 164, 210, 306, 353, 398, 428, 432, 439, 446, 456, 486, 493], "summary": {"covered_lines": 30, "num_statements": 30, "percent_covered": 100.0, "percent_covered_display": "100.00", "missing_lines": 0, "excluded_lines": 0, "percent_statements_covered": 100.0, "percent_statements_covered_display": "100.00"}, "missing_lines": [], "excluded_lines": [], "start_line": 1}}, "classes": {"ServiceClientError": {"executed_lines": [], "summary": {"covered_lines": 0, "num_statements": 0, "percent_covered": 100.0, "percent_covered_display": "100.00", "missing_lines": 0, "excluded_lines": 0, "percent_statements_covered": 100.0, "percent_statements_covered_display": "100.00"}, "missing_lines": [], "excluded_lines": [], "start_line": 23}, "ServiceUnavailableError": {"executed_lines": [], "summary": {"covered_lines": 0, "num_statements": 0, "percent_covered": 100.0, "percent_covered_display": "100.00", "missing_lines": 0, "excluded_lines": 0, "percent_statements_covered": 100.0, "percent_statements_covered_display": "100.00"}, "missing_lines": [], "excluded_lines": [], "start_line": 29}, "ServiceTimeoutError": {"executed_lines": [], "summary": {"covered_lines": 0, "num_statements": 0, "percent_covered": 100.0, "percent_covered_display": "100.00", "missing_lines": 0, "excluded_lines": 0, "percent_statements_covered": 100.0, "percent_statements_covered_display": "100.00"}, "missing_lines": [], "excluded_lines": [], "start_line": 35}, "ServiceHTTPClient": {"executed_lines": [75, 76, 77, 78, 79, 80, 83, 90, 126, 129, 132, 133, 134, 141, 142, 143, 144, 145, 146, 147, 148, 151, 152, 153, 156, 157, 158, 159, 160, 161, 162, 187, 188, 190, 191, 192, 193, 194, 196, 197, 198, 199, 201, 202, 203, 204, 206, 208, 233, 234, 235, 236, 237, 238, 241, 242, 243, 244, 245, 247, 248, 249, 250, 251, 252, 254, 255, 256, 259, 260, 261, 262, 267, 268, 269, 270, 271, 272, 273, 274, 275, 278, 302, 304, 329, 330, 332, 333, 334, 337, 338, 341, 342, 343, 344, 345, 346, 347, 349, 351, 374, 375, 377, 378, 379, 382, 383, 386, 387, 388, 389, 390, 391, 392, 394, 396, 417, 420, 421, 422, 423, 424, 425, 426, 430, 436], "summary": {"covered_lines": 126, "num_statements": 140, "percent_covered": 90.0, "percent_covered_display": "90.00", "missing_lines": 14, "excluded_lines": 0, "percent_statements_covered": 90.0, "percent_statements_covered_display": "90.00"}, "missing_lines": [207, 263, 264, 266, 279, 280, 281, 299, 300, 303, 340, 350, 385, 395], "excluded_lines": [], "start_line": 41}, "ServiceClientManager": {"executed_lines": [453, 454, 466, 467, 470, 471, 473, 474, 475, 478, 483, 484, 488, 489, 490], "summary": {"covered_lines": 15, "num_statements": 15, "percent_covered": 100.0, "percent_covered_display": "100.00", "missing_lines": 0, "excluded_lines": 0, "percent_statements_covered": 100.0, "percent_statements_covered_display": "100.00"}, "missing_lines": [], "excluded_lines": [], "start_line": 439}, "": {"executed_lines": [9, 10, 11, 12, 13, 15, 17, 18, 20, 23, 26, 29, 32, 35, 38, 41, 53, 99, 164, 210, 306, 353, 398, 428, 432, 439, 446, 456, 486, 493, 509], "summary": {"covered_lines": 31, "num_statements": 31, "percent_covered": 100.0, "percent_covered_display": "100.00", "missing_lines": 0, "excluded_lines": 0, "percent_statements_covered": 100.0, "percent_statements_covered_display": "100.00"}, "missing_lines": [], "excluded_lines": [], "start_line": 1}}}, "src/faas/shared/middleware.py": {"executed_lines": [8, 9, 10, 11, 13, 14, 15, 17, 18, 20, 23, 26, 37, 40, 51, 54, 55, 66, 68, 71, 74, 86, 87, 88, 91, 93, 94, 106, 107, 110, 121, 122, 123, 125, 126, 127, 128, 129, 131, 132, 133, 134, 136, 147, 158, 162, 164, 165, 181, 189, 192, 195, 197, 200, 213, 214, 215, 217, 219, 222, 232, 234, 235, 236, 237, 238, 239, 240, 241, 242, 243, 245], "summary": {"covered_lines": 72, "num_statements": 72, "percent_covered": 100.0, "percent_covered_display": "100.00", "missing_lines": 0, "excluded_lines": 0, "percent_statements_covered": 100.0, "percent_statements_covered_display": "100.00"}, "missing_lines": [], "excluded_lines": [], "functions": {"LoggingMiddleware.dispatch": {"executed_lines": [37, 40, 51, 54, 55, 66, 68], "summary": {"covered_lines": 7, "num_statements": 7, "percent_covered": 100.0, "percent_covered_display": "100.00", "missing_lines": 0, "excluded_lines": 0, "percent_statements_covered": 100.0, "percent_statements_covered_display": "100.00"}, "missing_lines": [], "excluded_lines": [], "start_line": 26}, "AuthMiddleware.dispatch": {"executed_lines": [86, 87, 88, 91, 93, 94, 106, 107], "summary": {"covered_lines": 8, "num_statements": 8, "percent_covered": 100.0, "percent_covered_display": "100.00", "missing_lines": 0, "excluded_lines": 0, "percent_statements_covered": 100.0, "percent_statements_covered_display": "100.00"}, "missing_lines": [], "excluded_lines": [], "start_line": 74}, "error_handler": {"executed_lines": [121, 122, 123, 125, 126, 127, 128, 129, 131, 132, 133, 134, 136, 147, 158, 162, 164, 165], "summary": {"covered_lines": 18, "num_statements": 18, "percent_covered": 100.0, "percent_covered_display": "100.00", "missing_lines": 0, "excluded_lines": 0, "percent_statements_covered": 100.0, "percent_statements_covered_display": "100.00"}, "missing_lines": [], "excluded_lines": [], "start_line": 110}, "setup_middleware": {"executed_lines": [189, 192, 195, 197], "summary": {"covered_lines": 4, "num_statements": 4, "percent_covered": 100.0, "percent_covered_display": "100.00", "missing_lines": 0, "excluded_lines": 0, "percent_statements_covered": 100.0, "percent_statements_covered_display": "100.00"}, "missing_lines": [], "excluded_lines": [], "start_line": 181}, "auth_middleware": {"executed_lines": [213, 214, 215, 217, 219], "summary": {"covered_lines": 5, "num_statements": 5, "percent_covered": 100.0, "percent_covered_display": "100.00", "missing_lines": 0, "excluded_lines": 0, "percent_statements_covered": 100.0, "percent_statements_covered_display": "100.00"}, "missing_lines": [], "excluded_lines": [], "start_line": 200}, "logging_middleware": {"executed_lines": [232, 234, 235, 245], "summary": {"covered_lines": 4, "num_statements": 4, "percent_covered": 100.0, "percent_covered_display": "100.00", "missing_lines": 0, "excluded_lines": 0, "percent_statements_covered": 100.0, "percent_statements_covered_display": "100.00"}, "missing_lines": [], "excluded_lines": [], "start_line": 222}, "logging_middleware.wrapper": {"executed_lines": [236, 237, 238, 239, 240, 241, 242, 243], "summary": {"covered_lines": 8, "num_statements": 8, "percent_covered": 100.0, "percent_covered_display": "100.00", "missing_lines": 0, "excluded_lines": 0, "percent_statements_covered": 100.0, "percent_statements_covered_display": "100.00"}, "missing_lines": [], "excluded_lines": [], "start_line": 235}, "": {"executed_lines": [8, 9, 10, 11, 13, 14, 15, 17, 18, 20, 23, 26, 71, 74, 110, 181, 200, 222], "summary": {"covered_lines": 18, "num_statements": 18, "percent_covered": 100.0, "percent_covered_display": "100.00", "missing_lines": 0, "excluded_lines": 0, "percent_statements_covered": 100.0, "percent_statements_covered_display": "100.00"}, "missing_lines": [], "excluded_lines": [], "start_line": 1}}, "classes": {"LoggingMiddleware": {"executed_lines": [37, 40, 51, 54, 55, 66, 68], "summary": {"covered_lines": 7, "num_statements": 7, "percent_covered": 100.0, "percent_covered_display": "100.00", "missing_lines": 0, "excluded_lines": 0, "percent_statements_covered": 100.0, "percent_statements_covered_display": "100.00"}, "missing_lines": [], "excluded_lines": [], "start_line": 23}, "AuthMiddleware": {"executed_lines": [86, 87, 88, 91, 93, 94, 106, 107], "summary": {"covered_lines": 8, "num_statements": 8, "percent_covered": 100.0, "percent_covered_display": "100.00", "missing_lines": 0, "excluded_lines": 0, "percent_statements_covered": 100.0, "percent_statements_covered_display": "100.00"}, "missing_lines": [], "excluded_lines": [], "start_line": 71}, "": {"executed_lines": [8, 9, 10, 11, 13, 14, 15, 17, 18, 20, 23, 26, 71, 74, 110, 121, 122, 123, 125, 126, 127, 128, 129, 131, 132, 133, 134, 136, 147, 158, 162, 164, 165, 181, 189, 192, 195, 197, 200, 213, 214, 215, 217, 219, 222, 232, 234, 235, 236, 237, 238, 239, 240, 241, 242, 243, 245], "summary": {"covered_lines": 57, "num_statements": 57, "percent_covered": 100.0, "percent_covered_display": "100.00", "missing_lines": 0, "excluded_lines": 0, "percent_statements_covered": 100.0, "percent_statements_covered_display": "100.00"}, "missing_lines": [], "excluded_lines": [], "start_line": 1}}}, "src/generated/__init__.py": {"executed_lines": [], "summary": {"covered_lines": 0, "num_statements": 1, "percent_covered": 0.0, "percent_covered_display": "0.00", "missing_lines": 1, "excluded_lines": 0, "percent_statements_covered": 0.0, "percent_statements_covered_display": "0.00"}, "missing_lines": [14], "excluded_lines": [], "functions": {"": {"executed_lines": [], "summary": {"covered_lines": 0, "num_statements": 1, "percent_covered": 0.0, "percent_covered_display": "0.00", "missing_lines": 1, "excluded_lines": 0, "percent_statements_covered": 0.0, "percent_statements_covered_display": "0.00"}, "missing_lines": [14], "excluded_lines": [], "start_line": 1}}, "classes": {"": {"executed_lines": [], "summary": {"covered_lines": 0, "num_statements": 1, "percent_covered": 0.0, "percent_covered_display": "0.00", "missing_lines": 1, "excluded_lines": 0, "percent_statements_covered": 0.0, "percent_statements_covered_display": "0.00"}, "missing_lines": [14], "excluded_lines": [], "start_line": 1}}}}, "totals": {"covered_lines": 13303, "num_statements": 14813, "percent_covered": 89.80625126578006, "percent_covered_display": "89.81", "missing_lines": 1510, "excluded_lines": 200, "percent_statements_covered": 89.80625126578006, "percent_statements_covered_display": "89.81"}}