{"meta": {"format": 3, "version": "7.13.3", "timestamp": "2026-02-12T17:17:33.976234", "branch_coverage": false, "show_contexts": false}, "files": {"src/__init__.py": {"executed_lines": [9], "summary": {"covered_lines": 1, "num_statements": 1, "percent_covered": 100.0, "percent_covered_display": "100.00", "missing_lines": 0, "excluded_lines": 0, "percent_statements_covered": 100.0, "percent_statements_covered_display": "100.00"}, "missing_lines": [], "excluded_lines": [], "functions": {"": {"executed_lines": [9], "summary": {"covered_lines": 1, "num_statements": 1, "percent_covered": 100.0, "percent_covered_display": "100.00", "missing_lines": 0, "excluded_lines": 0, "percent_statements_covered": 100.0, "percent_statements_covered_display": "100.00"}, "missing_lines": [], "excluded_lines": [], "start_line": 1}}, "classes": {"": {"executed_lines": [9], "summary": {"covered_lines": 1, "num_statements": 1, "percent_covered": 100.0, "percent_covered_display": "100.00", "missing_lines": 0, "excluded_lines": 0, "percent_statements_covered": 100.0, "percent_statements_covered_display": "100.00"}, "missing_lines": [], "excluded_lines": [], "start_line": 1}}}, "src/core/agno_agent_framework/__init__.py": {"executed_lines": [9, 10, 26, 27, 35, 36, 37, 40, 41, 53], "summary": {"covered_lines": 10, "num_statements": 15, "percent_covered": 66.66666666666667, "percent_covered_display": "66.67", "missing_lines": 5, "excluded_lines": 0, "percent_statements_covered": 66.66666666666667, "percent_statements_covered_display": "66.67"}, "missing_lines": [47, 48, 49, 50, 51], "excluded_lines": [], "functions": {"": {"executed_lines": [9, 10, 26, 27, 35, 36, 37, 40, 41, 53], "summary": {"covered_lines": 10, "num_statements": 15, "percent_covered": 66.66666666666667, "percent_covered_display": "66.67", "missing_lines": 5, "excluded_lines": 0, "percent_statements_covered": 66.66666666666667, "percent_statements_covered_display": "66.67"}, "missing_lines": [47, 48, 49, 50, 51], "excluded_lines": [], "start_line": 1}}, "classes": {"": {"executed_lines": [9, 10, 26, 27, 35, 36, 37, 40, 41, 53], "summary": {"covered_lines": 10, "num_statements": 15, "percent_covered": 66.66666666666667, "percent_covered_display": "66.67", "missing_lines": 5, "excluded_lines": 0, "percent_statements_covered": 66.66666666666667, "percent_statements_covered_display": "66.67"}, "missing_lines": [47, 48, 49, 50, 51], "excluded_lines": [], "start_line": 1}}}, "src/core/agno_agent_framework/agent.py": {"executed_lines": [9, 10, 11, 12, 13, 16, 19, 20, 21, 26, 27, 30, 31, 38, 41, 42, 43, 44, 45, 48, 51, 52, 53, 56, 59, 60, 61, 62, 63, 64, 67, 70, 71, 72, 73, 74, 75, 78, 86, 87, 88, 89, 90, 91, 94, 95, 96, 99, 100, 103, 104, 105, 108, 109, 110, 111, 112, 115, 116, 117, 118, 121, 122, 125, 126, 129, 130, 133, 136, 137, 138, 140, 141, 143, 157, 160, 162, 174, 175, 178, 179, 180, 182, 195, 196, 197, 199, 206, 217, 218, 225, 235, 236, 237, 238, 239, 240, 241, 242, 243, 244, 245, 246, 248, 249, 250, 251, 253, 266, 267, 269, 270, 271, 272, 273, 274, 275, 278, 279, 280, 281, 282, 283, 285, 287, 288, 289, 299, 310, 312, 313, 315, 316, 318, 319, 321, 322, 324, 335, 336, 339, 345, 355, 356, 359, 362, 363, 366, 367, 370, 372, 379, 380, 381, 383, 404, 405, 407, 408, 409, 410, 412, 415, 416, 417, 420, 421, 422, 425, 429, 450, 451, 452, 453, 455, 462, 483, 484, 485, 487, 488, 491, 503, 528, 529, 537, 539, 542, 552, 561, 562, 569, 594, 602, 603, 604, 606, 616, 617, 619, 621, 622, 623, 624, 628, 638, 639, 641, 642, 644, 645, 647, 648, 653, 655, 657, 667, 669, 670, 672, 674, 675, 677, 678, 683, 685, 687, 697, 698, 699, 701, 711, 712, 713, 715, 722, 723, 725, 726, 727, 728, 732, 739, 740, 741, 742, 744, 751, 752, 754, 755, 764, 765, 766, 767, 768, 770, 780, 781, 783, 784, 785, 787, 788, 790, 801, 802, 804, 806, 807, 808, 810, 811, 813, 815, 825, 826, 828, 829, 830, 833, 835, 847, 849, 852, 854, 855, 858, 859, 861, 862, 863, 865, 867, 888, 896, 909, 910, 912, 913, 914, 915, 917, 919, 929, 930, 931, 933, 935, 957, 959, 960, 972, 973, 974, 975, 976, 978, 988, 990, 1000, 1001, 1005, 1012, 1015, 1017, 1018, 1021, 1023, 1025, 1026, 1029, 1031, 1033, 1034, 1037, 1038, 1039, 1043, 1044, 1045, 1047, 1054, 1057, 1064, 1065, 1068, 1081, 1083, 1101, 1102, 1104, 1105, 1107, 1115, 1119, 1131, 1132, 1134, 1138, 1139, 1141, 1148, 1149, 1151, 1152, 1154, 1161, 1171, 1207, 1214, 1215, 1217, 1218, 1219, 1230, 1232, 1234, 1241, 1242, 1244, 1252, 1253, 1255, 1257, 1264, 1265, 1266, 1272, 1273, 1275, 1288, 1318, 1328, 1329, 1331, 1332, 1334, 1335, 1363, 1364, 1377, 1386, 1387, 1398, 1399, 1400, 1401, 1402, 1404, 1405, 1416, 1417, 1418, 1419, 1420, 1421, 1422, 1423, 1424, 1425, 1426, 1428, 1429, 1443, 1446, 1452, 1453, 1456, 1457, 1464, 1465, 1468, 1469, 1483, 1484, 1485, 1487, 1489, 1490, 1491, 1492, 1493, 1505, 1507, 1508, 1510, 1511, 1522, 1523, 1524, 1525, 1527, 1528, 1539, 1541, 1542, 1543, 1544, 1546, 1547, 1580, 1588, 1590, 1591, 1593, 1603, 1605, 1617, 1627, 1629, 1636, 1638, 1648, 1654, 1672, 1691, 1698, 1700, 1710, 1712, 1719], "summary": {"covered_lines": 482, "num_statements": 538, "percent_covered": 89.59107806691449, "percent_covered_display": "89.59", "missing_lines": 56, "excluded_lines": 0, "percent_statements_covered": 89.59107806691449, "percent_statements_covered_display": "89.59"}, "missing_lines": [32, 34, 35, 276, 277, 492, 501, 626, 850, 856, 958, 962, 964, 1055, 1058, 1184, 1186, 1187, 1189, 1190, 1193, 1194, 1197, 1200, 1201, 1202, 1205, 1348, 1349, 1351, 1352, 1353, 1359, 1360, 1361, 1444, 1454, 1466, 1564, 1566, 1567, 1568, 1570, 1571, 1572, 1573, 1574, 1575, 1577, 1615, 1668, 1669, 1670, 1687, 1688, 1689], "excluded_lines": [], "functions": {"Agent.add_capability": {"executed_lines": [157, 160], "summary": {"covered_lines": 2, "num_statements": 2, "percent_covered": 100.0, "percent_covered_display": "100.00", "missing_lines": 0, "excluded_lines": 0, "percent_statements_covered": 100.0, "percent_statements_covered_display": "100.00"}, "missing_lines": [], "excluded_lines": [], "start_line": 143}, "Agent.add_task": {"executed_lines": [174, 175, 178, 179, 180], "summary": {"covered_lines": 5, "num_statements": 5, "percent_covered": 100.0, "percent_covered_display": "100.00", "missing_lines": 0, "excluded_lines": 0, "percent_statements_covered": 100.0, "percent_statements_covered_display": "100.00"}, "missing_lines": [], "excluded_lines": [], "start_line": 162}, "Agent._validate_tenant_id": {"executed_lines": [195, 196, 197, 199], "summary": {"covered_lines": 4, "num_statements": 4, "percent_covered": 100.0, "percent_covered_display": "100.00", "missing_lines": 0, "excluded_lines": 0, "percent_statements_covered": 100.0, "percent_statements_covered_display": "100.00"}, "missing_lines": [], "excluded_lines": [], "start_line": 182}, "Agent._store_task_result_in_memory": {"executed_lines": [217, 218], "summary": {"covered_lines": 2, "num_statements": 2, "percent_covered": 100.0, "percent_covered_display": "100.00", "missing_lines": 0, "excluded_lines": 0, "percent_statements_covered": 100.0, "percent_statements_covered_display": "100.00"}, "missing_lines": [], "excluded_lines": [], "start_line": 206}, "Agent._build_error_suggestion": {"executed_lines": [235, 236, 237, 238, 239, 240, 241, 242, 243, 244, 245, 246, 248, 249, 250, 251], "summary": {"covered_lines": 16, "num_statements": 16, "percent_covered": 100.0, "percent_covered_display": "100.00", "missing_lines": 0, "excluded_lines": 0, "percent_statements_covered": 100.0, "percent_statements_covered_display": "100.00"}, "missing_lines": [], "excluded_lines": [], "start_line": 225}, "Agent._execute_with_retry": {"executed_lines": [266, 267, 269, 270, 271, 272, 273, 274, 275, 278, 279, 280, 281, 282, 283, 285, 287, 288, 289], "summary": {"covered_lines": 19, "num_statements": 21, "percent_covered": 90.47619047619048, "percent_covered_display": "90.48", "missing_lines": 2, "excluded_lines": 0, "percent_statements_covered": 90.47619047619048, "percent_statements_covered_display": "90.48"}, "missing_lines": [276, 277], "excluded_lines": [], "start_line": 253}, "Agent.execute_task": {"executed_lines": [310, 312, 313, 315, 316, 318, 319, 321, 322], "summary": {"covered_lines": 9, "num_statements": 9, "percent_covered": 100.0, "percent_covered_display": "100.00", "missing_lines": 0, "excluded_lines": 0, "percent_statements_covered": 100.0, "percent_statements_covered_display": "100.00"}, "missing_lines": [], "excluded_lines": [], "start_line": 299}, "Agent._execute_task_internal": {"executed_lines": [335, 336, 339], "summary": {"covered_lines": 3, "num_statements": 3, "percent_covered": 100.0, "percent_covered_display": "100.00", "missing_lines": 0, "excluded_lines": 0, "percent_statements_covered": 100.0, "percent_statements_covered_display": "100.00"}, "missing_lines": [], "excluded_lines": [], "start_line": 324}, "Agent._execute_llm_task": {"executed_lines": [355, 356, 359, 362, 363, 366, 367, 370], "summary": {"covered_lines": 8, "num_statements": 8, "percent_covered": 100.0, "percent_covered_display": "100.00", "missing_lines": 0, "excluded_lines": 0, "percent_statements_covered": 100.0, "percent_statements_covered_display": "100.00"}, "missing_lines": [], "excluded_lines": [], "start_line": 345}, "Agent._get_tools_schema": {"executed_lines": [379, 380, 381], "summary": {"covered_lines": 3, "num_statements": 3, "percent_covered": 100.0, "percent_covered_display": "100.00", "missing_lines": 0, "excluded_lines": 0, "percent_statements_covered": 100.0, "percent_statements_covered_display": "100.00"}, "missing_lines": [], "excluded_lines": [], "start_line": 372}, "Agent._tool_calling_loop": {"executed_lines": [404, 405, 407, 408, 409, 410, 412, 415, 416, 417, 420, 421, 422, 425], "summary": {"covered_lines": 14, "num_statements": 14, "percent_covered": 100.0, "percent_covered_display": "100.00", "missing_lines": 0, "excluded_lines": 0, "percent_statements_covered": 100.0, "percent_statements_covered_display": "100.00"}, "missing_lines": [], "excluded_lines": [], "start_line": 383}, "Agent._call_llm": {"executed_lines": [450, 451, 452, 453, 455], "summary": {"covered_lines": 5, "num_statements": 5, "percent_covered": 100.0, "percent_covered_display": "100.00", "missing_lines": 0, "excluded_lines": 0, "percent_statements_covered": 100.0, "percent_statements_covered_display": "100.00"}, "missing_lines": [], "excluded_lines": [], "start_line": 429}, "Agent._execute_function_calls": {"executed_lines": [483, 484, 485, 487, 488, 491], "summary": {"covered_lines": 6, "num_statements": 8, "percent_covered": 75.0, "percent_covered_display": "75.00", "missing_lines": 2, "excluded_lines": 0, "percent_statements_covered": 75.0, "percent_statements_covered_display": "75.00"}, "missing_lines": [492, 501], "excluded_lines": [], "start_line": 462}, "Agent._execute_single_tool": {"executed_lines": [528, 529, 537, 539, 542, 552, 561, 562], "summary": {"covered_lines": 8, "num_statements": 8, "percent_covered": 100.0, "percent_covered_display": "100.00", "missing_lines": 0, "excluded_lines": 0, "percent_statements_covered": 100.0, "percent_statements_covered_display": "100.00"}, "missing_lines": [], "excluded_lines": [], "start_line": 503}, "Agent._build_task_result": {"executed_lines": [594, 602, 603, 604], "summary": {"covered_lines": 4, "num_statements": 4, "percent_covered": 100.0, "percent_covered_display": "100.00", "missing_lines": 0, "excluded_lines": 0, "percent_statements_covered": 100.0, "percent_statements_covered_display": "100.00"}, "missing_lines": [], "excluded_lines": [], "start_line": 569}, "Agent._extract_function_calls": {"executed_lines": [616, 617, 619, 621, 622, 623, 624], "summary": {"covered_lines": 7, "num_statements": 8, "percent_covered": 87.5, "percent_covered_display": "87.50", "missing_lines": 1, "excluded_lines": 0, "percent_statements_covered": 87.5, "percent_statements_covered_display": "87.50"}, "missing_lines": [626], "excluded_lines": [], "start_line": 606}, "Agent._extract_from_dict_response": {"executed_lines": [638, 639, 641, 642, 644, 645, 647, 648, 653, 655], "summary": {"covered_lines": 10, "num_statements": 10, "percent_covered": 100.0, "percent_covered_display": "100.00", "missing_lines": 0, "excluded_lines": 0, "percent_statements_covered": 100.0, "percent_statements_covered_display": "100.00"}, "missing_lines": [], "excluded_lines": [], "start_line": 628}, "Agent._extract_from_litellm_response": {"executed_lines": [667, 669, 670, 672, 674, 675, 677, 678, 683, 685], "summary": {"covered_lines": 10, "num_statements": 10, "percent_covered": 100.0, "percent_covered_display": "100.00", "missing_lines": 0, "excluded_lines": 0, "percent_statements_covered": 100.0, "percent_statements_covered_display": "100.00"}, "missing_lines": [], "excluded_lines": [], "start_line": 657}, "Agent._get_tool_name": {"executed_lines": [697, 698, 699], "summary": {"covered_lines": 3, "num_statements": 3, "percent_covered": 100.0, "percent_covered_display": "100.00", "missing_lines": 0, "excluded_lines": 0, "percent_statements_covered": 100.0, "percent_statements_covered_display": "100.00"}, "missing_lines": [], "excluded_lines": [], "start_line": 687}, "Agent._get_tool_arguments": {"executed_lines": [711, 712, 713], "summary": {"covered_lines": 3, "num_statements": 3, "percent_covered": 100.0, "percent_covered_display": "100.00", "missing_lines": 0, "excluded_lines": 0, "percent_statements_covered": 100.0, "percent_statements_covered_display": "100.00"}, "missing_lines": [], "excluded_lines": [], "start_line": 701}, "Agent._initialize_prompt_manager": {"executed_lines": [722, 723, 725, 726, 727, 728], "summary": {"covered_lines": 6, "num_statements": 6, "percent_covered": 100.0, "percent_covered_display": "100.00", "missing_lines": 0, "excluded_lines": 0, "percent_statements_covered": 100.0, "percent_statements_covered_display": "100.00"}, "missing_lines": [], "excluded_lines": [], "start_line": 715}, "Agent._build_system_prompt_parts": {"executed_lines": [739, 740, 741, 742], "summary": {"covered_lines": 4, "num_statements": 4, "percent_covered": 100.0, "percent_covered_display": "100.00", "missing_lines": 0, "excluded_lines": 0, "percent_statements_covered": 100.0, "percent_statements_covered_display": "100.00"}, "missing_lines": [], "excluded_lines": [], "start_line": 732}, "Agent._build_role_prompt_part": {"executed_lines": [751, 752, 754, 755, 764, 765, 766, 767, 768], "summary": {"covered_lines": 9, "num_statements": 9, "percent_covered": 100.0, "percent_covered_display": "100.00", "missing_lines": 0, "excluded_lines": 0, "percent_statements_covered": 100.0, "percent_statements_covered_display": "100.00"}, "missing_lines": [], "excluded_lines": [], "start_line": 744}, "Agent._retrieve_memory_context": {"executed_lines": [780, 781, 783, 784, 785, 787, 788], "summary": {"covered_lines": 7, "num_statements": 7, "percent_covered": 100.0, "percent_covered_display": "100.00", "missing_lines": 0, "excluded_lines": 0, "percent_statements_covered": 100.0, "percent_statements_covered_display": "100.00"}, "missing_lines": [], "excluded_lines": [], "start_line": 770}, "Agent._build_context": {"executed_lines": [801, 802, 804, 806, 807, 808, 810, 811, 813], "summary": {"covered_lines": 9, "num_statements": 9, "percent_covered": 100.0, "percent_covered_display": "100.00", "missing_lines": 0, "excluded_lines": 0, "percent_statements_covered": 100.0, "percent_statements_covered_display": "100.00"}, "missing_lines": [], "excluded_lines": [], "start_line": 790}, "Agent._enforce_token_budget": {"executed_lines": [825, 826, 828, 829, 830, 833], "summary": {"covered_lines": 6, "num_statements": 6, "percent_covered": 100.0, "percent_covered_display": "100.00", "missing_lines": 0, "excluded_lines": 0, "percent_statements_covered": 100.0, "percent_statements_covered_display": "100.00"}, "missing_lines": [], "excluded_lines": [], "start_line": 815}, "Agent._build_prompt_with_context": {"executed_lines": [847, 849, 852, 854, 855, 858, 859, 861, 862, 863, 865], "summary": {"covered_lines": 11, "num_statements": 13, "percent_covered": 84.61538461538461, "percent_covered_display": "84.62", "missing_lines": 2, "excluded_lines": 0, "percent_statements_covered": 84.61538461538461, "percent_statements_covered_display": "84.62"}, "missing_lines": [850, 856], "excluded_lines": [], "start_line": 835}, "Agent.attach_memory": {"executed_lines": [888], "summary": {"covered_lines": 1, "num_statements": 1, "percent_covered": 100.0, "percent_covered_display": "100.00", "missing_lines": 0, "excluded_lines": 0, "percent_statements_covered": 100.0, "percent_statements_covered_display": "100.00"}, "missing_lines": [], "excluded_lines": [], "start_line": 867}, "Agent.attach_tools": {"executed_lines": [909, 910, 912, 913, 914, 915, 917], "summary": {"covered_lines": 7, "num_statements": 7, "percent_covered": 100.0, "percent_covered_display": "100.00", "missing_lines": 0, "excluded_lines": 0, "percent_statements_covered": 100.0, "percent_statements_covered_display": "100.00"}, "missing_lines": [], "excluded_lines": [], "start_line": 896}, "Agent.add_tool": {"executed_lines": [929, 930, 931, 933], "summary": {"covered_lines": 4, "num_statements": 4, "percent_covered": 100.0, "percent_covered_display": "100.00", "missing_lines": 0, "excluded_lines": 0, "percent_statements_covered": 100.0, "percent_statements_covered_display": "100.00"}, "missing_lines": [], "excluded_lines": [], "start_line": 919}, "Agent.attach_prompt_manager": {"executed_lines": [957, 959, 960, 972, 973, 974, 975, 976], "summary": {"covered_lines": 8, "num_statements": 11, "percent_covered": 72.72727272727273, "percent_covered_display": "72.73", "missing_lines": 3, "excluded_lines": 0, "percent_statements_covered": 72.72727272727273, "percent_statements_covered_display": "72.73"}, "missing_lines": [958, 962, 964], "excluded_lines": [], "start_line": 935}, "Agent.set_system_prompt": {"executed_lines": [988], "summary": {"covered_lines": 1, "num_statements": 1, "percent_covered": 100.0, "percent_covered_display": "100.00", "missing_lines": 0, "excluded_lines": 0, "percent_statements_covered": 100.0, "percent_statements_covered_display": "100.00"}, "missing_lines": [], "excluded_lines": [], "start_line": 978}, "Agent.attach_circuit_breaker": {"executed_lines": [1000, 1001], "summary": {"covered_lines": 2, "num_statements": 2, "percent_covered": 100.0, "percent_covered_display": "100.00", "missing_lines": 0, "excluded_lines": 0, "percent_statements_covered": 100.0, "percent_statements_covered_display": "100.00"}, "missing_lines": [], "excluded_lines": [], "start_line": 990}, "Agent.attach_health_check": {"executed_lines": [1012, 1015, 1023, 1031, 1043, 1044, 1045], "summary": {"covered_lines": 7, "num_statements": 7, "percent_covered": 100.0, "percent_covered_display": "100.00", "missing_lines": 0, "excluded_lines": 0, "percent_statements_covered": 100.0, "percent_statements_covered_display": "100.00"}, "missing_lines": [], "excluded_lines": [], "start_line": 1005}, "Agent.attach_health_check.check_gateway_health": {"executed_lines": [1017, 1018, 1021], "summary": {"covered_lines": 3, "num_statements": 3, "percent_covered": 100.0, "percent_covered_display": "100.00", "missing_lines": 0, "excluded_lines": 0, "percent_statements_covered": 100.0, "percent_statements_covered_display": "100.00"}, "missing_lines": [], "excluded_lines": [], "start_line": 1015}, "Agent.attach_health_check.check_memory_health": {"executed_lines": [1025, 1026, 1029], "summary": {"covered_lines": 3, "num_statements": 3, "percent_covered": 100.0, "percent_covered_display": "100.00", "missing_lines": 0, "excluded_lines": 0, "percent_statements_covered": 100.0, "percent_statements_covered_display": "100.00"}, "missing_lines": [], "excluded_lines": [], "start_line": 1023}, "Agent.attach_health_check.check_status_health": {"executed_lines": [1033, 1034, 1037, 1038, 1039], "summary": {"covered_lines": 5, "num_statements": 5, "percent_covered": 100.0, "percent_covered_display": "100.00", "missing_lines": 0, "excluded_lines": 0, "percent_statements_covered": 100.0, "percent_statements_covered_display": "100.00"}, "missing_lines": [], "excluded_lines": [], "start_line": 1031}, "Agent.get_health": {"executed_lines": [1054, 1057, 1064, 1065, 1068, 1081], "summary": {"covered_lines": 6, "num_statements": 8, "percent_covered": 75.0, "percent_covered_display": "75.00", "missing_lines": 2, "excluded_lines": 0, "percent_statements_covered": 75.0, "percent_statements_covered_display": "75.00"}, "missing_lines": [1055, 1058], "excluded_lines": [], "start_line": 1047}, "Agent.add_prompt_template": {"executed_lines": [1101, 1102, 1104, 1105, 1107, 1115], "summary": {"covered_lines": 6, "num_statements": 6, "percent_covered": 100.0, "percent_covered_display": "100.00", "missing_lines": 0, "excluded_lines": 0, "percent_statements_covered": 100.0, "percent_statements_covered_display": "100.00"}, "missing_lines": [], "excluded_lines": [], "start_line": 1083}, "Agent.send_message": {"executed_lines": [1131, 1132, 1134, 1138, 1139], "summary": {"covered_lines": 5, "num_statements": 5, "percent_covered": 100.0, "percent_covered_display": "100.00", "missing_lines": 0, "excluded_lines": 0, "percent_statements_covered": 100.0, "percent_statements_covered_display": "100.00"}, "missing_lines": [], "excluded_lines": [], "start_line": 1119}, "Agent.receive_message": {"executed_lines": [1148, 1149, 1151, 1152], "summary": {"covered_lines": 4, "num_statements": 4, "percent_covered": 100.0, "percent_covered_display": "100.00", "missing_lines": 0, "excluded_lines": 0, "percent_statements_covered": 100.0, "percent_statements_covered_display": "100.00"}, "missing_lines": [], "excluded_lines": [], "start_line": 1141}, "Agent.get_status": {"executed_lines": [1161], "summary": {"covered_lines": 1, "num_statements": 1, "percent_covered": 100.0, "percent_covered_display": "100.00", "missing_lines": 0, "excluded_lines": 0, "percent_statements_covered": 100.0, "percent_statements_covered_display": "100.00"}, "missing_lines": [], "excluded_lines": [], "start_line": 1154}, "Agent.save_state": {"executed_lines": [], "summary": {"covered_lines": 0, "num_statements": 12, "percent_covered": 0.0, "percent_covered_display": "0.00", "missing_lines": 12, "excluded_lines": 0, "percent_statements_covered": 0.0, "percent_statements_covered_display": "0.00"}, "missing_lines": [1184, 1186, 1187, 1189, 1190, 1193, 1194, 1197, 1200, 1201, 1202, 1205], "excluded_lines": [], "start_line": 1171}, "Agent._serialize_tools": {"executed_lines": [1214, 1215, 1217, 1218, 1219, 1230, 1232], "summary": {"covered_lines": 7, "num_statements": 7, "percent_covered": 100.0, "percent_covered_display": "100.00", "missing_lines": 0, "excluded_lines": 0, "percent_statements_covered": 100.0, "percent_statements_covered_display": "100.00"}, "missing_lines": [], "excluded_lines": [], "start_line": 1207}, "Agent._serialize_prompt_manager": {"executed_lines": [1241, 1242, 1244, 1252, 1253, 1255], "summary": {"covered_lines": 6, "num_statements": 6, "percent_covered": 100.0, "percent_covered_display": "100.00", "missing_lines": 0, "excluded_lines": 0, "percent_statements_covered": 100.0, "percent_statements_covered_display": "100.00"}, "missing_lines": [], "excluded_lines": [], "start_line": 1234}, "Agent._serialize_templates": {"executed_lines": [1264, 1265, 1266, 1272, 1273], "summary": {"covered_lines": 5, "num_statements": 5, "percent_covered": 100.0, "percent_covered_display": "100.00", "missing_lines": 0, "excluded_lines": 0, "percent_statements_covered": 100.0, "percent_statements_covered_display": "100.00"}, "missing_lines": [], "excluded_lines": [], "start_line": 1257}, "Agent._build_state_dict": {"executed_lines": [1288], "summary": {"covered_lines": 1, "num_statements": 1, "percent_covered": 100.0, "percent_covered_display": "100.00", "missing_lines": 0, "excluded_lines": 0, "percent_statements_covered": 100.0, "percent_statements_covered_display": "100.00"}, "missing_lines": [], "excluded_lines": [], "start_line": 1275}, "Agent._save_prompt_history": {"executed_lines": [1328, 1329, 1331, 1332], "summary": {"covered_lines": 4, "num_statements": 4, "percent_covered": 100.0, "percent_covered_display": "100.00", "missing_lines": 0, "excluded_lines": 0, "percent_statements_covered": 100.0, "percent_statements_covered_display": "100.00"}, "missing_lines": [], "excluded_lines": [], "start_line": 1318}, "Agent._load_state_file": {"executed_lines": [], "summary": {"covered_lines": 0, "num_statements": 8, "percent_covered": 0.0, "percent_covered_display": "0.00", "missing_lines": 8, "excluded_lines": 0, "percent_statements_covered": 0.0, "percent_statements_covered_display": "0.00"}, "missing_lines": [1348, 1349, 1351, 1352, 1353, 1359, 1360, 1361], "excluded_lines": [], "start_line": 1335}, "Agent._create_agent_from_state": {"executed_lines": [1377], "summary": {"covered_lines": 1, "num_statements": 1, "percent_covered": 100.0, "percent_covered_display": "100.00", "missing_lines": 0, "excluded_lines": 0, "percent_statements_covered": 100.0, "percent_statements_covered_display": "100.00"}, "missing_lines": [], "excluded_lines": [], "start_line": 1364}, "Agent._restore_basic_state": {"executed_lines": [1398, 1399, 1400, 1401, 1402], "summary": {"covered_lines": 5, "num_statements": 5, "percent_covered": 100.0, "percent_covered_display": "100.00", "missing_lines": 0, "excluded_lines": 0, "percent_statements_covered": 100.0, "percent_statements_covered_display": "100.00"}, "missing_lines": [], "excluded_lines": [], "start_line": 1387}, "Agent._restore_configuration": {"executed_lines": [1416, 1417, 1418, 1419, 1420, 1421, 1422, 1423, 1424, 1425, 1426], "summary": {"covered_lines": 11, "num_statements": 11, "percent_covered": 100.0, "percent_covered_display": "100.00", "missing_lines": 0, "excluded_lines": 0, "percent_statements_covered": 100.0, "percent_statements_covered_display": "100.00"}, "missing_lines": [], "excluded_lines": [], "start_line": 1405}, "Agent._restore_prompt_manager": {"executed_lines": [1443, 1446, 1452, 1453, 1456, 1457, 1464, 1465], "summary": {"covered_lines": 8, "num_statements": 11, "percent_covered": 72.72727272727273, "percent_covered_display": "72.73", "missing_lines": 3, "excluded_lines": 0, "percent_statements_covered": 72.72727272727273, "percent_statements_covered_display": "72.73"}, "missing_lines": [1444, 1454, 1466], "excluded_lines": [], "start_line": 1429}, "Agent._restore_tools": {"executed_lines": [1483, 1484, 1485, 1487, 1489, 1490, 1491, 1492, 1493, 1505, 1507, 1508], "summary": {"covered_lines": 12, "num_statements": 12, "percent_covered": 100.0, "percent_covered_display": "100.00", "missing_lines": 0, "excluded_lines": 0, "percent_statements_covered": 100.0, "percent_statements_covered_display": "100.00"}, "missing_lines": [], "excluded_lines": [], "start_line": 1469}, "Agent._restore_memory": {"executed_lines": [1522, 1523, 1524, 1525], "summary": {"covered_lines": 4, "num_statements": 4, "percent_covered": 100.0, "percent_covered_display": "100.00", "missing_lines": 0, "excluded_lines": 0, "percent_statements_covered": 100.0, "percent_statements_covered_display": "100.00"}, "missing_lines": [], "excluded_lines": [], "start_line": 1511}, "Agent._restore_timestamps": {"executed_lines": [1539, 1541, 1542, 1543, 1544], "summary": {"covered_lines": 5, "num_statements": 5, "percent_covered": 100.0, "percent_covered_display": "100.00", "missing_lines": 0, "excluded_lines": 0, "percent_statements_covered": 100.0, "percent_statements_covered_display": "100.00"}, "missing_lines": [], "excluded_lines": [], "start_line": 1528}, "Agent.load_state": {"executed_lines": [], "summary": {"covered_lines": 0, "num_statements": 11, "percent_covered": 0.0, "percent_covered_display": "0.00", "missing_lines": 11, "excluded_lines": 0, "percent_statements_covered": 0.0, "percent_statements_covered_display": "0.00"}, "missing_lines": [1564, 1566, 1567, 1568, 1570, 1571, 1572, 1573, 1574, 1575, 1577], "excluded_lines": [], "start_line": 1547}, "AgentManager.__init__": {"executed_lines": [1590, 1591], "summary": {"covered_lines": 2, "num_statements": 2, "percent_covered": 100.0, "percent_covered_display": "100.00", "missing_lines": 0, "excluded_lines": 0, "percent_statements_covered": 100.0, "percent_statements_covered_display": "100.00"}, "missing_lines": [], "excluded_lines": [], "start_line": 1588}, "AgentManager.register_agent": {"executed_lines": [1603], "summary": {"covered_lines": 1, "num_statements": 1, "percent_covered": 100.0, "percent_covered_display": "100.00", "missing_lines": 0, "excluded_lines": 0, "percent_statements_covered": 100.0, "percent_statements_covered_display": "100.00"}, "missing_lines": [], "excluded_lines": [], "start_line": 1593}, "AgentManager.unregister_agent": {"executed_lines": [], "summary": {"covered_lines": 0, "num_statements": 1, "percent_covered": 0.0, "percent_covered_display": "0.00", "missing_lines": 1, "excluded_lines": 0, "percent_statements_covered": 0.0, "percent_statements_covered_display": "0.00"}, "missing_lines": [1615], "excluded_lines": [], "start_line": 1605}, "AgentManager.get_agent": {"executed_lines": [1627], "summary": {"covered_lines": 1, "num_statements": 1, "percent_covered": 100.0, "percent_covered_display": "100.00", "missing_lines": 0, "excluded_lines": 0, "percent_statements_covered": 100.0, "percent_statements_covered_display": "100.00"}, "missing_lines": [], "excluded_lines": [], "start_line": 1617}, "AgentManager.list_agents": {"executed_lines": [1636], "summary": {"covered_lines": 1, "num_statements": 1, "percent_covered": 100.0, "percent_covered_display": "100.00", "missing_lines": 0, "excluded_lines": 0, "percent_statements_covered": 100.0, "percent_statements_covered_display": "100.00"}, "missing_lines": [], "excluded_lines": [], "start_line": 1629}, "AgentManager.find_agents_by_capability": {"executed_lines": [1648], "summary": {"covered_lines": 1, "num_statements": 1, "percent_covered": 100.0, "percent_covered_display": "100.00", "missing_lines": 0, "excluded_lines": 0, "percent_statements_covered": 100.0, "percent_statements_covered_display": "100.00"}, "missing_lines": [], "excluded_lines": [], "start_line": 1638}, "AgentManager.broadcast_message": {"executed_lines": [], "summary": {"covered_lines": 0, "num_statements": 3, "percent_covered": 0.0, "percent_covered_display": "0.00", "missing_lines": 3, "excluded_lines": 0, "percent_statements_covered": 0.0, "percent_statements_covered_display": "0.00"}, "missing_lines": [1668, 1669, 1670], "excluded_lines": [], "start_line": 1654}, "AgentManager.send_message_to_agent": {"executed_lines": [], "summary": {"covered_lines": 0, "num_statements": 3, "percent_covered": 0.0, "percent_covered_display": "0.00", "missing_lines": 3, "excluded_lines": 0, "percent_statements_covered": 0.0, "percent_statements_covered_display": "0.00"}, "missing_lines": [1687, 1688, 1689], "excluded_lines": [], "start_line": 1672}, "AgentManager.get_agent_statuses": {"executed_lines": [1698], "summary": {"covered_lines": 1, "num_statements": 1, "percent_covered": 100.0, "percent_covered_display": "100.00", "missing_lines": 0, "excluded_lines": 0, "percent_statements_covered": 100.0, "percent_statements_covered_display": "100.00"}, "missing_lines": [], "excluded_lines": [], "start_line": 1691}, "AgentManager.attach_orchestrator": {"executed_lines": [1710], "summary": {"covered_lines": 1, "num_statements": 1, "percent_covered": 100.0, "percent_covered_display": "100.00", "missing_lines": 0, "excluded_lines": 0, "percent_statements_covered": 100.0, "percent_statements_covered_display": "100.00"}, "missing_lines": [], "excluded_lines": [], "start_line": 1700}, "AgentManager.get_orchestrator": {"executed_lines": [1719], "summary": {"covered_lines": 1, "num_statements": 1, "percent_covered": 100.0, "percent_covered_display": "100.00", "missing_lines": 0, "excluded_lines": 0, "percent_statements_covered": 100.0, "percent_statements_covered_display": "100.00"}, "missing_lines": [], "excluded_lines": [], "start_line": 1712}, "": {"executed_lines": [9, 10, 11, 12, 13, 16, 19, 20, 21, 26, 27, 30, 31, 38, 41, 42, 43, 44, 45, 48, 51, 52, 53, 56, 59, 60, 61, 62, 63, 64, 67, 70, 71, 72, 73, 74, 75, 78, 86, 87, 88, 89, 90, 91, 94, 95, 96, 99, 100, 103, 104, 105, 108, 109, 110, 111, 112, 115, 116, 117, 118, 121, 122, 125, 126, 129, 130, 133, 136, 137, 138, 140, 141, 143, 162, 182, 206, 225, 253, 299, 324, 345, 372, 383, 429, 462, 503, 569, 606, 628, 657, 687, 701, 715, 732, 744, 770, 790, 815, 835, 867, 896, 919, 935, 978, 990, 1005, 1047, 1083, 1119, 1141, 1154, 1171, 1207, 1234, 1257, 1275, 1318, 1334, 1335, 1363, 1364, 1386, 1387, 1404, 1405, 1428, 1429, 1468, 1469, 1510, 1511, 1527, 1528, 1546, 1547, 1580, 1588, 1593, 1605, 1617, 1629, 1638, 1654, 1672, 1691, 1700, 1712], "summary": {"covered_lines": 148, "num_statements": 151, "percent_covered": 98.01324503311258, "percent_covered_display": "98.01", "missing_lines": 3, "excluded_lines": 0, "percent_statements_covered": 98.01324503311258, "percent_statements_covered_display": "98.01"}, "missing_lines": [32, 34, 35], "excluded_lines": [], "start_line": 1}}, "classes": {"AgentStatus": {"executed_lines": [], "summary": {"covered_lines": 0, "num_statements": 0, "percent_covered": 100.0, "percent_covered_display": "100.00", "missing_lines": 0, "excluded_lines": 0, "percent_statements_covered": 100.0, "percent_statements_covered_display": "100.00"}, "missing_lines": [], "excluded_lines": [], "start_line": 38}, "AgentCapability": {"executed_lines": [], "summary": {"covered_lines": 0, "num_statements": 0, "percent_covered": 100.0, "percent_covered_display": "100.00", "missing_lines": 0, "excluded_lines": 0, "percent_statements_covered": 100.0, "percent_statements_covered_display": "100.00"}, "missing_lines": [], "excluded_lines": [], "start_line": 48}, "AgentMessage": {"executed_lines": [], "summary": {"covered_lines": 0, "num_statements": 0, "percent_covered": 100.0, "percent_covered_display": "100.00", "missing_lines": 0, "excluded_lines": 0, "percent_statements_covered": 100.0, "percent_statements_covered_display": "100.00"}, "missing_lines": [], "excluded_lines": [], "start_line": 56}, "AgentTask": {"executed_lines": [], "summary": {"covered_lines": 0, "num_statements": 0, "percent_covered": 100.0, "percent_covered_display": "100.00", "missing_lines": 0, "excluded_lines": 0, "percent_statements_covered": 100.0, "percent_statements_covered_display": "100.00"}, "missing_lines": [], "excluded_lines": [], "start_line": 67}, "Agent": {"executed_lines": [157, 160, 174, 175, 178, 179, 180, 195, 196, 197, 199, 217, 218, 235, 236, 237, 238, 239, 240, 241, 242, 243, 244, 245, 246, 248, 249, 250, 251, 266, 267, 269, 270, 271, 272, 273, 274, 275, 278, 279, 280, 281, 282, 283, 285, 287, 288, 289, 310, 312, 313, 315, 316, 318, 319, 321, 322, 335, 336, 339, 355, 356, 359, 362, 363, 366, 367, 370, 379, 380, 381, 404, 405, 407, 408, 409, 410, 412, 415, 416, 417, 420, 421, 422, 425, 450, 451, 452, 453, 455, 483, 484, 485, 487, 488, 491, 528, 529, 537, 539, 542, 552, 561, 562, 594, 602, 603, 604, 616, 617, 619, 621, 622, 623, 624, 638, 639, 641, 642, 644, 645, 647, 648, 653, 655, 667, 669, 670, 672, 674, 675, 677, 678, 683, 685, 697, 698, 699, 711, 712, 713, 722, 723, 725, 726, 727, 728, 739, 740, 741, 742, 751, 752, 754, 755, 764, 765, 766, 767, 768, 780, 781, 783, 784, 785, 787, 788, 801, 802, 804, 806, 807, 808, 810, 811, 813, 825, 826, 828, 829, 830, 833, 847, 849, 852, 854, 855, 858, 859, 861, 862, 863, 865, 888, 909, 910, 912, 913, 914, 915, 917, 929, 930, 931, 933, 957, 959, 960, 972, 973, 974, 975, 976, 988, 1000, 1001, 1012, 1015, 1017, 1018, 1021, 1023, 1025, 1026, 1029, 1031, 1033, 1034, 1037, 1038, 1039, 1043, 1044, 1045, 1054, 1057, 1064, 1065, 1068, 1081, 1101, 1102, 1104, 1105, 1107, 1115, 1131, 1132, 1134, 1138, 1139, 1148, 1149, 1151, 1152, 1161, 1214, 1215, 1217, 1218, 1219, 1230, 1232, 1241, 1242, 1244, 1252, 1253, 1255, 1264, 1265, 1266, 1272, 1273, 1288, 1328, 1329, 1331, 1332, 1377, 1398, 1399, 1400, 1401, 1402, 1416, 1417, 1418, 1419, 1420, 1421, 1422, 1423, 1424, 1425, 1426, 1443, 1446, 1452, 1453, 1456, 1457, 1464, 1465, 1483, 1484, 1485, 1487, 1489, 1490, 1491, 1492, 1493, 1505, 1507, 1508, 1522, 1523, 1524, 1525, 1539, 1541, 1542, 1543, 1544], "summary": {"covered_lines": 325, "num_statements": 371, "percent_covered": 87.6010781671159, "percent_covered_display": "87.60", "missing_lines": 46, "excluded_lines": 0, "percent_statements_covered": 87.6010781671159, "percent_statements_covered_display": "87.60"}, "missing_lines": [276, 277, 492, 501, 626, 850, 856, 958, 962, 964, 1055, 1058, 1184, 1186, 1187, 1189, 1190, 1193, 1194, 1197, 1200, 1201, 1202, 1205, 1348, 1349, 1351, 1352, 1353, 1359, 1360, 1361, 1444, 1454, 1466, 1564, 1566, 1567, 1568, 1570, 1571, 1572, 1573, 1574, 1575, 1577], "excluded_lines": [], "start_line": 78}, "Agent.Config": {"executed_lines": [], "summary": {"covered_lines": 0, "num_statements": 0, "percent_covered": 100.0, "percent_covered_display": "100.00", "missing_lines": 0, "excluded_lines": 0, "percent_statements_covered": 100.0, "percent_statements_covered_display": "100.00"}, "missing_lines": [], "excluded_lines": [], "start_line": 140}, "AgentManager": {"executed_lines": [1590, 1591, 1603, 1627, 1636, 1648, 1698, 1710, 1719], "summary": {"covered_lines": 9, "num_statements": 16, "percent_covered": 56.25, "percent_covered_display": "56.25", "missing_lines": 7, "excluded_lines": 0, "percent_statements_covered": 56.25, "percent_statements_covered_display": "56.25"}, "missing_lines": [1615, 1668, 1669, 1670, 1687, 1688, 1689], "excluded_lines": [], "start_line": 1580}, "": {"executed_lines": [9, 10, 11, 12, 13, 16, 19, 20, 21, 26, 27, 30, 31, 38, 41, 42, 43, 44, 45, 48, 51, 52, 53, 56, 59, 60, 61, 62, 63, 64, 67, 70, 71, 72, 73, 74, 75, 78, 86, 87, 88, 89, 90, 91, 94, 95, 96, 99, 100, 103, 104, 105, 108, 109, 110, 111, 112, 115, 116, 117, 118, 121, 122, 125, 126, 129, 130, 133, 136, 137, 138, 140, 141, 143, 162, 182, 206, 225, 253, 299, 324, 345, 372, 383, 429, 462, 503, 569, 606, 628, 657, 687, 701, 715, 732, 744, 770, 790, 815, 835, 867, 896, 919, 935, 978, 990, 1005, 1047, 1083, 1119, 1141, 1154, 1171, 1207, 1234, 1257, 1275, 1318, 1334, 1335, 1363, 1364, 1386, 1387, 1404, 1405, 1428, 1429, 1468, 1469, 1510, 1511, 1527, 1528, 1546, 1547, 1580, 1588, 1593, 1605, 1617, 1629, 1638, 1654, 1672, 1691, 1700, 1712], "summary": {"covered_lines": 148, "num_statements": 151, "percent_covered": 98.01324503311258, "percent_covered_display": "98.01", "missing_lines": 3, "excluded_lines": 0, "percent_statements_covered": 98.01324503311258, "percent_statements_covered_display": "98.01"}, "missing_lines": [32, 34, 35], "excluded_lines": [], "start_line": 1}}}, "src/core/agno_agent_framework/exceptions.py": {"executed_lines": [8, 10, 13, 16, 19, 29, 47, 48, 49, 50, 53, 62, 78, 79, 80, 83, 93, 111, 112, 113, 114, 117, 120, 123, 133, 151, 152, 153, 154, 157, 165, 173, 174, 175, 178, 186, 194, 195, 196, 199, 208, 224, 225, 226, 229, 232, 235, 245, 263, 264, 265, 266, 269, 280, 300, 301, 302, 303, 304, 307, 317, 335, 336, 337, 338, 341, 351, 369, 370, 371, 372, 375, 383, 391, 392, 393, 396, 404, 412, 413, 414], "summary": {"covered_lines": 81, "num_statements": 81, "percent_covered": 100.0, "percent_covered_display": "100.00", "missing_lines": 0, "excluded_lines": 0, "percent_statements_covered": 100.0, "percent_statements_covered_display": "100.00"}, "missing_lines": [], "excluded_lines": [], "functions": {"AgentExecutionError.__init__": {"executed_lines": [47, 48, 49, 50], "summary": {"covered_lines": 4, "num_statements": 4, "percent_covered": 100.0, "percent_covered_display": "100.00", "missing_lines": 0, "excluded_lines": 0, "percent_statements_covered": 100.0, "percent_statements_covered_display": "100.00"}, "missing_lines": [], "excluded_lines": [], "start_line": 29}, "AgentConfigurationError.__init__": {"executed_lines": [78, 79, 80], "summary": {"covered_lines": 3, "num_statements": 3, "percent_covered": 100.0, "percent_covered_display": "100.00", "missing_lines": 0, "excluded_lines": 0, "percent_statements_covered": 100.0, "percent_statements_covered_display": "100.00"}, "missing_lines": [], "excluded_lines": [], "start_line": 62}, "AgentStateError.__init__": {"executed_lines": [111, 112, 113, 114], "summary": {"covered_lines": 4, "num_statements": 4, "percent_covered": 100.0, "percent_covered_display": "100.00", "missing_lines": 0, "excluded_lines": 0, "percent_statements_covered": 100.0, "percent_statements_covered_display": "100.00"}, "missing_lines": [], "excluded_lines": [], "start_line": 93}, "ToolInvocationError.__init__": {"executed_lines": [151, 152, 153, 154], "summary": {"covered_lines": 4, "num_statements": 4, "percent_covered": 100.0, "percent_covered_display": "100.00", "missing_lines": 0, "excluded_lines": 0, "percent_statements_covered": 100.0, "percent_statements_covered_display": "100.00"}, "missing_lines": [], "excluded_lines": [], "start_line": 133}, "ToolNotFoundError.__init__": {"executed_lines": [173, 174, 175], "summary": {"covered_lines": 3, "num_statements": 3, "percent_covered": 100.0, "percent_covered_display": "100.00", "missing_lines": 0, "excluded_lines": 0, "percent_statements_covered": 100.0, "percent_statements_covered_display": "100.00"}, "missing_lines": [], "excluded_lines": [], "start_line": 165}, "ToolNotImplementedError.__init__": {"executed_lines": [194, 195, 196], "summary": {"covered_lines": 3, "num_statements": 3, "percent_covered": 100.0, "percent_covered_display": "100.00", "missing_lines": 0, "excluded_lines": 0, "percent_statements_covered": 100.0, "percent_statements_covered_display": "100.00"}, "missing_lines": [], "excluded_lines": [], "start_line": 186}, "ToolValidationError.__init__": {"executed_lines": [224, 225, 226], "summary": {"covered_lines": 3, "num_statements": 3, "percent_covered": 100.0, "percent_covered_display": "100.00", "missing_lines": 0, "excluded_lines": 0, "percent_statements_covered": 100.0, "percent_statements_covered_display": "100.00"}, "missing_lines": [], "excluded_lines": [], "start_line": 208}, "MemoryReadError.__init__": {"executed_lines": [263, 264, 265, 266], "summary": {"covered_lines": 4, "num_statements": 4, "percent_covered": 100.0, "percent_covered_display": "100.00", "missing_lines": 0, "excluded_lines": 0, "percent_statements_covered": 100.0, "percent_statements_covered_display": "100.00"}, "missing_lines": [], "excluded_lines": [], "start_line": 245}, "MemoryWriteError.__init__": {"executed_lines": [300, 301, 302, 303, 304], "summary": {"covered_lines": 5, "num_statements": 5, "percent_covered": 100.0, "percent_covered_display": "100.00", "missing_lines": 0, "excluded_lines": 0, "percent_statements_covered": 100.0, "percent_statements_covered_display": "100.00"}, "missing_lines": [], "excluded_lines": [], "start_line": 280}, "MemoryPersistenceError.__init__": {"executed_lines": [335, 336, 337, 338], "summary": {"covered_lines": 4, "num_statements": 4, "percent_covered": 100.0, "percent_covered_display": "100.00", "missing_lines": 0, "excluded_lines": 0, "percent_statements_covered": 100.0, "percent_statements_covered_display": "100.00"}, "missing_lines": [], "excluded_lines": [], "start_line": 317}, "OrchestrationError.__init__": {"executed_lines": [369, 370, 371, 372], "summary": {"covered_lines": 4, "num_statements": 4, "percent_covered": 100.0, "percent_covered_display": "100.00", "missing_lines": 0, "excluded_lines": 0, "percent_statements_covered": 100.0, "percent_statements_covered_display": "100.00"}, "missing_lines": [], "excluded_lines": [], "start_line": 351}, "WorkflowNotFoundError.__init__": {"executed_lines": [391, 392, 393], "summary": {"covered_lines": 3, "num_statements": 3, "percent_covered": 100.0, "percent_covered_display": "100.00", "missing_lines": 0, "excluded_lines": 0, "percent_statements_covered": 100.0, "percent_statements_covered_display": "100.00"}, "missing_lines": [], "excluded_lines": [], "start_line": 383}, "AgentNotFoundError.__init__": {"executed_lines": [412, 413, 414], "summary": {"covered_lines": 3, "num_statements": 3, "percent_covered": 100.0, "percent_covered_display": "100.00", "missing_lines": 0, "excluded_lines": 0, "percent_statements_covered": 100.0, "percent_statements_covered_display": "100.00"}, "missing_lines": [], "excluded_lines": [], "start_line": 404}, "": {"executed_lines": [8, 10, 13, 16, 19, 29, 53, 62, 83, 93, 117, 120, 123, 133, 157, 165, 178, 186, 199, 208, 229, 232, 235, 245, 269, 280, 307, 317, 341, 351, 375, 383, 396, 404], "summary": {"covered_lines": 34, "num_statements": 34, "percent_covered": 100.0, "percent_covered_display": "100.00", "missing_lines": 0, "excluded_lines": 0, "percent_statements_covered": 100.0, "percent_statements_covered_display": "100.00"}, "missing_lines": [], "excluded_lines": [], "start_line": 1}}, "classes": {"AgentError": {"executed_lines": [], "summary": {"covered_lines": 0, "num_statements": 0, "percent_covered": 100.0, "percent_covered_display": "100.00", "missing_lines": 0, "excluded_lines": 0, "percent_statements_covered": 100.0, "percent_statements_covered_display": "100.00"}, "missing_lines": [], "excluded_lines": [], "start_line": 13}, "AgentExecutionError": {"executed_lines": [47, 48, 49, 50], "summary": {"covered_lines": 4, "num_statements": 4, "percent_covered": 100.0, "percent_covered_display": "100.00", "missing_lines": 0, "excluded_lines": 0, "percent_statements_covered": 100.0, "percent_statements_covered_display": "100.00"}, "missing_lines": [], "excluded_lines": [], "start_line": 19}, "AgentConfigurationError": {"executed_lines": [78, 79, 80], "summary": {"covered_lines": 3, "num_statements": 3, "percent_covered": 100.0, "percent_covered_display": "100.00", "missing_lines": 0, "excluded_lines": 0, "percent_statements_covered": 100.0, "percent_statements_covered_display": "100.00"}, "missing_lines": [], "excluded_lines": [], "start_line": 53}, "AgentStateError": {"executed_lines": [111, 112, 113, 114], "summary": {"covered_lines": 4, "num_statements": 4, "percent_covered": 100.0, "percent_covered_display": "100.00", "missing_lines": 0, "excluded_lines": 0, "percent_statements_covered": 100.0, "percent_statements_covered_display": "100.00"}, "missing_lines": [], "excluded_lines": [], "start_line": 83}, "ToolError": {"executed_lines": [], "summary": {"covered_lines": 0, "num_statements": 0, "percent_covered": 100.0, "percent_covered_display": "100.00", "missing_lines": 0, "excluded_lines": 0, "percent_statements_covered": 100.0, "percent_statements_covered_display": "100.00"}, "missing_lines": [], "excluded_lines": [], "start_line": 117}, "ToolInvocationError": {"executed_lines": [151, 152, 153, 154], "summary": {"covered_lines": 4, "num_statements": 4, "percent_covered": 100.0, "percent_covered_display": "100.00", "missing_lines": 0, "excluded_lines": 0, "percent_statements_covered": 100.0, "percent_statements_covered_display": "100.00"}, "missing_lines": [], "excluded_lines": [], "start_line": 123}, "ToolNotFoundError": {"executed_lines": [173, 174, 175], "summary": {"covered_lines": 3, "num_statements": 3, "percent_covered": 100.0, "percent_covered_display": "100.00", "missing_lines": 0, "excluded_lines": 0, "percent_statements_covered": 100.0, "percent_statements_covered_display": "100.00"}, "missing_lines": [], "excluded_lines": [], "start_line": 157}, "ToolNotImplementedError": {"executed_lines": [194, 195, 196], "summary": {"covered_lines": 3, "num_statements": 3, "percent_covered": 100.0, "percent_covered_display": "100.00", "missing_lines": 0, "excluded_lines": 0, "percent_statements_covered": 100.0, "percent_statements_covered_display": "100.00"}, "missing_lines": [], "excluded_lines": [], "start_line": 178}, "ToolValidationError": {"executed_lines": [224, 225, 226], "summary": {"covered_lines": 3, "num_statements": 3, "percent_covered": 100.0, "percent_covered_display": "100.00", "missing_lines": 0, "excluded_lines": 0, "percent_statements_covered": 100.0, "percent_statements_covered_display": "100.00"}, "missing_lines": [], "excluded_lines": [], "start_line": 199}, "MemoryError": {"executed_lines": [], "summary": {"covered_lines": 0, "num_statements": 0, "percent_covered": 100.0, "percent_covered_display": "100.00", "missing_lines": 0, "excluded_lines": 0, "percent_statements_covered": 100.0, "percent_statements_covered_display": "100.00"}, "missing_lines": [], "excluded_lines": [], "start_line": 229}, "MemoryReadError": {"executed_lines": [263, 264, 265, 266], "summary": {"covered_lines": 4, "num_statements": 4, "percent_covered": 100.0, "percent_covered_display": "100.00", "missing_lines": 0, "excluded_lines": 0, "percent_statements_covered": 100.0, "percent_statements_covered_display": "100.00"}, "missing_lines": [], "excluded_lines": [], "start_line": 235}, "MemoryWriteError": {"executed_lines": [300, 301, 302, 303, 304], "summary": {"covered_lines": 5, "num_statements": 5, "percent_covered": 100.0, "percent_covered_display": "100.00", "missing_lines": 0, "excluded_lines": 0, "percent_statements_covered": 100.0, "percent_statements_covered_display": "100.00"}, "missing_lines": [], "excluded_lines": [], "start_line": 269}, "MemoryPersistenceError": {"executed_lines": [335, 336, 337, 338], "summary": {"covered_lines": 4, "num_statements": 4, "percent_covered": 100.0, "percent_covered_display": "100.00", "missing_lines": 0, "excluded_lines": 0, "percent_statements_covered": 100.0, "percent_statements_covered_display": "100.00"}, "missing_lines": [], "excluded_lines": [], "start_line": 307}, "OrchestrationError": {"executed_lines": [369, 370, 371, 372], "summary": {"covered_lines": 4, "num_statements": 4, "percent_covered": 100.0, "percent_covered_display": "100.00", "missing_lines": 0, "excluded_lines": 0, "percent_statements_covered": 100.0, "percent_statements_covered_display": "100.00"}, "missing_lines": [], "excluded_lines": [], "start_line": 341}, "WorkflowNotFoundError": {"executed_lines": [391, 392, 393], "summary": {"covered_lines": 3, "num_statements": 3, "percent_covered": 100.0, "percent_covered_display": "100.00", "missing_lines": 0, "excluded_lines": 0, "percent_statements_covered": 100.0, "percent_statements_covered_display": "100.00"}, "missing_lines": [], "excluded_lines": [], "start_line": 375}, "AgentNotFoundError": {"executed_lines": [412, 413, 414], "summary": {"covered_lines": 3, "num_statements": 3, "percent_covered": 100.0, "percent_covered_display": "100.00", "missing_lines": 0, "excluded_lines": 0, "percent_statements_covered": 100.0, "percent_statements_covered_display": "100.00"}, "missing_lines": [], "excluded_lines": [], "start_line": 396}, "": {"executed_lines": [8, 10, 13, 16, 19, 29, 53, 62, 83, 93, 117, 120, 123, 133, 157, 165, 178, 186, 199, 208, 229, 232, 235, 245, 269, 280, 307, 317, 341, 351, 375, 383, 396, 404], "summary": {"covered_lines": 34, "num_statements": 34, "percent_covered": 100.0, "percent_covered_display": "100.00", "missing_lines": 0, "excluded_lines": 0, "percent_statements_covered": 100.0, "percent_statements_covered_display": "100.00"}, "missing_lines": [], "excluded_lines": [], "start_line": 1}}}, "src/core/agno_agent_framework/functions.py": {"executed_lines": [8, 10, 11, 12, 13, 14, 17, 18, 27, 57, 69, 95, 97, 98, 99, 100, 102, 103, 104, 105, 107, 108, 110, 113, 149, 151, 152, 154, 155, 158, 163, 164, 165, 173, 174, 175, 176, 178, 181, 228, 230, 231, 233, 234, 236, 239, 251, 254, 269, 277, 303, 304, 305, 308, 337, 338, 340, 341, 343, 345, 346, 347, 350, 353, 356, 369, 372, 374, 377, 408, 413, 429, 437, 460, 462, 463, 465, 466, 467, 469, 470, 472, 475, 491, 492, 494, 495, 496, 497, 498, 499, 500, 501, 502, 503, 505, 507, 510, 526, 527, 529, 530, 531, 532, 533, 534, 535, 536, 537, 538, 540, 542, 545, 565, 566, 568, 570, 571, 572, 573, 575, 578, 592, 595, 609, 612], "summary": {"covered_lines": 126, "num_statements": 129, "percent_covered": 97.67441860465117, "percent_covered_display": "97.67", "missing_lines": 3, "excluded_lines": 0, "percent_statements_covered": 97.67441860465117, "percent_statements_covered_display": "97.67"}, "missing_lines": [19, 20, 348], "excluded_lines": [], "functions": {"create_agent": {"executed_lines": [57], "summary": {"covered_lines": 1, "num_statements": 1, "percent_covered": 100.0, "percent_covered_display": "100.00", "missing_lines": 0, "excluded_lines": 0, "percent_statements_covered": 100.0, "percent_statements_covered_display": "100.00"}, "missing_lines": [], "excluded_lines": [], "start_line": 27}, "create_agent_with_memory": {"executed_lines": [95, 97, 98, 99, 100, 102, 103, 104, 105, 107, 108, 110], "summary": {"covered_lines": 12, "num_statements": 12, "percent_covered": 100.0, "percent_covered_display": "100.00", "missing_lines": 0, "excluded_lines": 0, "percent_statements_covered": 100.0, "percent_statements_covered_display": "100.00"}, "missing_lines": [], "excluded_lines": [], "start_line": 69}, "create_agent_with_prompt_management": {"executed_lines": [149, 151, 152, 154, 155, 158, 163, 164, 165, 173, 174, 175, 176, 178], "summary": {"covered_lines": 14, "num_statements": 14, "percent_covered": 100.0, "percent_covered_display": "100.00", "missing_lines": 0, "excluded_lines": 0, "percent_statements_covered": 100.0, "percent_statements_covered_display": "100.00"}, "missing_lines": [], "excluded_lines": [], "start_line": 113}, "create_agent_with_tools": {"executed_lines": [228, 230, 231, 233, 234, 236], "summary": {"covered_lines": 6, "num_statements": 6, "percent_covered": 100.0, "percent_covered_display": "100.00", "missing_lines": 0, "excluded_lines": 0, "percent_statements_covered": 100.0, "percent_statements_covered_display": "100.00"}, "missing_lines": [], "excluded_lines": [], "start_line": 181}, "create_agent_manager": {"executed_lines": [251], "summary": {"covered_lines": 1, "num_statements": 1, "percent_covered": 100.0, "percent_covered_display": "100.00", "missing_lines": 0, "excluded_lines": 0, "percent_statements_covered": 100.0, "percent_statements_covered_display": "100.00"}, "missing_lines": [], "excluded_lines": [], "start_line": 239}, "create_orchestrator": {"executed_lines": [269], "summary": {"covered_lines": 1, "num_statements": 1, "percent_covered": 100.0, "percent_covered_display": "100.00", "missing_lines": 0, "excluded_lines": 0, "percent_statements_covered": 100.0, "percent_statements_covered_display": "100.00"}, "missing_lines": [], "excluded_lines": [], "start_line": 254}, "execute_task": {"executed_lines": [303, 304, 305], "summary": {"covered_lines": 3, "num_statements": 3, "percent_covered": 100.0, "percent_covered_display": "100.00", "missing_lines": 0, "excluded_lines": 0, "percent_statements_covered": 100.0, "percent_statements_covered_display": "100.00"}, "missing_lines": [], "excluded_lines": [], "start_line": 277}, "chat_with_agent": {"executed_lines": [337, 338, 340, 341, 343, 345, 346, 347, 350, 353, 356, 369, 372, 374], "summary": {"covered_lines": 14, "num_statements": 15, "percent_covered": 93.33333333333333, "percent_covered_display": "93.33", "missing_lines": 1, "excluded_lines": 0, "percent_statements_covered": 93.33333333333333, "percent_statements_covered_display": "93.33"}, "missing_lines": [348], "excluded_lines": [], "start_line": 308}, "delegate_task": {"executed_lines": [408], "summary": {"covered_lines": 1, "num_statements": 1, "percent_covered": 100.0, "percent_covered_display": "100.00", "missing_lines": 0, "excluded_lines": 0, "percent_statements_covered": 100.0, "percent_statements_covered_display": "100.00"}, "missing_lines": [], "excluded_lines": [], "start_line": 377}, "find_agents_by_capability": {"executed_lines": [429], "summary": {"covered_lines": 1, "num_statements": 1, "percent_covered": 100.0, "percent_covered_display": "100.00", "missing_lines": 0, "excluded_lines": 0, "percent_statements_covered": 100.0, "percent_statements_covered_display": "100.00"}, "missing_lines": [], "excluded_lines": [], "start_line": 413}, "batch_process_agents": {"executed_lines": [460, 462, 472], "summary": {"covered_lines": 3, "num_statements": 3, "percent_covered": 100.0, "percent_covered_display": "100.00", "missing_lines": 0, "excluded_lines": 0, "percent_statements_covered": 100.0, "percent_statements_covered_display": "100.00"}, "missing_lines": [], "excluded_lines": [], "start_line": 437}, "batch_process_agents._process": {"executed_lines": [463, 465, 469, 470], "summary": {"covered_lines": 4, "num_statements": 4, "percent_covered": 100.0, "percent_covered_display": "100.00", "missing_lines": 0, "excluded_lines": 0, "percent_statements_covered": 100.0, "percent_statements_covered_display": "100.00"}, "missing_lines": [], "excluded_lines": [], "start_line": 462}, "batch_process_agents._process._bounded_execute": {"executed_lines": [466, 467], "summary": {"covered_lines": 2, "num_statements": 2, "percent_covered": 100.0, "percent_covered_display": "100.00", "missing_lines": 0, "excluded_lines": 0, "percent_statements_covered": 100.0, "percent_statements_covered_display": "100.00"}, "missing_lines": [], "excluded_lines": [], "start_line": 465}, "_create_async_retry_wrapper": {"executed_lines": [491, 492, 494, 495, 507], "summary": {"covered_lines": 5, "num_statements": 5, "percent_covered": 100.0, "percent_covered_display": "100.00", "missing_lines": 0, "excluded_lines": 0, "percent_statements_covered": 100.0, "percent_statements_covered_display": "100.00"}, "missing_lines": [], "excluded_lines": [], "start_line": 475}, "_create_async_retry_wrapper.async_wrapper": {"executed_lines": [496, 497, 498, 499, 500, 501, 502, 503, 505], "summary": {"covered_lines": 9, "num_statements": 9, "percent_covered": 100.0, "percent_covered_display": "100.00", "missing_lines": 0, "excluded_lines": 0, "percent_statements_covered": 100.0, "percent_statements_covered_display": "100.00"}, "missing_lines": [], "excluded_lines": [], "start_line": 495}, "_create_sync_retry_wrapper": {"executed_lines": [526, 527, 529, 530, 542], "summary": {"covered_lines": 5, "num_statements": 5, "percent_covered": 100.0, "percent_covered_display": "100.00", "missing_lines": 0, "excluded_lines": 0, "percent_statements_covered": 100.0, "percent_statements_covered_display": "100.00"}, "missing_lines": [], "excluded_lines": [], "start_line": 510}, "_create_sync_retry_wrapper.sync_wrapper": {"executed_lines": [531, 532, 533, 534, 535, 536, 537, 538, 540], "summary": {"covered_lines": 9, "num_statements": 9, "percent_covered": 100.0, "percent_covered_display": "100.00", "missing_lines": 0, "excluded_lines": 0, "percent_statements_covered": 100.0, "percent_statements_covered_display": "100.00"}, "missing_lines": [], "excluded_lines": [], "start_line": 530}, "retry_on_failure": {"executed_lines": [565, 566, 568, 570, 575], "summary": {"covered_lines": 5, "num_statements": 5, "percent_covered": 100.0, "percent_covered_display": "100.00", "missing_lines": 0, "excluded_lines": 0, "percent_statements_covered": 100.0, "percent_statements_covered_display": "100.00"}, "missing_lines": [], "excluded_lines": [], "start_line": 545}, "retry_on_failure.decorator": {"executed_lines": [571, 572, 573], "summary": {"covered_lines": 3, "num_statements": 3, "percent_covered": 100.0, "percent_covered_display": "100.00", "missing_lines": 0, "excluded_lines": 0, "percent_statements_covered": 100.0, "percent_statements_covered_display": "100.00"}, "missing_lines": [], "excluded_lines": [], "start_line": 570}, "save_agent_state": {"executed_lines": [592], "summary": {"covered_lines": 1, "num_statements": 1, "percent_covered": 100.0, "percent_covered_display": "100.00", "missing_lines": 0, "excluded_lines": 0, "percent_statements_covered": 100.0, "percent_statements_covered_display": "100.00"}, "missing_lines": [], "excluded_lines": [], "start_line": 578}, "load_agent_state": {"executed_lines": [609], "summary": {"covered_lines": 1, "num_statements": 1, "percent_covered": 100.0, "percent_covered_display": "100.00", "missing_lines": 0, "excluded_lines": 0, "percent_statements_covered": 100.0, "percent_statements_covered_display": "100.00"}, "missing_lines": [], "excluded_lines": [], "start_line": 595}, "": {"executed_lines": [8, 10, 11, 12, 13, 14, 17, 18, 27, 69, 113, 181, 239, 254, 277, 308, 377, 413, 437, 475, 510, 545, 578, 595, 612], "summary": {"covered_lines": 25, "num_statements": 27, "percent_covered": 92.5925925925926, "percent_covered_display": "92.59", "missing_lines": 2, "excluded_lines": 0, "percent_statements_covered": 92.5925925925926, "percent_statements_covered_display": "92.59"}, "missing_lines": [19, 20], "excluded_lines": [], "start_line": 1}}, "classes": {"": {"executed_lines": [8, 10, 11, 12, 13, 14, 17, 18, 27, 57, 69, 95, 97, 98, 99, 100, 102, 103, 104, 105, 107, 108, 110, 113, 149, 151, 152, 154, 155, 158, 163, 164, 165, 173, 174, 175, 176, 178, 181, 228, 230, 231, 233, 234, 236, 239, 251, 254, 269, 277, 303, 304, 305, 308, 337, 338, 340, 341, 343, 345, 346, 347, 350, 353, 356, 369, 372, 374, 377, 408, 413, 429, 437, 460, 462, 463, 465, 466, 467, 469, 470, 472, 475, 491, 492, 494, 495, 496, 497, 498, 499, 500, 501, 502, 503, 505, 507, 510, 526, 527, 529, 530, 531, 532, 533, 534, 535, 536, 537, 538, 540, 542, 545, 565, 566, 568, 570, 571, 572, 573, 575, 578, 592, 595, 609, 612], "summary": {"covered_lines": 126, "num_statements": 129, "percent_covered": 97.67441860465117, "percent_covered_display": "97.67", "missing_lines": 3, "excluded_lines": 0, "percent_statements_covered": 97.67441860465117, "percent_statements_covered_display": "97.67"}, "missing_lines": [19, 20, 348], "excluded_lines": [], "start_line": 1}}}, "src/core/agno_agent_framework/memory.py": {"executed_lines": [7, 8, 9, 10, 11, 12, 14, 16, 18, 19, 24, 27, 28, 29, 30, 33, 36, 37, 38, 39, 40, 41, 42, 43, 44, 45, 48, 53, 64, 65, 66, 67, 68, 69, 70, 71, 73, 74, 75, 76, 78, 80, 81, 82, 83, 84, 85, 86, 92, 94, 95, 96, 97, 99, 101, 102, 103, 104, 105, 106, 108, 110, 111, 112, 114, 116, 117, 118, 119, 120, 121, 123, 132, 134, 144, 145, 146, 147, 148, 149, 150, 151, 152, 154, 155, 156, 157, 165, 167, 175, 177, 178, 179, 180, 181, 182, 183, 184, 186, 187, 191, 192, 193, 195, 197, 198, 199, 201, 202, 204, 206, 207, 208, 209, 210, 211, 213, 214, 215, 216, 218, 219, 220, 221, 222, 224, 225, 226, 227, 229, 231, 233, 234, 236, 237, 238, 248, 249, 250, 252, 253, 254, 256, 258, 259, 260, 262, 263, 265, 266, 267, 268, 270, 271, 275, 276, 277, 279, 280, 284, 285, 286, 288, 290, 292, 293, 294, 295, 297, 326, 328, 330, 331, 332, 352, 354, 355, 371, 373, 374, 376, 378, 379, 381, 382, 388, 390, 391, 392, 393, 401, 403, 405, 406, 412, 413, 414, 415, 416, 418, 420, 423, 425, 426, 428, 429, 430, 431, 433, 434, 436, 437, 438, 439, 440, 441, 449, 451, 453, 454, 455, 457, 458, 460, 461, 462, 463, 464, 465], "summary": {"covered_lines": 229, "num_statements": 247, "percent_covered": 92.71255060728745, "percent_covered_display": "92.71", "missing_lines": 18, "excluded_lines": 0, "percent_statements_covered": 92.71255060728745, "percent_statements_covered_display": "92.71"}, "missing_lines": [20, 21, 272, 273, 281, 282, 334, 336, 337, 343, 344, 346, 347, 348, 350, 404, 421, 452], "excluded_lines": [], "functions": {"AgentMemory.__init__": {"executed_lines": [64, 65, 66, 67, 68, 69, 70, 71, 73, 74, 75, 76], "summary": {"covered_lines": 12, "num_statements": 12, "percent_covered": 100.0, "percent_covered_display": "100.00", "missing_lines": 0, "excluded_lines": 0, "percent_statements_covered": 100.0, "percent_statements_covered_display": "100.00"}, "missing_lines": [], "excluded_lines": [], "start_line": 53}, "AgentMemory.initialize": {"executed_lines": [80, 81, 82, 83, 84, 85, 86], "summary": {"covered_lines": 7, "num_statements": 7, "percent_covered": 100.0, "percent_covered_display": "100.00", "missing_lines": 0, "excluded_lines": 0, "percent_statements_covered": 100.0, "percent_statements_covered_display": "100.00"}, "missing_lines": [], "excluded_lines": [], "start_line": 78}, "AgentMemory._trim_short_term": {"executed_lines": [94, 95, 96, 97], "summary": {"covered_lines": 4, "num_statements": 4, "percent_covered": 100.0, "percent_covered_display": "100.00", "missing_lines": 0, "excluded_lines": 0, "percent_statements_covered": 100.0, "percent_statements_covered_display": "100.00"}, "missing_lines": [], "excluded_lines": [], "start_line": 92}, "AgentMemory._trim_long_term": {"executed_lines": [101, 102, 103, 104, 105, 106], "summary": {"covered_lines": 6, "num_statements": 6, "percent_covered": 100.0, "percent_covered_display": "100.00", "missing_lines": 0, "excluded_lines": 0, "percent_statements_covered": 100.0, "percent_statements_covered_display": "100.00"}, "missing_lines": [], "excluded_lines": [], "start_line": 99}, "AgentMemory._trim_episodic": {"executed_lines": [110, 111, 112], "summary": {"covered_lines": 3, "num_statements": 3, "percent_covered": 100.0, "percent_covered_display": "100.00", "missing_lines": 0, "excluded_lines": 0, "percent_statements_covered": 100.0, "percent_statements_covered_display": "100.00"}, "missing_lines": [], "excluded_lines": [], "start_line": 108}, "AgentMemory._trim_semantic": {"executed_lines": [116, 117, 118, 119, 120, 121], "summary": {"covered_lines": 6, "num_statements": 6, "percent_covered": 100.0, "percent_covered_display": "100.00", "missing_lines": 0, "excluded_lines": 0, "percent_statements_covered": 100.0, "percent_statements_covered_display": "100.00"}, "missing_lines": [], "excluded_lines": [], "start_line": 114}, "AgentMemory.store": {"executed_lines": [132, 134, 144, 145, 146, 147, 148, 149, 150, 151, 152, 154, 155, 156, 157, 165], "summary": {"covered_lines": 16, "num_statements": 16, "percent_covered": 100.0, "percent_covered_display": "100.00", "missing_lines": 0, "excluded_lines": 0, "percent_statements_covered": 100.0, "percent_statements_covered_display": "100.00"}, "missing_lines": [], "excluded_lines": [], "start_line": 123}, "AgentMemory.retrieve": {"executed_lines": [175, 177, 178, 179, 180, 181, 182, 183, 184, 186, 187, 191, 192, 193, 195, 197, 198, 199, 201, 202], "summary": {"covered_lines": 20, "num_statements": 20, "percent_covered": 100.0, "percent_covered_display": "100.00", "missing_lines": 0, "excluded_lines": 0, "percent_statements_covered": 100.0, "percent_statements_covered_display": "100.00"}, "missing_lines": [], "excluded_lines": [], "start_line": 167}, "AgentMemory.forget": {"executed_lines": [206, 207, 208, 209, 210, 211, 213, 214, 215, 216, 218, 219, 220, 221, 222, 224, 225, 226, 227, 229], "summary": {"covered_lines": 20, "num_statements": 20, "percent_covered": 100.0, "percent_covered_display": "100.00", "missing_lines": 0, "excluded_lines": 0, "percent_statements_covered": 100.0, "percent_statements_covered_display": "100.00"}, "missing_lines": [], "excluded_lines": [], "start_line": 204}, "AgentMemory.consolidate": {"executed_lines": [233, 234, 236, 237, 238, 248, 249, 250, 252, 253, 254], "summary": {"covered_lines": 11, "num_statements": 11, "percent_covered": 100.0, "percent_covered_display": "100.00", "missing_lines": 0, "excluded_lines": 0, "percent_statements_covered": 100.0, "percent_statements_covered_display": "100.00"}, "missing_lines": [], "excluded_lines": [], "start_line": 231}, "AgentMemory.cleanup_expired": {"executed_lines": [258, 259, 260, 262, 263, 265, 266, 267, 268, 270, 271, 275, 276, 277, 279, 280, 284, 285, 286], "summary": {"covered_lines": 19, "num_statements": 23, "percent_covered": 82.6086956521739, "percent_covered_display": "82.61", "missing_lines": 4, "excluded_lines": 0, "percent_statements_covered": 82.6086956521739, "percent_statements_covered_display": "82.61"}, "missing_lines": [272, 273, 281, 282], "excluded_lines": [], "start_line": 256}, "AgentMemory.check_memory_pressure": {"executed_lines": [290, 292, 326], "summary": {"covered_lines": 3, "num_statements": 3, "percent_covered": 100.0, "percent_covered_display": "100.00", "missing_lines": 0, "excluded_lines": 0, "percent_statements_covered": 100.0, "percent_statements_covered_display": "100.00"}, "missing_lines": [], "excluded_lines": [], "start_line": 288}, "AgentMemory.check_memory_pressure._calculate_pressure": {"executed_lines": [293, 294, 295, 297], "summary": {"covered_lines": 4, "num_statements": 4, "percent_covered": 100.0, "percent_covered_display": "100.00", "missing_lines": 0, "excluded_lines": 0, "percent_statements_covered": 100.0, "percent_statements_covered_display": "100.00"}, "missing_lines": [], "excluded_lines": [], "start_line": 292}, "AgentMemory.handle_memory_pressure": {"executed_lines": [330, 331, 332], "summary": {"covered_lines": 3, "num_statements": 12, "percent_covered": 25.0, "percent_covered_display": "25.00", "missing_lines": 9, "excluded_lines": 0, "percent_statements_covered": 25.0, "percent_statements_covered_display": "25.00"}, "missing_lines": [334, 336, 337, 343, 344, 346, 347, 348, 350], "excluded_lines": [], "start_line": 328}, "AgentMemory.get_stats": {"executed_lines": [354, 355], "summary": {"covered_lines": 2, "num_statements": 2, "percent_covered": 100.0, "percent_covered_display": "100.00", "missing_lines": 0, "excluded_lines": 0, "percent_statements_covered": 100.0, "percent_statements_covered_display": "100.00"}, "missing_lines": [], "excluded_lines": [], "start_line": 352}, "AgentMemory._persist": {"executed_lines": [373, 374, 376, 378, 379, 381, 382, 388, 390, 391, 392, 393], "summary": {"covered_lines": 12, "num_statements": 12, "percent_covered": 100.0, "percent_covered_display": "100.00", "missing_lines": 0, "excluded_lines": 0, "percent_statements_covered": 100.0, "percent_statements_covered_display": "100.00"}, "missing_lines": [], "excluded_lines": [], "start_line": 371}, "AgentMemory._persist_sync": {"executed_lines": [403, 405, 406, 412, 413, 414, 415, 416], "summary": {"covered_lines": 8, "num_statements": 9, "percent_covered": 88.88888888888889, "percent_covered_display": "88.89", "missing_lines": 1, "excluded_lines": 0, "percent_statements_covered": 88.88888888888889, "percent_statements_covered_display": "88.89"}, "missing_lines": [404], "excluded_lines": [], "start_line": 401}, "AgentMemory._load": {"executed_lines": [420, 423, 425, 426, 428, 429, 430, 431, 433, 436, 437, 438, 439, 440, 441], "summary": {"covered_lines": 15, "num_statements": 16, "percent_covered": 93.75, "percent_covered_display": "93.75", "missing_lines": 1, "excluded_lines": 0, "percent_statements_covered": 93.75, "percent_statements_covered_display": "93.75"}, "missing_lines": [421], "excluded_lines": [], "start_line": 418}, "AgentMemory._load._parse": {"executed_lines": [434], "summary": {"covered_lines": 1, "num_statements": 1, "percent_covered": 100.0, "percent_covered_display": "100.00", "missing_lines": 0, "excluded_lines": 0, "percent_statements_covered": 100.0, "percent_statements_covered_display": "100.00"}, "missing_lines": [], "excluded_lines": [], "start_line": 433}, "AgentMemory._load_sync": {"executed_lines": [451, 453, 454, 455, 457, 460, 461, 462, 463, 464, 465], "summary": {"covered_lines": 11, "num_statements": 12, "percent_covered": 91.66666666666667, "percent_covered_display": "91.67", "missing_lines": 1, "excluded_lines": 0, "percent_statements_covered": 91.66666666666667, "percent_statements_covered_display": "91.67"}, "missing_lines": [452], "excluded_lines": [], "start_line": 449}, "AgentMemory._load_sync._parse": {"executed_lines": [458], "summary": {"covered_lines": 1, "num_statements": 1, "percent_covered": 100.0, "percent_covered_display": "100.00", "missing_lines": 0, "excluded_lines": 0, "percent_statements_covered": 100.0, "percent_statements_covered_display": "100.00"}, "missing_lines": [], "excluded_lines": [], "start_line": 457}, "": {"executed_lines": [7, 8, 9, 10, 11, 12, 14, 16, 18, 19, 24, 27, 28, 29, 30, 33, 36, 37, 38, 39, 40, 41, 42, 43, 44, 45, 48, 53, 78, 92, 99, 108, 114, 123, 167, 204, 231, 256, 288, 328, 352, 371, 401, 418, 449], "summary": {"covered_lines": 45, "num_statements": 47, "percent_covered": 95.74468085106383, "percent_covered_display": "95.74", "missing_lines": 2, "excluded_lines": 0, "percent_statements_covered": 95.74468085106383, "percent_statements_covered_display": "95.74"}, "missing_lines": [20, 21], "excluded_lines": [], "start_line": 1}}, "classes": {"MemoryType": {"executed_lines": [], "summary": {"covered_lines": 0, "num_statements": 0, "percent_covered": 100.0, "percent_covered_display": "100.00", "missing_lines": 0, "excluded_lines": 0, "percent_statements_covered": 100.0, "percent_statements_covered_display": "100.00"}, "missing_lines": [], "excluded_lines": [], "start_line": 24}, "MemoryItem": {"executed_lines": [], "summary": {"covered_lines": 0, "num_statements": 0, "percent_covered": 100.0, "percent_covered_display": "100.00", "missing_lines": 0, "excluded_lines": 0, "percent_statements_covered": 100.0, "percent_statements_covered_display": "100.00"}, "missing_lines": [], "excluded_lines": [], "start_line": 33}, "AgentMemory": {"executed_lines": [64, 65, 66, 67, 68, 69, 70, 71, 73, 74, 75, 76, 80, 81, 82, 83, 84, 85, 86, 94, 95, 96, 97, 101, 102, 103, 104, 105, 106, 110, 111, 112, 116, 117, 118, 119, 120, 121, 132, 134, 144, 145, 146, 147, 148, 149, 150, 151, 152, 154, 155, 156, 157, 165, 175, 177, 178, 179, 180, 181, 182, 183, 184, 186, 187, 191, 192, 193, 195, 197, 198, 199, 201, 202, 206, 207, 208, 209, 210, 211, 213, 214, 215, 216, 218, 219, 220, 221, 222, 224, 225, 226, 227, 229, 233, 234, 236, 237, 238, 248, 249, 250, 252, 253, 254, 258, 259, 260, 262, 263, 265, 266, 267, 268, 270, 271, 275, 276, 277, 279, 280, 284, 285, 286, 290, 292, 293, 294, 295, 297, 326, 330, 331, 332, 354, 355, 373, 374, 376, 378, 379, 381, 382, 388, 390, 391, 392, 393, 403, 405, 406, 412, 413, 414, 415, 416, 420, 423, 425, 426, 428, 429, 430, 431, 433, 434, 436, 437, 438, 439, 440, 441, 451, 453, 454, 455, 457, 458, 460, 461, 462, 463, 464, 465], "summary": {"covered_lines": 184, "num_statements": 200, "percent_covered": 92.0, "percent_covered_display": "92.00", "missing_lines": 16, "excluded_lines": 0, "percent_statements_covered": 92.0, "percent_statements_covered_display": "92.00"}, "missing_lines": [272, 273, 281, 282, 334, 336, 337, 343, 344, 346, 347, 348, 350, 404, 421, 452], "excluded_lines": [], "start_line": 48}, "": {"executed_lines": [7, 8, 9, 10, 11, 12, 14, 16, 18, 19, 24, 27, 28, 29, 30, 33, 36, 37, 38, 39, 40, 41, 42, 43, 44, 45, 48, 53, 78, 92, 99, 108, 114, 123, 167, 204, 231, 256, 288, 328, 352, 371, 401, 418, 449], "summary": {"covered_lines": 45, "num_statements": 47, "percent_covered": 95.74468085106383, "percent_covered_display": "95.74", "missing_lines": 2, "excluded_lines": 0, "percent_statements_covered": 95.74468085106383, "percent_statements_covered_display": "95.74"}, "missing_lines": [20, 21], "excluded_lines": [], "start_line": 1}}}, "src/core/agno_agent_framework/orchestration.py": {"executed_lines": [11, 12, 13, 14, 15, 16, 19, 20, 26, 29, 30, 31, 32, 33, 34, 37, 40, 41, 42, 43, 44, 47, 50, 74, 75, 76, 77, 78, 79, 80, 81, 82, 83, 84, 85, 86, 89, 90, 93, 94, 95, 96, 97, 98, 99, 100, 101, 102, 103, 106, 113, 124, 125, 126, 127, 128, 130, 157, 158, 168, 169, 171, 178, 179, 180, 181, 183, 185, 186, 187, 188, 190, 203, 204, 205, 207, 208, 209, 210, 212, 216, 222, 223, 226, 227, 228, 230, 231, 238, 246, 257, 258, 259, 260, 261, 262, 264, 265, 266, 269, 271, 272, 273, 275, 283, 284, 286, 288, 289, 290, 291, 292, 295, 296, 298, 300, 301, 302, 303, 304, 305, 306, 307, 308, 310, 317, 337, 344, 351, 352, 353, 355, 366, 367, 368, 370, 386, 387, 388, 390, 391, 392, 393, 395, 397, 421, 422, 423, 425, 426, 429, 430, 431, 435, 437, 459, 460, 462, 463, 464, 465, 467, 474, 475, 478, 479, 480, 481, 483, 485, 512, 513, 514, 517, 523, 526, 529, 530, 531, 532, 534, 540, 542, 545, 546, 548, 550, 556, 575, 576, 577, 578, 580, 586, 588, 590, 591, 593, 595, 597, 607, 609, 616, 618, 625], "summary": {"covered_lines": 205, "num_statements": 213, "percent_covered": 96.24413145539906, "percent_covered_display": "96.24", "missing_lines": 8, "excluded_lines": 2, "percent_statements_covered": 96.24413145539906, "percent_statements_covered_display": "96.24"}, "missing_lines": [218, 219, 233, 234, 235, 236, 533, 579], "excluded_lines": [22, 23], "functions": {"WorkflowStep.__init__": {"executed_lines": [74, 75, 76, 77, 78, 79, 80, 81, 82, 83, 84, 85, 86], "summary": {"covered_lines": 13, "num_statements": 13, "percent_covered": 100.0, "percent_covered_display": "100.00", "missing_lines": 0, "excluded_lines": 0, "percent_statements_covered": 100.0, "percent_statements_covered_display": "100.00"}, "missing_lines": [], "excluded_lines": [], "start_line": 50}, "WorkflowPipeline.__init__": {"executed_lines": [124, 125, 126, 127, 128], "summary": {"covered_lines": 5, "num_statements": 5, "percent_covered": 100.0, "percent_covered_display": "100.00", "missing_lines": 0, "excluded_lines": 0, "percent_statements_covered": 100.0, "percent_statements_covered_display": "100.00"}, "missing_lines": [], "excluded_lines": [], "start_line": 113}, "WorkflowPipeline.add_step": {"executed_lines": [157, 158, 168, 169], "summary": {"covered_lines": 4, "num_statements": 4, "percent_covered": 100.0, "percent_covered_display": "100.00", "missing_lines": 0, "excluded_lines": 0, "percent_statements_covered": 100.0, "percent_statements_covered_display": "100.00"}, "missing_lines": [], "excluded_lines": [], "start_line": 130}, "WorkflowPipeline._get_ready_steps": {"executed_lines": [178, 179, 180, 181, 183, 185, 186, 187, 188], "summary": {"covered_lines": 9, "num_statements": 9, "percent_covered": 100.0, "percent_covered_display": "100.00", "missing_lines": 0, "excluded_lines": 0, "percent_statements_covered": 100.0, "percent_statements_covered_display": "100.00"}, "missing_lines": [], "excluded_lines": [], "start_line": 171}, "WorkflowPipeline.execute": {"executed_lines": [203, 204, 205, 207, 208, 209, 210, 212, 216, 222, 223, 226, 227, 228, 230, 231, 238], "summary": {"covered_lines": 17, "num_statements": 23, "percent_covered": 73.91304347826087, "percent_covered_display": "73.91", "missing_lines": 6, "excluded_lines": 0, "percent_statements_covered": 73.91304347826087, "percent_statements_covered_display": "73.91"}, "missing_lines": [218, 219, 233, 234, 235, 236], "excluded_lines": [], "start_line": 190}, "WorkflowPipeline._execute_step": {"executed_lines": [257, 258, 259, 260, 261, 262, 264, 265, 266, 269, 271, 272, 273, 275, 283, 284, 286, 288, 289, 290, 291, 292, 295, 296, 298, 300, 301, 302, 303, 304, 305, 306, 307, 308], "summary": {"covered_lines": 34, "num_statements": 34, "percent_covered": 100.0, "percent_covered_display": "100.00", "missing_lines": 0, "excluded_lines": 0, "percent_statements_covered": 100.0, "percent_statements_covered_display": "100.00"}, "missing_lines": [], "excluded_lines": [], "start_line": 246}, "WorkflowPipeline.get_status": {"executed_lines": [317], "summary": {"covered_lines": 1, "num_statements": 1, "percent_covered": 100.0, "percent_covered_display": "100.00", "missing_lines": 0, "excluded_lines": 0, "percent_statements_covered": 100.0, "percent_statements_covered_display": "100.00"}, "missing_lines": [], "excluded_lines": [], "start_line": 310}, "AgentOrchestrator.__init__": {"executed_lines": [351, 352, 353], "summary": {"covered_lines": 3, "num_statements": 3, "percent_covered": 100.0, "percent_covered_display": "100.00", "missing_lines": 0, "excluded_lines": 0, "percent_statements_covered": 100.0, "percent_statements_covered_display": "100.00"}, "missing_lines": [], "excluded_lines": [], "start_line": 344}, "AgentOrchestrator.create_workflow": {"executed_lines": [366, 367, 368], "summary": {"covered_lines": 3, "num_statements": 3, "percent_covered": 100.0, "percent_covered_display": "100.00", "missing_lines": 0, "excluded_lines": 0, "percent_statements_covered": 100.0, "percent_stateme
[...]
ines": 0, "excluded_lines": 0, "percent_statements_covered": 100.0, "percent_statements_covered_display": "100.00"}, "missing_lines": [], "excluded_lines": [], "start_line": 57}, "InternalServerError.__init__": {"executed_lines": [], "summary": {"covered_lines": 0, "num_statements": 1, "percent_covered": 0.0, "percent_covered_display": "0.00", "missing_lines": 1, "excluded_lines": 0, "percent_statements_covered": 0.0, "percent_statements_covered_display": "0.00"}, "missing_lines": [88], "excluded_lines": [], "start_line": 76}, "DependencyError.__init__": {"executed_lines": [], "summary": {"covered_lines": 0, "num_statements": 1, "percent_covered": 0.0, "percent_covered_display": "0.00", "missing_lines": 1, "excluded_lines": 0, "percent_statements_covered": 0.0, "percent_statements_covered_display": "0.00"}, "missing_lines": [108], "excluded_lines": [], "start_line": 99}, "": {"executed_lines": [6, 9, 12, 35, 38, 54, 57, 73, 76, 96, 99], "summary": {"covered_lines": 11, "num_statements": 11, "percent_covered": 100.0, "percent_covered_display": "100.00", "missing_lines": 0, "excluded_lines": 0, "percent_statements_covered": 100.0, "percent_statements_covered_display": "100.00"}, "missing_lines": [], "excluded_lines": [], "start_line": 1}}, "classes": {"ServiceException": {"executed_lines": [28, 29, 30, 31, 32], "summary": {"covered_lines": 5, "num_statements": 5, "percent_covered": 100.0, "percent_covered_display": "100.00", "missing_lines": 0, "excluded_lines": 0, "percent_statements_covered": 100.0, "percent_statements_covered_display": "100.00"}, "missing_lines": [], "excluded_lines": [], "start_line": 9}, "ValidationError": {"executed_lines": [46], "summary": {"covered_lines": 1, "num_statements": 1, "percent_covered": 100.0, "percent_covered_display": "100.00", "missing_lines": 0, "excluded_lines": 0, "percent_statements_covered": 100.0, "percent_statements_covered_display": "100.00"}, "missing_lines": [], "excluded_lines": [], "start_line": 35}, "NotFoundError": {"executed_lines": [65], "summary": {"covered_lines": 1, "num_statements": 1, "percent_covered": 100.0, "percent_covered_display": "100.00", "missing_lines": 0, "excluded_lines": 0, "percent_statements_covered": 100.0, "percent_statements_covered_display": "100.00"}, "missing_lines": [], "excluded_lines": [], "start_line": 54}, "InternalServerError": {"executed_lines": [], "summary": {"covered_lines": 0, "num_statements": 1, "percent_covered": 0.0, "percent_covered_display": "0.00", "missing_lines": 1, "excluded_lines": 0, "percent_statements_covered": 0.0, "percent_statements_covered_display": "0.00"}, "missing_lines": [88], "excluded_lines": [], "start_line": 73}, "DependencyError": {"executed_lines": [], "summary": {"covered_lines": 0, "num_statements": 1, "percent_covered": 0.0, "percent_covered_display": "0.00", "missing_lines": 1, "excluded_lines": 0, "percent_statements_covered": 0.0, "percent_statements_covered_display": "0.00"}, "missing_lines": [108], "excluded_lines": [], "start_line": 96}, "": {"executed_lines": [6, 9, 12, 35, 38, 54, 57, 73, 76, 96, 99], "summary": {"covered_lines": 11, "num_statements": 11, "percent_covered": 100.0, "percent_covered_display": "100.00", "missing_lines": 0, "excluded_lines": 0, "percent_statements_covered": 100.0, "percent_statements_covered_display": "100.00"}, "missing_lines": [], "excluded_lines": [], "start_line": 1}}}, "src/faas/shared/http_client.py": {"executed_lines": [9, 10, 11, 13, 15, 16, 18, 21, 24, 27, 30, 33, 36, 39, 51, 71, 72, 73, 74, 75, 78, 85, 94, 121, 124, 127, 128, 129, 136, 137, 138, 139, 140, 141, 142, 143, 146, 147, 148, 151, 152, 153, 154, 155, 156, 157, 159, 182, 183, 185, 186, 187, 188, 189, 191, 192, 193, 194, 196, 197, 198, 199, 201, 203, 205, 228, 229, 231, 232, 233, 236, 237, 240, 241, 242, 243, 244, 245, 246, 248, 250, 252, 275, 276, 278, 279, 280, 283, 284, 287, 288, 289, 290, 291, 292, 293, 295, 297, 299, 320, 321, 323, 324, 325, 328, 329, 332, 333, 334, 335, 336, 337, 338, 340, 342, 344, 363, 366, 367, 368, 369, 370, 371, 372, 374, 376, 378, 382, 385, 392, 399, 400, 402, 412, 413, 416, 417, 419, 420, 421, 424, 429, 430, 432, 434, 435, 436, 439, 455], "summary": {"covered_lines": 149, "num_statements": 156, "percent_covered": 95.51282051282051, "percent_covered_display": "95.51", "missing_lines": 7, "excluded_lines": 0, "percent_statements_covered": 95.51282051282051, "percent_statements_covered_display": "95.51"}, "missing_lines": [202, 239, 249, 286, 296, 331, 341], "excluded_lines": [], "functions": {"ServiceHTTPClient.__init__": {"executed_lines": [71, 72, 73, 74, 75, 78, 85], "summary": {"covered_lines": 7, "num_statements": 7, "percent_covered": 100.0, "percent_covered_display": "100.00", "missing_lines": 0, "excluded_lines": 0, "percent_statements_covered": 100.0, "percent_statements_covered_display": "100.00"}, "missing_lines": [], "excluded_lines": [], "start_line": 51}, "ServiceHTTPClient._make_request": {"executed_lines": [121, 124, 127, 151, 152, 153, 154, 155, 156, 157], "summary": {"covered_lines": 10, "num_statements": 10, "percent_covered": 100.0, "percent_covered_display": "100.00", "missing_lines": 0, "excluded_lines": 0, "percent_statements_covered": 100.0, "percent_statements_covered_display": "100.00"}, "missing_lines": [], "excluded_lines": [], "start_line": 94}, "ServiceHTTPClient._make_request._execute_request": {"executed_lines": [128, 129, 136, 137, 138, 139, 140, 141, 142, 143, 146, 147, 148], "summary": {"covered_lines": 13, "num_statements": 13, "percent_covered": 100.0, "percent_covered_display": "100.00", "missing_lines": 0, "excluded_lines": 0, "percent_statements_covered": 100.0, "percent_statements_covered_display": "100.00"}, "missing_lines": [], "excluded_lines": [], "start_line": 127}, "ServiceHTTPClient.get": {"executed_lines": [182, 183, 185, 186, 187, 188, 189, 191, 192, 193, 194, 196, 197, 198, 199, 201, 203], "summary": {"covered_lines": 17, "num_statements": 18, "percent_covered": 94.44444444444444, "percent_covered_display": "94.44", "missing_lines": 1, "excluded_lines": 0, "percent_statements_covered": 94.44444444444444, "percent_statements_covered_display": "94.44"}, "missing_lines": [202], "excluded_lines": [], "start_line": 159}, "ServiceHTTPClient.post": {"executed_lines": [228, 229, 231, 232, 233, 236, 237, 240, 241, 242, 243, 244, 245, 246, 248, 250], "summary": {"covered_lines": 16, "num_statements": 18, "percent_covered": 88.88888888888889, "percent_covered_display": "88.89", "missing_lines": 2, "excluded_lines": 0, "percent_statements_covered": 88.88888888888889, "percent_statements_covered_display": "88.89"}, "missing_lines": [239, 249], "excluded_lines": [], "start_line": 205}, "ServiceHTTPClient.put": {"executed_lines": [275, 276, 278, 279, 280, 283, 284, 287, 288, 289, 290, 291, 292, 293, 295, 297], "summary": {"covered_lines": 16, "num_statements": 18, "percent_covered": 88.88888888888889, "percent_covered_display": "88.89", "missing_lines": 2, "excluded_lines": 0, "percent_statements_covered": 88.88888888888889, "percent_statements_covered_display": "88.89"}, "missing_lines": [286, 296], "excluded_lines": [], "start_line": 252}, "ServiceHTTPClient.delete": {"executed_lines": [320, 321, 323, 324, 325, 328, 329, 332, 333, 334, 335, 336, 337, 338, 340, 342], "summary": {"covered_lines": 16, "num_statements": 18, "percent_covered": 88.88888888888889, "percent_covered_display": "88.89", "missing_lines": 2, "excluded_lines": 0, "percent_statements_covered": 88.88888888888889, "percent_statements_covered_display": "88.89"}, "missing_lines": [331, 341], "excluded_lines": [], "start_line": 299}, "ServiceHTTPClient.get_headers": {"executed_lines": [363, 366, 367, 368, 369, 370, 371, 372], "summary": {"covered_lines": 8, "num_statements": 8, "percent_covered": 100.0, "percent_covered_display": "100.00", "missing_lines": 0, "excluded_lines": 0, "percent_statements_covered": 100.0, "percent_statements_covered_display": "100.00"}, "missing_lines": [], "excluded_lines": [], "start_line": 344}, "ServiceHTTPClient.close": {"executed_lines": [376], "summary": {"covered_lines": 1, "num_statements": 1, "percent_covered": 100.0, "percent_covered_display": "100.00", "missing_lines": 0, "excluded_lines": 0, "percent_statements_covered": 100.0, "percent_statements_covered_display": "100.00"}, "missing_lines": [], "excluded_lines": [], "start_line": 374}, "ServiceHTTPClient.__del__": {"executed_lines": [382], "summary": {"covered_lines": 1, "num_statements": 1, "percent_covered": 100.0, "percent_covered_display": "100.00", "missing_lines": 0, "excluded_lines": 0, "percent_statements_covered": 100.0, "percent_statements_covered_display": "100.00"}, "missing_lines": [], "excluded_lines": [], "start_line": 378}, "ServiceClientManager.__init__": {"executed_lines": [399, 400], "summary": {"covered_lines": 2, "num_statements": 2, "percent_covered": 100.0, "percent_covered_display": "100.00", "missing_lines": 0, "excluded_lines": 0, "percent_statements_covered": 100.0, "percent_statements_covered_display": "100.00"}, "missing_lines": [], "excluded_lines": [], "start_line": 392}, "ServiceClientManager.get_client": {"executed_lines": [412, 413, 416, 417, 419, 420, 421, 424, 429, 430], "summary": {"covered_lines": 10, "num_statements": 10, "percent_covered": 100.0, "percent_covered_display": "100.00", "missing_lines": 0, "excluded_lines": 0, "percent_statements_covered": 100.0, "percent_statements_covered_display": "100.00"}, "missing_lines": [], "excluded_lines": [], "start_line": 402}, "ServiceClientManager.close_all": {"executed_lines": [434, 435, 436], "summary": {"covered_lines": 3, "num_statements": 3, "percent_covered": 100.0, "percent_covered_display": "100.00", "missing_lines": 0, "excluded_lines": 0, "percent_statements_covered": 100.0, "percent_statements_covered_display": "100.00"}, "missing_lines": [], "excluded_lines": [], "start_line": 432}, "create_service_client": {"executed_lines": [455], "summary": {"covered_lines": 1, "num_statements": 1, "percent_covered": 100.0, "percent_covered_display": "100.00", "missing_lines": 0, "excluded_lines": 0, "percent_statements_covered": 100.0, "percent_statements_covered_display": "100.00"}, "missing_lines": [], "excluded_lines": [], "start_line": 439}, "": {"executed_lines": [9, 10, 11, 13, 15, 16, 18, 21, 24, 27, 30, 33, 36, 39, 51, 94, 159, 205, 252, 299, 344, 374, 378, 385, 392, 402, 432, 439], "summary": {"covered_lines": 28, "num_statements": 28, "percent_covered": 100.0, "percent_covered_display": "100.00", "missing_lines": 0, "excluded_lines": 0, "percent_statements_covered": 100.0, "percent_statements_covered_display": "100.00"}, "missing_lines": [], "excluded_lines": [], "start_line": 1}}, "classes": {"ServiceClientError": {"executed_lines": [], "summary": {"covered_lines": 0, "num_statements": 0, "percent_covered": 100.0, "percent_covered_display": "100.00", "missing_lines": 0, "excluded_lines": 0, "percent_statements_covered": 100.0, "percent_statements_covered_display": "100.00"}, "missing_lines": [], "excluded_lines": [], "start_line": 21}, "ServiceUnavailableError": {"executed_lines": [], "summary": {"covered_lines": 0, "num_statements": 0, "percent_covered": 100.0, "percent_covered_display": "100.00", "missing_lines": 0, "excluded_lines": 0, "percent_statements_covered": 100.0, "percent_statements_covered_display": "100.00"}, "missing_lines": [], "excluded_lines": [], "start_line": 27}, "ServiceTimeoutError": {"executed_lines": [], "summary": {"covered_lines": 0, "num_statements": 0, "percent_covered": 100.0, "percent_covered_display": "100.00", "missing_lines": 0, "excluded_lines": 0, "percent_statements_covered": 100.0, "percent_statements_covered_display": "100.00"}, "missing_lines": [], "excluded_lines": [], "start_line": 33}, "ServiceHTTPClient": {"executed_lines": [71, 72, 73, 74, 75, 78, 85, 121, 124, 127, 128, 129, 136, 137, 138, 139, 140, 141, 142, 143, 146, 147, 148, 151, 152, 153, 154, 155, 156, 157, 182, 183, 185, 186, 187, 188, 189, 191, 192, 193, 194, 196, 197, 198, 199, 201, 203, 228, 229, 231, 232, 233, 236, 237, 240, 241, 242, 243, 244, 245, 246, 248, 250, 275, 276, 278, 279, 280, 283, 284, 287, 288, 289, 290, 291, 292, 293, 295, 297, 320, 321, 323, 324, 325, 328, 329, 332, 333, 334, 335, 336, 337, 338, 340, 342, 363, 366, 367, 368, 369, 370, 371, 372, 376, 382], "summary": {"covered_lines": 105, "num_statements": 112, "percent_covered": 93.75, "percent_covered_display": "93.75", "missing_lines": 7, "excluded_lines": 0, "percent_statements_covered": 93.75, "percent_statements_covered_display": "93.75"}, "missing_lines": [202, 239, 249, 286, 296, 331, 341], "excluded_lines": [], "start_line": 39}, "ServiceClientManager": {"executed_lines": [399, 400, 412, 413, 416, 417, 419, 420, 421, 424, 429, 430, 434, 435, 436], "summary": {"covered_lines": 15, "num_statements": 15, "percent_covered": 100.0, "percent_covered_display": "100.00", "missing_lines": 0, "excluded_lines": 0, "percent_statements_covered": 100.0, "percent_statements_covered_display": "100.00"}, "missing_lines": [], "excluded_lines": [], "start_line": 385}, "": {"executed_lines": [9, 10, 11, 13, 15, 16, 18, 21, 24, 27, 30, 33, 36, 39, 51, 94, 159, 205, 252, 299, 344, 374, 378, 385, 392, 402, 432, 439, 455], "summary": {"covered_lines": 29, "num_statements": 29, "percent_covered": 100.0, "percent_covered_display": "100.00", "missing_lines": 0, "excluded_lines": 0, "percent_statements_covered": 100.0, "percent_statements_covered_display": "100.00"}, "missing_lines": [], "excluded_lines": [], "start_line": 1}}}, "src/faas/shared/middleware.py": {"executed_lines": [8, 9, 10, 11, 13, 14, 15, 17, 18, 20, 23, 26, 37, 40, 51, 54, 55, 66, 68, 71, 74, 86, 88, 89, 101, 102, 105, 116, 117, 118, 120, 121, 122, 123, 124, 126, 127, 128, 129, 131, 142, 153, 157, 159, 160, 176, 184, 187, 190, 192, 195, 208, 209, 210, 212, 214, 217, 227, 229, 230, 231, 232, 233, 234, 235, 236, 237, 238, 240], "summary": {"covered_lines": 69, "num_statements": 69, "percent_covered": 100.0, "percent_covered_display": "100.00", "missing_lines": 0, "excluded_lines": 0, "percent_statements_covered": 100.0, "percent_statements_covered_display": "100.00"}, "missing_lines": [], "excluded_lines": [], "functions": {"LoggingMiddleware.dispatch": {"executed_lines": [37, 40, 51, 54, 55, 66, 68], "summary": {"covered_lines": 7, "num_statements": 7, "percent_covered": 100.0, "percent_covered_display": "100.00", "missing_lines": 0, "excluded_lines": 0, "percent_statements_covered": 100.0, "percent_statements_covered_display": "100.00"}, "missing_lines": [], "excluded_lines": [], "start_line": 26}, "AuthMiddleware.dispatch": {"executed_lines": [86, 88, 89, 101, 102], "summary": {"covered_lines": 5, "num_statements": 5, "percent_covered": 100.0, "percent_covered_display": "100.00", "missing_lines": 0, "excluded_lines": 0, "percent_statements_covered": 100.0, "percent_statements_covered_display": "100.00"}, "missing_lines": [], "excluded_lines": [], "start_line": 74}, "error_handler": {"executed_lines": [116, 117, 118, 120, 121, 122, 123, 124, 126, 127, 128, 129, 131, 142, 153, 157, 159, 160], "summary": {"covered_lines": 18, "num_statements": 18, "percent_covered": 100.0, "percent_covered_display": "100.00", "missing_lines": 0, "excluded_lines": 0, "percent_statements_covered": 100.0, "percent_statements_covered_display": "100.00"}, "missing_lines": [], "excluded_lines": [], "start_line": 105}, "setup_middleware": {"executed_lines": [184, 187, 190, 192], "summary": {"covered_lines": 4, "num_statements": 4, "percent_covered": 100.0, "percent_covered_display": "100.00", "missing_lines": 0, "excluded_lines": 0, "percent_statements_covered": 100.0, "percent_statements_covered_display": "100.00"}, "missing_lines": [], "excluded_lines": [], "start_line": 176}, "auth_middleware": {"executed_lines": [208, 209, 210, 212, 214], "summary": {"covered_lines": 5, "num_statements": 5, "percent_covered": 100.0, "percent_covered_display": "100.00", "missing_lines": 0, "excluded_lines": 0, "percent_statements_covered": 100.0, "percent_statements_covered_display": "100.00"}, "missing_lines": [], "excluded_lines": [], "start_line": 195}, "logging_middleware": {"executed_lines": [227, 229, 230, 240], "summary": {"covered_lines": 4, "num_statements": 4, "percent_covered": 100.0, "percent_covered_display": "100.00", "missing_lines": 0, "excluded_lines": 0, "percent_statements_covered": 100.0, "percent_statements_covered_display": "100.00"}, "missing_lines": [], "excluded_lines": [], "start_line": 217}, "logging_middleware.wrapper": {"executed_lines": [231, 232, 233, 234, 235, 236, 237, 238], "summary": {"covered_lines": 8, "num_statements": 8, "percent_covered": 100.0, "percent_covered_display": "100.00", "missing_lines": 0, "excluded_lines": 0, "percent_statements_covered": 100.0, "percent_statements_covered_display": "100.00"}, "missing_lines": [], "excluded_lines": [], "start_line": 230}, "": {"executed_lines": [8, 9, 10, 11, 13, 14, 15, 17, 18, 20, 23, 26, 71, 74, 105, 176, 195, 217], "summary": {"covered_lines": 18, "num_statements": 18, "percent_covered": 100.0, "percent_covered_display": "100.00", "missing_lines": 0, "excluded_lines": 0, "percent_statements_covered": 100.0, "percent_statements_covered_display": "100.00"}, "missing_lines": [], "excluded_lines": [], "start_line": 1}}, "classes": {"LoggingMiddleware": {"executed_lines": [37, 40, 51, 54, 55, 66, 68], "summary": {"covered_lines": 7, "num_statements": 7, "percent_covered": 100.0, "percent_covered_display": "100.00", "missing_lines": 0, "excluded_lines": 0, "percent_statements_covered": 100.0, "percent_statements_covered_display": "100.00"}, "missing_lines": [], "excluded_lines": [], "start_line": 23}, "AuthMiddleware": {"executed_lines": [86, 88, 89, 101, 102], "summary": {"covered_lines": 5, "num_statements": 5, "percent_covered": 100.0, "percent_covered_display": "100.00", "missing_lines": 0, "excluded_lines": 0, "percent_statements_covered": 100.0, "percent_statements_covered_display": "100.00"}, "missing_lines": [], "excluded_lines": [], "start_line": 71}, "": {"executed_lines": [8, 9, 10, 11, 13, 14, 15, 17, 18, 20, 23, 26, 71, 74, 105, 116, 117, 118, 120, 121, 122, 123, 124, 126, 127, 128, 129, 131, 142, 153, 157, 159, 160, 176, 184, 187, 190, 192, 195, 208, 209, 210, 212, 214, 217, 227, 229, 230, 231, 232, 233, 234, 235, 236, 237, 238, 240], "summary": {"covered_lines": 57, "num_statements": 57, "percent_covered": 100.0, "percent_covered_display": "100.00", "missing_lines": 0, "excluded_lines": 0, "percent_statements_covered": 100.0, "percent_statements_covered_display": "100.00"}, "missing_lines": [], "excluded_lines": [], "start_line": 1}}}, "src/generated/__init__.py": {"executed_lines": [], "summary": {"covered_lines": 0, "num_statements": 1, "percent_covered": 0.0, "percent_covered_display": "0.00", "missing_lines": 1, "excluded_lines": 0, "percent_statements_covered": 0.0, "percent_statements_covered_display": "0.00"}, "missing_lines": [14], "excluded_lines": [], "functions": {"": {"executed_lines": [], "summary": {"covered_lines": 0, "num_statements": 1, "percent_covered": 0.0, "percent_covered_display": "0.00", "missing_lines": 1, "excluded_lines": 0, "percent_statements_covered": 0.0, "percent_statements_covered_display": "0.00"}, "missing_lines": [14], "excluded_lines": [], "start_line": 1}}, "classes": {"": {"executed_lines": [], "summary": {"covered_lines": 0, "num_statements": 1, "percent_covered": 0.0, "percent_covered_display": "0.00", "missing_lines": 1, "excluded_lines": 0, "percent_statements_covered": 0.0, "percent_statements_covered_display": "0.00"}, "missing_lines": [14], "excluded_lines": [], "start_line": 1}}}}, "totals": {"covered_lines": 8142, "num_statements": 8458, "percent_covered": 96.26389217309057, "percent_covered_display": "96.26", "missing_lines": 316, "excluded_lines": 168, "percent_statements_covered": 96.26389217309057, "percent_statements_covered_display": "96.26"}}