{"meta": {"format": 3, "version": "7.13.1", "timestamp": "2026-02-18T15:35:27.135213", "branch_coverage": false, "show_contexts": false}, "files": {"src/core/otel_integration/__init__.py": {"executed_lines": [8, 14, 19, 20, 21, 27], "summary": {"covered_lines": 6, "num_statements": 6, "percent_covered": 100.0, "percent_covered_display": "100.00", "missing_lines": 0, "excluded_lines": 0, "percent_statements_covered": 100.0, "percent_statements_covered_display": "100.00"}, "missing_lines": [], "excluded_lines": [], "functions": {"": {"executed_lines": [8, 14, 19, 20, 21, 27], "summary": {"covered_lines": 6, "num_statements": 6, "percent_covered": 100.0, "percent_covered_display": "100.00", "missing_lines": 0, "excluded_lines": 0, "percent_statements_covered": 100.0, "percent_statements_covered_display": "100.00"}, "missing_lines": [], "excluded_lines": [], "start_line": 1}}, "classes": {"": {"executed_lines": [8, 14, 19, 20, 21, 27], "summary": {"covered_lines": 6, "num_statements": 6, "percent_covered": 100.0, "percent_covered_display": "100.00", "missing_lines": 0, "excluded_lines": 0, "percent_statements_covered": 100.0, "percent_statements_covered_display": "100.00"}, "missing_lines": [], "excluded_lines": [], "start_line": 1}}}, "src/core/otel_integration/context_propagation.py": {"executed_lines": [7, 8, 10, 11, 12, 14, 21, 23, 26, 29, 31, 33, 38, 41, 46, 47, 50, 60, 63, 64, 65, 71, 81, 84, 85, 86, 92, 99, 102, 103, 104, 115, 116, 117], "summary": {"covered_lines": 34, "num_statements": 57, "percent_covered": 59.64912280701754, "percent_covered_display": "59.65", "missing_lines": 23, "excluded_lines": 0, "percent_statements_covered": 59.64912280701754, "percent_statements_covered_display": "59.65"}, "missing_lines": [15, 16, 17, 18, 19, 35, 43, 61, 66, 67, 68, 82, 87, 88, 89, 100, 105, 107, 108, 109, 112, 113, 114], "excluded_lines": [], "functions": {"DictGetter.get": {"executed_lines": [31], "summary": {"covered_lines": 1, "num_statements": 1, "percent_covered": 100.0, "percent_covered_display": "100.00", "missing_lines": 0, "excluded_lines": 0, "percent_statements_covered": 100.0, "percent_statements_covered_display": "100.00"}, "missing_lines": [], "excluded_lines": [], "start_line": 29}, "DictGetter.keys": {"executed_lines": [], "summary": {"covered_lines": 0, "num_statements": 1, "percent_covered": 0.0, "percent_covered_display": "0.00", "missing_lines": 1, "excluded_lines": 0, "percent_statements_covered": 0.0, "percent_statements_covered_display": "0.00"}, "missing_lines": [35], "excluded_lines": [], "start_line": 33}, "DictSetter.set": {"executed_lines": [], "summary": {"covered_lines": 0, "num_statements": 1, "percent_covered": 0.0, "percent_covered_display": "0.00", "missing_lines": 1, "excluded_lines": 0, "percent_statements_covered": 0.0, "percent_statements_covered_display": "0.00"}, "missing_lines": [43], "excluded_lines": [], "start_line": 41}, "inject_trace_context": {"executed_lines": [60, 63, 64, 65], "summary": {"covered_lines": 4, "num_statements": 8, "percent_covered": 50.0, "percent_covered_display": "50.00", "missing_lines": 4, "excluded_lines": 0, "percent_statements_covered": 50.0, "percent_statements_covered_display": "50.00"}, "missing_lines": [61, 66, 67, 68], "excluded_lines": [], "start_line": 50}, "extract_trace_context": {"executed_lines": [81, 84, 85, 86], "summary": {"covered_lines": 4, "num_statements": 8, "percent_covered": 50.0, "percent_covered_display": "50.00", "missing_lines": 4, "excluded_lines": 0, "percent_statements_covered": 50.0, "percent_statements_covered_display": "50.00"}, "missing_lines": [82, 87, 88, 89], "excluded_lines": [], "start_line": 71}, "get_trace_context": {"executed_lines": [99, 102, 103, 104, 115, 116, 117], "summary": {"covered_lines": 7, "num_statements": 15, "percent_covered": 46.666666666666664, "percent_covered_display": "46.67", "missing_lines": 8, "excluded_lines": 0, "percent_statements_covered": 46.666666666666664, "percent_statements_covered_display": "46.67"}, "missing_lines": [100, 105, 107, 108, 109, 112, 113, 114], "excluded_lines": [], "start_line": 92}, "": {"executed_lines": [7, 8, 10, 11, 12, 14, 21, 23, 26, 29, 33, 38, 41, 46, 47, 50, 71, 92], "summary": {"covered_lines": 18, "num_statements": 23, "percent_covered": 78.26086956521739, "percent_covered_display": "78.26", "missing_lines": 5, "excluded_lines": 0, "percent_statements_covered": 78.26086956521739, "percent_statements_covered_display": "78.26"}, "missing_lines": [15, 16, 17, 18, 19], "excluded_lines": [], "start_line": 1}}, "classes": {"DictGetter": {"executed_lines": [31], "summary": {"covered_lines": 1, "num_statements": 2, "percent_covered": 50.0, "percent_covered_display": "50.00", "missing_lines": 1, "excluded_lines": 0, "percent_statements_covered": 50.0, "percent_statements_covered_display": "50.00"}, "missing_lines": [35], "excluded_lines": [], "start_line": 26}, "DictSetter": {"executed_lines": [], "summary": {"covered_lines": 0, "num_statements": 1, "percent_covered": 0.0, "percent_covered_display": "0.00", "missing_lines": 1, "excluded_lines": 0, "percent_statements_covered": 0.0, "percent_statements_covered_display": "0.00"}, "missing_lines": [43], "excluded_lines": [], "start_line": 38}, "": {"executed_lines": [7, 8, 10, 11, 12, 14, 21, 23, 26, 29, 33, 38, 41, 46, 47, 50, 60, 63, 64, 65, 71, 81, 84, 85, 86, 92, 99, 102, 103, 104, 115, 116, 117], "summary": {"covered_lines": 33, "num_statements": 54, "percent_covered": 61.111111111111114, "percent_covered_display": "61.11", "missing_lines": 21, "excluded_lines": 0, "percent_statements_covered": 61.111111111111114, "percent_statements_covered_display": "61.11"}, "missing_lines": [15, 16, 17, 18, 19, 61, 66, 67, 68, 82, 87, 88, 89, 100, 105, 107, 108, 109, 112, 113, 114], "excluded_lines": [], "start_line": 1}}}, "src/core/otel_integration/exceptions.py": {"executed_lines": [7, 9, 12, 15, 29, 30, 31, 32, 35, 38, 52, 53, 56, 59, 73, 74, 77, 80, 94, 95], "summary": {"covered_lines": 20, "num_statements": 20, "percent_covered": 100.0, "percent_covered_display": "100.00", "missing_lines": 0, "excluded_lines": 0, "percent_statements_covered": 100.0, "percent_statements_covered_display": "100.00"}, "missing_lines": [], "excluded_lines": [], "functions": {"OTELError.__init__": {"executed_lines": [29, 30, 31, 32], "summary": {"covered_lines": 4, "num_statements": 4, "percent_covered": 100.0, "percent_covered_display": "100.00", "missing_lines": 0, "excluded_lines": 0, "percent_statements_covered": 100.0, "percent_statements_covered_display": "100.00"}, "missing_lines": [], "excluded_lines": [], "start_line": 15}, "OTELTracingError.__init__": {"executed_lines": [52, 53], "summary": {"covered_lines": 2, "num_statements": 2, "percent_covered": 100.0, "percent_covered_display": "100.00", "missing_lines": 0, "excluded_lines": 0, "percent_statements_covered": 100.0, "percent_statements_covered_display": "100.00"}, "missing_lines": [], "excluded_lines": [], "start_line": 38}, "OTELMetricsError.__init__": {"executed_lines": [73, 74], "summary": {"covered_lines": 2, "num_statements": 2, "percent_covered": 100.0, "percent_covered_display": "100.00", "missing_lines": 0, "excluded_lines": 0, "percent_statements_covered": 100.0, "percent_statements_covered_display": "100.00"}, "missing_lines": [], "excluded_lines": [], "start_line": 59}, "OTELContextError.__init__": {"executed_lines": [94, 95], "summary": {"covered_lines": 2, "num_statements": 2, "percent_covered": 100.0, "percent_covered_display": "100.00", "missing_lines": 0, "excluded_lines": 0, "percent_statements_covered": 100.0, "percent_statements_covered_display": "100.00"}, "missing_lines": [], "excluded_lines": [], "start_line": 80}, "": {"executed_lines": [7, 9, 12, 15, 35, 38, 56, 59, 77, 80], "summary": {"covered_lines": 10, "num_statements": 10, "percent_covered": 100.0, "percent_covered_display": "100.00", "missing_lines": 0, "excluded_lines": 0, "percent_statements_covered": 100.0, "percent_statements_covered_display": "100.00"}, "missing_lines": [], "excluded_lines": [], "start_line": 1}}, "classes": {"OTELError": {"executed_lines": [29, 30, 31, 32], "summary": {"covered_lines": 4, "num_statements": 4, "percent_covered": 100.0, "percent_covered_display": "100.00", "missing_lines": 0, "excluded_lines": 0, "percent_statements_covered": 100.0, "percent_statements_covered_display": "100.00"}, "missing_lines": [], "excluded_lines": [], "start_line": 12}, "OTELTracingError": {"executed_lines": [52, 53], "summary": {"covered_lines": 2, "num_statements": 2, "percent_covered": 100.0, "percent_covered_display": "100.00", "missing_lines": 0, "excluded_lines": 0, "percent_statements_covered": 100.0, "percent_statements_covered_display": "100.00"}, "missing_lines": [], "excluded_lines": [], "start_line": 35}, "OTELMetricsError": {"executed_lines": [73, 74], "summary": {"covered_lines": 2, "num_statements": 2, "percent_covered": 100.0, "percent_covered_display": "100.00", "missing_lines": 0, "excluded_lines": 0, "percent_statements_covered": 100.0, "percent_statements_covered_display": "100.00"}, "missing_lines": [], "excluded_lines": [], "start_line": 56}, "OTELContextError": {"executed_lines": [94, 95], "summary": {"covered_lines": 2, "num_statements": 2, "percent_covered": 100.0, "percent_covered_display": "100.00", "missing_lines": 0, "excluded_lines": 0, "percent_statements_covered": 100.0, "percent_statements_covered_display": "100.00"}, "missing_lines": [], "excluded_lines": [], "start_line": 77}, "": {"executed_lines": [7, 9, 12, 15, 35, 38, 56, 59, 77, 80], "summary": {"covered_lines": 10, "num_statements": 10, "percent_covered": 100.0, "percent_covered_display": "100.00", "missing_lines": 0, "excluded_lines": 0, "percent_statements_covered": 100.0, "percent_statements_covered_display": "100.00"}, "missing_lines": [], "excluded_lines": [], "start_line": 1}}}, "src/core/otel_integration/functions.py": {"executed_lines": [7, 9, 10, 11, 18, 39, 40, 42, 58, 60, 61, 64, 84, 85, 87, 103, 105, 106, 109, 122], "summary": {"covered_lines": 20, "num_statements": 40, "percent_covered": 50.0, "percent_covered_display": "50.00", "missing_lines": 20, "excluded_lines": 0, "percent_statements_covered": 50.0, "percent_statements_covered_display": "50.00"}, "missing_lines": [43, 44, 46, 47, 49, 50, 52, 53, 56, 57, 88, 89, 91, 92, 94, 95, 97, 98, 101, 102], "excluded_lines": [], "functions": {"create_otel_tracer": {"executed_lines": [39, 40, 42, 58, 60, 61], "summary": {"covered_lines": 6, "num_statements": 16, "percent_covered": 37.5, "percent_covered_display": "37.50", "missing_lines": 10, "excluded_lines": 0, "percent_statements_covered": 37.5, "percent_statements_covered_display": "37.50"}, "missing_lines": [43, 44, 46, 47, 49, 50, 52, 53, 56, 57], "excluded_lines": [], "start_line": 18}, "create_otel_metrics": {"executed_lines": [84, 85, 87, 103, 105, 106], "summary": {"covered_lines": 6, "num_statements": 16, "percent_covered": 37.5, "percent_covered_display": "37.50", "missing_lines": 10, "excluded_lines": 0, "percent_statements_covered": 37.5, "percent_statements_covered_display": "37.50"}, "missing_lines": [88, 89, 91, 92, 94, 95, 97, 98, 101, 102], "excluded_lines": [], "start_line": 64}, "get_current_trace_context": {"executed_lines": [122], "summary": {"covered_lines": 1, "num_statements": 1, "percent_covered": 100.0, "percent_covered_display": "100.00", "missing_lines": 0, "excluded_lines": 0, "percent_statements_covered": 100.0, "percent_statements_covered_display": "100.00"}, "missing_lines": [], "excluded_lines": [], "start_line": 109}, "": {"executed_lines": [7, 9, 10, 11, 18, 64, 109], "summary": {"covered_lines": 7, "num_statements": 7, "percent_covered": 100.0, "percent_covered_display": "100.00", "missing_lines": 0, "excluded_lines": 0, "percent_statements_covered": 100.0, "percent_statements_covered_display": "100.00"}, "missing_lines": [], "excluded_lines": [], "start_line": 1}}, "classes": {"": {"executed_lines": [7, 9, 10, 11, 18, 39, 40, 42, 58, 60, 61, 64, 84, 85, 87, 103, 105, 106, 109, 122], "summary": {"covered_lines": 20, "num_statements": 40, "percent_covered": 50.0, "percent_covered_display": "50.00", "missing_lines": 20, "excluded_lines": 0, "percent_statements_covered": 50.0, "percent_statements_covered_display": "50.00"}, "missing_lines": [43, 44, 46, 47, 49, 50, 52, 53, 56, 57, 88, 89, 91, 92, 94, 95, 97, 98, 101, 102], "excluded_lines": [], "start_line": 1}}}, "src/core/otel_integration/otel_metrics.py": {"executed_lines": [7, 8, 10, 11, 12, 18, 19, 20, 22, 24, 27, 34, 48, 49, 50, 51, 52, 53, 55, 84, 85, 86, 87, 89, 103, 104, 113, 118, 132, 133, 142, 147, 161, 162, 176], "summary": {"covered_lines": 35, "num_statements": 74, "percent_covered": 47.2972972972973, "percent_covered_display": "47.30", "missing_lines": 39, "excluded_lines": 0, "percent_statements_covered": 47.2972972972973, "percent_statements_covered_display": "47.30"}, "missing_lines": [13, 14, 15, 17, 56, 58, 64, 67, 70, 73, 76, 77, 78, 79, 80, 81, 82, 105, 106, 110, 111, 114, 115, 116, 134, 135, 139, 140, 143, 144, 145, 163, 164, 171, 172, 174, 177, 178, 179], "excluded_lines": [], "functions": {"OTELMetrics.__init__": {"executed_lines": [48, 49, 50, 51, 52, 53, 55, 84, 85, 86, 87], "summary": {"covered_lines": 11, "num_statements": 24, "percent_covered": 45.833333333333336, "percent_covered_display": "45.83", "missing_lines": 13, "excluded_lines": 0, "percent_statements_covered": 45.833333333333336, "percent_statements_covered_display": "45.83"}, "missing_lines": [56, 58, 64, 67, 70, 73, 76, 77, 78, 79, 80, 81, 82], "excluded_lines": [], "start_line": 34}, "OTELMetrics.increment_counter": {"executed_lines": [103, 104, 113], "summary": {"covered_lines": 3, "num_statements": 10, "percent_covered": 30.0, "percent_covered_display": "30.00", "missing_lines": 7, "excluded_lines": 0, "percent_statements_covered": 30.0, "percent_statements_covered_display": "30.00"}, "missing_lines": [105, 106, 110, 111, 114, 115, 116], "excluded_lines": [], "start_line": 89}, "OTELMetrics.record_histogram": {"executed_lines": [132, 133, 142], "summary": {"covered_lines": 3, "num_statements": 10, "percent_covered": 30.0, "percent_covered_display": "30.00", "missing_lines": 7, "excluded_lines": 0, "percent_statements_covered": 30.0, "percent_statements_covered_display": "30.00"}, "missing_lines": [134, 135, 139, 140, 143, 144, 145], "excluded_lines": [], "start_line": 118}, "OTELMetrics.set_gauge": {"executed_lines": [161, 162, 176], "summary": {"covered_lines": 3, "num_statements": 11, "percent_covered": 27.272727272727273, "percent_covered_display": "27.27", "missing_lines": 8, "excluded_lines": 0, "percent_statements_covered": 27.272727272727273, "percent_statements_covered_display": "27.27"}, "missing_lines": [163, 164, 171, 172, 174, 177, 178, 179], "excluded_lines": [], "start_line": 147}, "": {"executed_lines": [7, 8, 10, 11, 12, 18, 19, 20, 22, 24, 27, 34, 89, 118, 147], "summary": {"covered_lines": 15, "num_statements": 19, "percent_covered": 78.94736842105263, "percent_covered_display": "78.95", "missing_lines": 4, "excluded_lines": 0, "percent_statements_covered": 78.94736842105263, "percent_statements_covered_display": "78.95"}, "missing_lines": [13, 14, 15, 17], "excluded_lines": [], "start_line": 1}}, "classes": {"OTELMetrics": {"executed_lines": [48, 49, 50, 51, 52, 53, 55, 84, 85, 86, 87, 103, 104, 113, 132, 133, 142, 161, 162, 176], "summary": {"covered_lines": 20, "num_statements": 55, "percent_covered": 36.36363636363637, "percent_covered_display": "36.36", "missing_lines": 35, "excluded_lines": 0, "percent_statements_covered": 36.36363636363637, "percent_statements_covered_display": "36.36"}, "missing_lines": [56, 58, 64, 67, 70, 73, 76, 77, 78, 79, 80, 81, 82, 105, 106, 110, 111, 114, 115, 116, 134, 135, 139, 140, 143, 144, 145, 163, 164, 171, 172, 174, 177, 178, 179], "excluded_lines": [], "start_line": 27}, "": {"executed_lines": [7, 8, 10, 11, 12, 18, 19, 20, 22, 24, 27, 34, 89, 118, 147], "summary": {"covered_lines": 15, "num_statements": 19, "percent_covered": 78.94736842105263, "percent_covered_display": "78.95", "missing_lines": 4, "excluded_lines": 0, "percent_statements_covered": 78.94736842105263, "percent_statements_covered_display": "78.95"}, "missing_lines": [13, 14, 15, 17], "excluded_lines": [], "start_line": 1}}}, "src/core/otel_integration/otel_tracer.py": {"executed_lines": [7, 8, 9, 11, 12, 13, 20, 21, 23, 24, 25, 27, 29, 32, 39, 53, 54, 55, 57, 86, 87, 88, 89, 91, 92, 103, 104, 105, 106, 107, 108, 109, 111, 113, 132, 133, 169, 176, 177, 188, 195, 209, 210, 211, 212, 214, 222, 223, 229, 237, 243, 251, 257, 265, 272, 274, 275, 277, 278, 284, 286, 288, 290, 291, 292, 294], "summary": {"covered_lines": 66, "num_statements": 131, "percent_covered": 50.38167938931298, "percent_covered_display": "50.38", "missing_lines": 65, "excluded_lines": 0, "percent_statements_covered": 50.38167938931298, "percent_statements_covered_display": "50.38"}, "missing_lines": [14, 15, 16, 17, 19, 58, 60, 66, 69, 72, 75, 78, 79, 80, 81, 82, 83, 84, 135, 137, 138, 139, 146, 149, 150, 151, 154, 155, 157, 160, 161, 162, 164, 165, 166, 167, 179, 180, 181, 182, 183, 184, 185, 224, 225, 226, 227, 238, 239, 240, 241, 252, 253, 254, 255, 266, 267, 268, 269, 270, 279, 280, 281, 282, 293], "excluded_lines": [], "functions": {"OTELTracer.__init__": {"executed_lines": [53, 54, 55, 57, 86, 87, 88, 89], "summary": {"covered_lines": 8, "num_statements": 21, "percent_covered": 38.095238095238095, "percent_covered_display": "38.10", "missing_lines": 13, "excluded_lines": 0, "percent_statements_covered": 38.095238095238095, "percent_statements_covered_display": "38.10"}, "missing_lines": [58, 60, 66, 69, 72, 75, 78, 79, 80, 81, 82, 83, 84], "excluded_lines": [], "start_line": 39}, "OTELTracer.start_trace": {"executed_lines": [103, 104, 105, 106, 107, 108, 109, 111], "summary": {"covered_lines": 8, "num_statements": 8, "percent_covered": 100.0, "percent_covered_display": "100.00", "missing_lines": 0, "excluded_lines": 0, "percent_statements_covered": 100.0, "percent_statements_covered_display": "100.00"}, "missing_lines": [], "excluded_lines": [], "start_line": 92}, "OTELTracer.start_span": {"executed_lines": [132, 133], "summary": {"covered_lines": 2, "num_statements": 20, "percent_covered": 10.0, "percent_covered_display": "10.00", "missing_lines": 18, "excluded_lines": 0, "percent_statements_covered": 10.0, "percent_statements_covered_display": "10.00"}, "missing_lines": [135, 137, 138, 139, 146, 149, 150, 151, 154, 155, 157, 160, 161, 162, 164, 165, 166, 167], "excluded_lines": [], "start_line": 113}, "OTELTracer.get_current_span": {"executed_lines": [176, 177], "summary": {"covered_lines": 2, "num_statements": 9, "percent_covered": 22.22222222222222, "percent_covered_display": "22.22", "missing_lines": 7, "excluded_lines": 0, "percent_statements_covered": 22.22222222222222, "percent_statements_covered_display": "22.22"}, "missing_lines": [179, 180, 181, 182, 183, 184, 185], "excluded_lines": [], "start_line": 169}, "OTELSpan.__init__": {"executed_lines": [209, 210, 211, 212], "summary": {"covered_lines": 4, "num_statements": 4, "percent_covered": 100.0, "percent_covered_display": "100.00", "missing_lines": 0, "excluded_lines": 0, "percent_statements_covered": 100.0, "percent_statements_covered_display": "100.00"}, "missing_lines": [], "excluded_lines": [], "start_line": 195}, "OTELSpan.set_attribute": {"executed_lines": [222, 223], "summary": {"covered_lines": 2, "num_statements": 6, "percent_covered": 33.333333333333336, "percent_covered_display": "33.33", "missing_lines": 4, "excluded_lines": 0, "percent_statements_covered": 33.333333333333336, "percent_statements_covered_display": "33.33"}, "missing_lines": [224, 225, 226, 227], "excluded_lines": [], "start_line": 214}, "OTELSpan.add_event": {"executed_lines": [237], "summary": {"covered_lines": 1, "num_statements": 5, "percent_covered": 20.0, "percent_covered_display": "20.00", "missing_lines": 4, "excluded_lines": 0, "percent_statements_covered": 20.0, "percent_statements_covered_display": "20.00"}, "missing_lines": [238, 239, 240, 241], "excluded_lines": [], "start_line": 229}, "OTELSpan.record_exception": {"executed_lines": [251], "summary": {"covered_lines": 1, "num_statements": 5, "percent_covered": 20.0, "percent_covered_display": "20.00", "missing_lines": 4, "excluded_lines": 0, "percent_statements_covered": 20.0, "percent_statements_covered_display": "20.00"}, "missing_lines": [252, 253, 254, 255], "excluded_lines": [], "start_line": 243}, "OTELSpan.set_status": {"executed_lines": [265], "summary": {"covered_lines": 1, "num_statements": 6, "percent_covered": 16.666666666666668, "percent_covered_display": "16.67", "missing_lines": 5, "excluded_lines": 0, "percent_statements_covered": 16.666666666666668, "percent_statements_covered_display": "16.67"}, "missing_lines": [266, 267, 268, 269, 270], "excluded_lines": [], "start_line": 257}, "OTELSpan.end": {"executed_lines": [274, 275, 277, 278], "summary": {"covered_lines": 4, "num_statements": 8, "percent_covered": 50.0, "percent_covered_display": "50.00", "missing_lines": 4, "excluded_lines": 0, "percent_statements_covered": 50.0, "percent_statements_covered_display": "50.00"}, "missing_lines": [279, 280, 281, 282], "excluded_lines": [], "start_line": 272}, "OTELSpan.__enter__": {"executed_lines": [286], "summary": {"covered_lines": 1, "num_statements": 1, "percent_covered": 100.0, "percent_covered_display": "100.00", "missing_lines": 0, "excluded_lines": 0, "percent_statements_covered": 100.0, "percent_statements_covered_display": "100.00"}, "missing_lines": [], "excluded_lines": [], "start_line": 284}, "OTELSpan.__exit__": {"executed_lines": [290, 291, 292, 294], "summary": {"covered_lines": 4, "num_statements": 5, "percent_covered": 80.0, "percent_covered_display": "80.00", "missing_lines": 1, "excluded_lines": 0, "percent_statements_covered": 80.0, "percent_statements_covered_display": "80.00"}, "missing_lines": [293], "excluded_lines": [], "start_line": 288}, "": {"executed_lines": [7, 8, 9, 11, 12, 13, 20, 21, 23, 24, 25, 27, 29, 32, 39, 91, 92, 113, 169, 188, 195, 214, 229, 243, 257, 272, 284, 288], "summary": {"covered_lines": 28, "num_statements": 33, "percent_covered": 84.84848484848484, "percent_covered_display": "84.85", "missing_lines": 5, "excluded_lines": 0, "percent_statements_covered": 84.84848484848484, "percent_statements_covered_display": "84.85"}, "missing_lines": [14, 15, 16, 17, 19], "excluded_lines": [], "start_line": 1}}, "classes": {"OTELTracer": {"executed_lines": [53, 54, 55, 57, 86, 87, 88, 89, 103, 104, 105, 106, 107, 108, 109, 111, 132, 133, 176, 177], "summary": {"covered_lines": 20, "num_statements": 58, "percent_covered": 34.48275862068966, "percent_covered_display": "34.48", "missing_lines": 38, "excluded_lines": 0, "percent_statements_covered": 34.48275862068966, "percent_statements_covered_display": "34.48"}, "missing_lines": [58, 60, 66, 69, 72, 75, 78, 79, 80, 81, 82, 83, 84, 135, 137, 138, 139, 146, 149, 150, 151, 154, 155, 157, 160, 161, 162, 164, 165, 166, 167, 179, 180, 181, 182, 183, 184, 185], "excluded_lines": [], "start_line": 32}, "OTELSpan": {"executed_lines": [209, 210, 211, 212, 222, 223, 237, 251, 265, 274, 275, 277, 278, 286, 290, 291, 292, 294], "summary": {"covered_lines": 18, "num_statements": 40, "percent_covered": 45.0, "percent_covered_display": "45.00", "missing_lines": 22, "excluded_lines": 0, "percent_statements_covered": 45.0, "percent_statements_covered_display": "45.00"}, "missing_lines": [224, 225, 226, 227, 238, 239, 240, 241, 252, 253, 254, 255, 266, 267, 268, 269, 270, 279, 280, 281, 282, 293], "excluded_lines": [], "start_line": 188}, "": {"executed_lines": [7, 8, 9, 11, 12, 13, 20, 21, 23, 24, 25, 27, 29, 32, 39, 91, 92, 113, 169, 188, 195, 214, 229, 243, 257, 272, 284, 288], "summary": {"covered_lines": 28, "num_statements": 33, "percent_covered": 84.84848484848484, "percent_covered_display": "84.85", "missing_lines": 5, "excluded_lines": 0, "percent_statements_covered": 84.84848484848484, "percent_statements_covered_display": "84.85"}, "missing_lines": [14, 15, 16, 17, 19], "excluded_lines": [], "start_line": 1}}}}, "totals": {"covered_lines": 181, "num_statements": 328, "percent_covered": 55.18292682926829, "percent_covered_display": "55.18", "missing_lines": 147, "excluded_lines": 0, "percent_statements_covered": 55.18292682926829, "percent_statements_covered_display": "55.18"}}